[0.033s] Invoking command in '/home/yap_han/colcon_ws/build/turtlebot3_navigation2': CMAKE_PREFIX_PATH=${CMAKE_PREFIX_PATH}:/home/yap_han/colcon_ws/install/turtlebot3_teleop:/home/yap_han/colcon_ws/install/turtlebot3_example:/home/yap_han/colcon_ws/install/py_pubsub:/home/yap_han/colcon_ws/install/explore_lite:/home/yap_han/colcon_ws/install/nav2_simple_commander:/home/yap_han/colcon_ws/install/auto_nav:/home/yap_han/install/auto_nav:/opt/ros/humble /usr/bin/cmake /home/yap_han/colcon_ws/src/turtlebot3/turtlebot3_navigation2 -DCMAKE_INSTALL_PREFIX=/home/yap_han/colcon_ws/install/turtlebot3_navigation2
[0.313s] -- The C compiler identification is GNU 11.4.0
[0.313s] -- The CXX compiler identification is GNU 11.4.0
[0.313s] -- Detecting C compiler ABI info
[0.313s] -- Detecting C compiler ABI info - done
[0.313s] -- Check for working C compiler: /usr/bin/cc - skipped
[0.313s] -- Detecting C compile features
[0.313s] -- Detecting C compile features - done
[0.313s] -- Detecting CXX compiler ABI info
[0.313s] -- Detecting CXX compiler ABI info - done
[0.313s] -- Check for working CXX compiler: /usr/bin/c++ - skipped
[0.313s] -- Detecting CXX compile features
[0.313s] -- Detecting CXX compile features - done
[0.313s] -- Found ament_cmake: 1.3.11 (/opt/ros/humble/share/ament_cmake/cmake)
[0.675s] -- Found Python3: /usr/bin/python3 (found version "3.10.12") found components: Interpreter 
[0.853s] -- Configuring done
[0.856s] -- Generating done
[0.860s] -- Build files have been written to: /home/yap_han/colcon_ws/build/turtlebot3_navigation2
[0.873s] Invoked command in '/home/yap_han/colcon_ws/build/turtlebot3_navigation2' returned '0': CMAKE_PREFIX_PATH=${CMAKE_PREFIX_PATH}:/home/yap_han/colcon_ws/install/turtlebot3_teleop:/home/yap_han/colcon_ws/install/turtlebot3_example:/home/yap_han/colcon_ws/install/py_pubsub:/home/yap_han/colcon_ws/install/explore_lite:/home/yap_han/colcon_ws/install/nav2_simple_commander:/home/yap_han/colcon_ws/install/auto_nav:/home/yap_han/install/auto_nav:/opt/ros/humble /usr/bin/cmake /home/yap_han/colcon_ws/src/turtlebot3/turtlebot3_navigation2 -DCMAKE_INSTALL_PREFIX=/home/yap_han/colcon_ws/install/turtlebot3_navigation2
[0.873s] Invoking command in '/home/yap_han/colcon_ws/build/turtlebot3_navigation2': CMAKE_PREFIX_PATH=${CMAKE_PREFIX_PATH}:/home/yap_han/colcon_ws/install/turtlebot3_teleop:/home/yap_han/colcon_ws/install/turtlebot3_example:/home/yap_han/colcon_ws/install/py_pubsub:/home/yap_han/colcon_ws/install/explore_lite:/home/yap_han/colcon_ws/install/nav2_simple_commander:/home/yap_han/colcon_ws/install/auto_nav:/home/yap_han/install/auto_nav:/opt/ros/humble /usr/bin/cmake --build /home/yap_han/colcon_ws/build/turtlebot3_navigation2 -- -j18 -l18
[0.918s] Invoked command in '/home/yap_han/colcon_ws/build/turtlebot3_navigation2' returned '0': CMAKE_PREFIX_PATH=${CMAKE_PREFIX_PATH}:/home/yap_han/colcon_ws/install/turtlebot3_teleop:/home/yap_han/colcon_ws/install/turtlebot3_example:/home/yap_han/colcon_ws/install/py_pubsub:/home/yap_han/colcon_ws/install/explore_lite:/home/yap_han/colcon_ws/install/nav2_simple_commander:/home/yap_han/colcon_ws/install/auto_nav:/home/yap_han/install/auto_nav:/opt/ros/humble /usr/bin/cmake --build /home/yap_han/colcon_ws/build/turtlebot3_navigation2 -- -j18 -l18
[0.920s] Invoking command in '/home/yap_han/colcon_ws/build/turtlebot3_navigation2': CMAKE_PREFIX_PATH=${CMAKE_PREFIX_PATH}:/home/yap_han/colcon_ws/install/turtlebot3_teleop:/home/yap_han/colcon_ws/install/turtlebot3_example:/home/yap_han/colcon_ws/install/py_pubsub:/home/yap_han/colcon_ws/install/explore_lite:/home/yap_han/colcon_ws/install/nav2_simple_commander:/home/yap_han/colcon_ws/install/auto_nav:/home/yap_han/install/auto_nav:/opt/ros/humble /usr/bin/cmake --install /home/yap_han/colcon_ws/build/turtlebot3_navigation2
[0.933s] -- Install configuration: ""
[0.933s] -- Installing: /home/yap_han/colcon_ws/install/turtlebot3_navigation2/share/turtlebot3_navigation2/launch
[0.933s] -- Installing: /home/yap_han/colcon_ws/install/turtlebot3_navigation2/share/turtlebot3_navigation2/launch/navigation2.launch.py
[0.933s] -- Installing: /home/yap_han/colcon_ws/install/turtlebot3_navigation2/share/turtlebot3_navigation2/map
[0.933s] -- Installing: /home/yap_han/colcon_ws/install/turtlebot3_navigation2/share/turtlebot3_navigation2/map/map.yaml
[0.933s] -- Installing: /home/yap_han/colcon_ws/install/turtlebot3_navigation2/share/turtlebot3_navigation2/map/map.pgm
[0.934s] -- Installing: /home/yap_han/colcon_ws/install/turtlebot3_navigation2/share/turtlebot3_navigation2/param
[0.934s] -- Installing: /home/yap_han/colcon_ws/install/turtlebot3_navigation2/share/turtlebot3_navigation2/param/waffle_pi.yaml
[0.934s] -- Installing: /home/yap_han/colcon_ws/install/turtlebot3_navigation2/share/turtlebot3_navigation2/param/waffle.yaml
[0.935s] -- Installing: /home/yap_han/colcon_ws/install/turtlebot3_navigation2/share/turtlebot3_navigation2/param/burger.yaml
[0.935s] -- Installing: /home/yap_han/colcon_ws/install/turtlebot3_navigation2/share/turtlebot3_navigation2/rviz
[0.935s] -- Installing: /home/yap_han/colcon_ws/install/turtlebot3_navigation2/share/turtlebot3_navigation2/rviz/tb3_navigation2.rviz
[0.936s] -- Installing: /home/yap_han/colcon_ws/install/turtlebot3_navigation2/share/ament_index/resource_index/package_run_dependencies/turtlebot3_navigation2
[0.936s] -- Installing: /home/yap_han/colcon_ws/install/turtlebot3_navigation2/share/ament_index/resource_index/parent_prefix_path/turtlebot3_navigation2
[0.936s] -- Installing: /home/yap_han/colcon_ws/install/turtlebot3_navigation2/share/turtlebot3_navigation2/environment/ament_prefix_path.sh
[0.936s] -- Installing: /home/yap_han/colcon_ws/install/turtlebot3_navigation2/share/turtlebot3_navigation2/environment/ament_prefix_path.dsv
[0.936s] -- Installing: /home/yap_han/colcon_ws/install/turtlebot3_navigation2/share/turtlebot3_navigation2/environment/path.sh
[0.936s] -- Installing: /home/yap_han/colcon_ws/install/turtlebot3_navigation2/share/turtlebot3_navigation2/environment/path.dsv
[0.936s] -- Installing: /home/yap_han/colcon_ws/install/turtlebot3_navigation2/share/turtlebot3_navigation2/local_setup.bash
[0.936s] -- Installing: /home/yap_han/colcon_ws/install/turtlebot3_navigation2/share/turtlebot3_navigation2/local_setup.sh
[0.936s] -- Installing: /home/yap_han/colcon_ws/install/turtlebot3_navigation2/share/turtlebot3_navigation2/local_setup.zsh
[0.936s] -- Installing: /home/yap_han/colcon_ws/install/turtlebot3_navigation2/share/turtlebot3_navigation2/local_setup.dsv
[0.936s] -- Installing: /home/yap_han/colcon_ws/install/turtlebot3_navigation2/share/turtlebot3_navigation2/package.dsv
[0.937s] -- Installing: /home/yap_han/colcon_ws/install/turtlebot3_navigation2/share/ament_index/resource_index/packages/turtlebot3_navigation2
[0.937s] -- Installing: /home/yap_han/colcon_ws/install/turtlebot3_navigation2/share/turtlebot3_navigation2/cmake/turtlebot3_navigation2Config.cmake
[0.937s] -- Installing: /home/yap_han/colcon_ws/install/turtlebot3_navigation2/share/turtlebot3_navigation2/cmake/turtlebot3_navigation2Config-version.cmake
[0.937s] -- Installing: /home/yap_han/colcon_ws/install/turtlebot3_navigation2/share/turtlebot3_navigation2/package.xml
[0.940s] Invoked command in '/home/yap_han/colcon_ws/build/turtlebot3_navigation2' returned '0': CMAKE_PREFIX_PATH=${CMAKE_PREFIX_PATH}:/home/yap_han/colcon_ws/install/turtlebot3_teleop:/home/yap_han/colcon_ws/install/turtlebot3_example:/home/yap_han/colcon_ws/install/py_pubsub:/home/yap_han/colcon_ws/install/explore_lite:/home/yap_han/colcon_ws/install/nav2_simple_commander:/home/yap_han/colcon_ws/install/auto_nav:/home/yap_han/install/auto_nav:/opt/ros/humble /usr/bin/cmake --install /home/yap_han/colcon_ws/build/turtlebot3_navigation2
