[0.049s] Invoking command in '/home/yap_han/colcon_ws/src/build/turtlebot3_cartographer': CMAKE_PREFIX_PATH=${CMAKE_PREFIX_PATH}:/home/yap_han/colcon_ws/install/turtlebot3_teleop:/home/yap_han/colcon_ws/install/turtlebot3_example:/home/yap_han/colcon_ws/install/py_pubsub:/home/yap_han/colcon_ws/install/nav2_simple_commander:/home/yap_han/colcon_ws/install/auto_nav:/opt/ros/humble CONDA_PROMPT_MODIFIER=(base) /usr/bin/cmake --build /home/yap_han/colcon_ws/src/build/turtlebot3_cartographer -- -j18 -l18
[0.646s] Invoked command in '/home/yap_han/colcon_ws/src/build/turtlebot3_cartographer' returned '0': CMAKE_PREFIX_PATH=${CMAKE_PREFIX_PATH}:/home/yap_han/colcon_ws/install/turtlebot3_teleop:/home/yap_han/colcon_ws/install/turtlebot3_example:/home/yap_han/colcon_ws/install/py_pubsub:/home/yap_han/colcon_ws/install/nav2_simple_commander:/home/yap_han/colcon_ws/install/auto_nav:/opt/ros/humble CONDA_PROMPT_MODIFIER=(base) /usr/bin/cmake --build /home/yap_han/colcon_ws/src/build/turtlebot3_cartographer -- -j18 -l18
[0.647s] Invoking command in '/home/yap_han/colcon_ws/src/build/turtlebot3_cartographer': CMAKE_PREFIX_PATH=${CMAKE_PREFIX_PATH}:/home/yap_han/colcon_ws/install/turtlebot3_teleop:/home/yap_han/colcon_ws/install/turtlebot3_example:/home/yap_han/colcon_ws/install/py_pubsub:/home/yap_han/colcon_ws/install/nav2_simple_commander:/home/yap_han/colcon_ws/install/auto_nav:/opt/ros/humble CONDA_PROMPT_MODIFIER=(base) /usr/bin/cmake --install /home/yap_han/colcon_ws/src/build/turtlebot3_cartographer
[0.669s] -- Install configuration: ""
[0.669s] -- Execute custom install script
[0.669s] -- Up-to-date symlink: /home/yap_han/colcon_ws/src/install/turtlebot3_cartographer/share/turtlebot3_cartographer/config/turtlebot3_lds_2d.lua
[0.669s] -- Up-to-date symlink: /home/yap_han/colcon_ws/src/install/turtlebot3_cartographer/share/turtlebot3_cartographer/launch/cartographer.launch.py
[0.669s] -- Up-to-date symlink: /home/yap_han/colcon_ws/src/install/turtlebot3_cartographer/share/turtlebot3_cartographer/launch/occupancy_grid.launch.py
[0.669s] -- Up-to-date symlink: /home/yap_han/colcon_ws/src/install/turtlebot3_cartographer/share/turtlebot3_cartographer/rviz/tb3_cartographer.rviz
[0.669s] -- Up-to-date symlink: /home/yap_han/colcon_ws/src/install/turtlebot3_cartographer/share/ament_index/resource_index/package_run_dependencies/turtlebot3_cartographer
[0.669s] -- Up-to-date symlink: /home/yap_han/colcon_ws/src/install/turtlebot3_cartographer/share/ament_index/resource_index/parent_prefix_path/turtlebot3_cartographer
[0.669s] -- Up-to-date symlink: /home/yap_han/colcon_ws/src/install/turtlebot3_cartographer/share/turtlebot3_cartographer/environment/ament_prefix_path.sh
[0.669s] -- Up-to-date symlink: /home/yap_han/colcon_ws/src/install/turtlebot3_cartographer/share/turtlebot3_cartographer/environment/ament_prefix_path.dsv
[0.669s] -- Up-to-date symlink: /home/yap_han/colcon_ws/src/install/turtlebot3_cartographer/share/turtlebot3_cartographer/environment/path.sh
[0.669s] -- Up-to-date symlink: /home/yap_han/colcon_ws/src/install/turtlebot3_cartographer/share/turtlebot3_cartographer/environment/path.dsv
[0.669s] -- Up-to-date symlink: /home/yap_han/colcon_ws/src/install/turtlebot3_cartographer/share/turtlebot3_cartographer/local_setup.bash
[0.669s] -- Up-to-date symlink: /home/yap_han/colcon_ws/src/install/turtlebot3_cartographer/share/turtlebot3_cartographer/local_setup.sh
[0.669s] -- Up-to-date symlink: /home/yap_han/colcon_ws/src/install/turtlebot3_cartographer/share/turtlebot3_cartographer/local_setup.zsh
[0.669s] -- Up-to-date symlink: /home/yap_han/colcon_ws/src/install/turtlebot3_cartographer/share/turtlebot3_cartographer/local_setup.dsv
[0.669s] -- Symlinking: /home/yap_han/colcon_ws/src/install/turtlebot3_cartographer/share/turtlebot3_cartographer/package.dsv
[0.669s] -- Up-to-date symlink: /home/yap_han/colcon_ws/src/install/turtlebot3_cartographer/share/ament_index/resource_index/packages/turtlebot3_cartographer
[0.669s] -- Up-to-date symlink: /home/yap_han/colcon_ws/src/install/turtlebot3_cartographer/share/turtlebot3_cartographer/cmake/turtlebot3_cartographerConfig.cmake
[0.669s] -- Up-to-date symlink: /home/yap_han/colcon_ws/src/install/turtlebot3_cartographer/share/turtlebot3_cartographer/cmake/turtlebot3_cartographerConfig-version.cmake
[0.669s] -- Up-to-date symlink: /home/yap_han/colcon_ws/src/install/turtlebot3_cartographer/share/turtlebot3_cartographer/package.xml
[0.705s] Invoked command in '/home/yap_han/colcon_ws/src/build/turtlebot3_cartographer' returned '0': CMAKE_PREFIX_PATH=${CMAKE_PREFIX_PATH}:/home/yap_han/colcon_ws/install/turtlebot3_teleop:/home/yap_han/colcon_ws/install/turtlebot3_example:/home/yap_han/colcon_ws/install/py_pubsub:/home/yap_han/colcon_ws/install/nav2_simple_commander:/home/yap_han/colcon_ws/install/auto_nav:/opt/ros/humble CONDA_PROMPT_MODIFIER=(base) /usr/bin/cmake --install /home/yap_han/colcon_ws/src/build/turtlebot3_cartographer
