[0.024s] Invoking command in '/home/yap_han/colcon_ws/build/turtlebot3_node': CMAKE_PREFIX_PATH=/home/yap_han/colcon_ws/install/turtlebot3_msgs:/home/yap_han/colcon_ws/install/dynamixel_sdk:/home/yap_han/colcon_ws/install/turtlebot3:/home/yap_han/colcon_ws/install/turtlebot3_simulations:/home/yap_han/colcon_ws/install/turtlebot3_bringup:/home/yap_han/colcon_ws/install/turtlebot3_node:/home/yap_han/colcon_ws/install/turtlebot3_navigation2:/home/yap_han/colcon_ws/install/turtlebot3_fake_node:/home/yap_han/colcon_ws/install/turtlebot3_gazebo:/home/yap_han/colcon_ws/install/turtlebot3_description:/home/yap_han/colcon_ws/install/turtlebot3_cartographer:/home/yap_han/colcon_ws/install/dynamixel_sdk_examples:/home/yap_han/colcon_ws/install/dynamixel_sdk_custom_interfaces:/home/yap_han/colcon_ws/install/turtlebot3_teleop:/home/yap_han/colcon_ws/install/turtlebot3_example:/home/yap_han/colcon_ws/install/py_pubsub:/home/yap_han/colcon_ws/install/auto_nav:/home/yap_han/install/auto_nav:/opt/ros/humble LD_LIBRARY_PATH=/home/yap_han/colcon_ws/install/turtlebot3_msgs/lib:/home/yap_han/colcon_ws/install/dynamixel_sdk/lib:/home/yap_han/colcon_ws/install/dynamixel_sdk_custom_interfaces/lib:/usr/lib/x86_64-linux-gnu/gazebo-11/plugins:/opt/ros/humble/opt/rviz_ogre_vendor/lib:/opt/ros/humble/lib/x86_64-linux-gnu:/opt/ros/humble/lib /usr/bin/cmake --build /home/yap_han/colcon_ws/build/turtlebot3_node -- -j18 -l18
[0.152s] [ 85%] Built target turtlebot3_node_lib
[0.153s] [100%] Built target turtlebot3_ros
[0.153s] Invoked command in '/home/yap_han/colcon_ws/build/turtlebot3_node' returned '0': CMAKE_PREFIX_PATH=/home/yap_han/colcon_ws/install/turtlebot3_msgs:/home/yap_han/colcon_ws/install/dynamixel_sdk:/home/yap_han/colcon_ws/install/turtlebot3:/home/yap_han/colcon_ws/install/turtlebot3_simulations:/home/yap_han/colcon_ws/install/turtlebot3_bringup:/home/yap_han/colcon_ws/install/turtlebot3_node:/home/yap_han/colcon_ws/install/turtlebot3_navigation2:/home/yap_han/colcon_ws/install/turtlebot3_fake_node:/home/yap_han/colcon_ws/install/turtlebot3_gazebo:/home/yap_han/colcon_ws/install/turtlebot3_description:/home/yap_han/colcon_ws/install/turtlebot3_cartographer:/home/yap_han/colcon_ws/install/dynamixel_sdk_examples:/home/yap_han/colcon_ws/install/dynamixel_sdk_custom_interfaces:/home/yap_han/colcon_ws/install/turtlebot3_teleop:/home/yap_han/colcon_ws/install/turtlebot3_example:/home/yap_han/colcon_ws/install/py_pubsub:/home/yap_han/colcon_ws/install/auto_nav:/home/yap_han/install/auto_nav:/opt/ros/humble LD_LIBRARY_PATH=/home/yap_han/colcon_ws/install/turtlebot3_msgs/lib:/home/yap_han/colcon_ws/install/dynamixel_sdk/lib:/home/yap_han/colcon_ws/install/dynamixel_sdk_custom_interfaces/lib:/usr/lib/x86_64-linux-gnu/gazebo-11/plugins:/opt/ros/humble/opt/rviz_ogre_vendor/lib:/opt/ros/humble/lib/x86_64-linux-gnu:/opt/ros/humble/lib /usr/bin/cmake --build /home/yap_han/colcon_ws/build/turtlebot3_node -- -j18 -l18
[0.154s] Invoking command in '/home/yap_han/colcon_ws/build/turtlebot3_node': CMAKE_PREFIX_PATH=/home/yap_han/colcon_ws/install/turtlebot3_msgs:/home/yap_han/colcon_ws/install/dynamixel_sdk:/home/yap_han/colcon_ws/install/turtlebot3:/home/yap_han/colcon_ws/install/turtlebot3_simulations:/home/yap_han/colcon_ws/install/turtlebot3_bringup:/home/yap_han/colcon_ws/install/turtlebot3_node:/home/yap_han/colcon_ws/install/turtlebot3_navigation2:/home/yap_han/colcon_ws/install/turtlebot3_fake_node:/home/yap_han/colcon_ws/install/turtlebot3_gazebo:/home/yap_han/colcon_ws/install/turtlebot3_description:/home/yap_han/colcon_ws/install/turtlebot3_cartographer:/home/yap_han/colcon_ws/install/dynamixel_sdk_examples:/home/yap_han/colcon_ws/install/dynamixel_sdk_custom_interfaces:/home/yap_han/colcon_ws/install/turtlebot3_teleop:/home/yap_han/colcon_ws/install/turtlebot3_example:/home/yap_han/colcon_ws/install/py_pubsub:/home/yap_han/colcon_ws/install/auto_nav:/home/yap_han/install/auto_nav:/opt/ros/humble LD_LIBRARY_PATH=/home/yap_han/colcon_ws/install/turtlebot3_msgs/lib:/home/yap_han/colcon_ws/install/dynamixel_sdk/lib:/home/yap_han/colcon_ws/install/dynamixel_sdk_custom_interfaces/lib:/usr/lib/x86_64-linux-gnu/gazebo-11/plugins:/opt/ros/humble/opt/rviz_ogre_vendor/lib:/opt/ros/humble/lib/x86_64-linux-gnu:/opt/ros/humble/lib /usr/bin/cmake --install /home/yap_han/colcon_ws/build/turtlebot3_node
[0.163s] -- Install configuration: ""
[0.163s] -- Up-to-date: /home/yap_han/colcon_ws/install/turtlebot3_node/share/turtlebot3_node/param
[0.163s] -- Up-to-date: /home/yap_han/colcon_ws/install/turtlebot3_node/share/turtlebot3_node/param/waffle_pi.yaml
[0.163s] -- Up-to-date: /home/yap_han/colcon_ws/install/turtlebot3_node/share/turtlebot3_node/param/waffle.yaml
[0.163s] -- Up-to-date: /home/yap_han/colcon_ws/install/turtlebot3_node/share/turtlebot3_node/param/burger.yaml
[0.163s] -- Up-to-date: /home/yap_han/colcon_ws/install/turtlebot3_node/lib/turtlebot3_node/turtlebot3_ros
[0.163s] -- Up-to-date: /home/yap_han/colcon_ws/install/turtlebot3_node/share/ament_index/resource_index/package_run_dependencies/turtlebot3_node
[0.164s] -- Up-to-date: /home/yap_han/colcon_ws/install/turtlebot3_node/share/ament_index/resource_index/parent_prefix_path/turtlebot3_node
[0.164s] -- Up-to-date: /home/yap_han/colcon_ws/install/turtlebot3_node/share/turtlebot3_node/environment/ament_prefix_path.sh
[0.164s] -- Up-to-date: /home/yap_han/colcon_ws/install/turtlebot3_node/share/turtlebot3_node/environment/ament_prefix_path.dsv
[0.164s] -- Up-to-date: /home/yap_han/colcon_ws/install/turtlebot3_node/share/turtlebot3_node/environment/path.sh
[0.164s] -- Up-to-date: /home/yap_han/colcon_ws/install/turtlebot3_node/share/turtlebot3_node/environment/path.dsv
[0.164s] -- Up-to-date: /home/yap_han/colcon_ws/install/turtlebot3_node/share/turtlebot3_node/local_setup.bash
[0.164s] -- Up-to-date: /home/yap_han/colcon_ws/install/turtlebot3_node/share/turtlebot3_node/local_setup.sh
[0.164s] -- Up-to-date: /home/yap_han/colcon_ws/install/turtlebot3_node/share/turtlebot3_node/local_setup.zsh
[0.164s] -- Up-to-date: /home/yap_han/colcon_ws/install/turtlebot3_node/share/turtlebot3_node/local_setup.dsv
[0.164s] -- Installing: /home/yap_han/colcon_ws/install/turtlebot3_node/share/turtlebot3_node/package.dsv
[0.164s] -- Up-to-date: /home/yap_han/colcon_ws/install/turtlebot3_node/share/ament_index/resource_index/packages/turtlebot3_node
[0.164s] -- Up-to-date: /home/yap_han/colcon_ws/install/turtlebot3_node/share/turtlebot3_node/cmake/ament_cmake_export_include_directories-extras.cmake
[0.164s] -- Up-to-date: /home/yap_han/colcon_ws/install/turtlebot3_node/share/turtlebot3_node/cmake/turtlebot3_nodeConfig.cmake
[0.165s] -- Up-to-date: /home/yap_han/colcon_ws/install/turtlebot3_node/share/turtlebot3_node/cmake/turtlebot3_nodeConfig-version.cmake
[0.165s] -- Up-to-date: /home/yap_han/colcon_ws/install/turtlebot3_node/share/turtlebot3_node/package.xml
[0.166s] Invoked command in '/home/yap_han/colcon_ws/build/turtlebot3_node' returned '0': CMAKE_PREFIX_PATH=/home/yap_han/colcon_ws/install/turtlebot3_msgs:/home/yap_han/colcon_ws/install/dynamixel_sdk:/home/yap_han/colcon_ws/install/turtlebot3:/home/yap_han/colcon_ws/install/turtlebot3_simulations:/home/yap_han/colcon_ws/install/turtlebot3_bringup:/home/yap_han/colcon_ws/install/turtlebot3_node:/home/yap_han/colcon_ws/install/turtlebot3_navigation2:/home/yap_han/colcon_ws/install/turtlebot3_fake_node:/home/yap_han/colcon_ws/install/turtlebot3_gazebo:/home/yap_han/colcon_ws/install/turtlebot3_description:/home/yap_han/colcon_ws/install/turtlebot3_cartographer:/home/yap_han/colcon_ws/install/dynamixel_sdk_examples:/home/yap_han/colcon_ws/install/dynamixel_sdk_custom_interfaces:/home/yap_han/colcon_ws/install/turtlebot3_teleop:/home/yap_han/colcon_ws/install/turtlebot3_example:/home/yap_han/colcon_ws/install/py_pubsub:/home/yap_han/colcon_ws/install/auto_nav:/home/yap_han/install/auto_nav:/opt/ros/humble LD_LIBRARY_PATH=/home/yap_han/colcon_ws/install/turtlebot3_msgs/lib:/home/yap_han/colcon_ws/install/dynamixel_sdk/lib:/home/yap_han/colcon_ws/install/dynamixel_sdk_custom_interfaces/lib:/usr/lib/x86_64-linux-gnu/gazebo-11/plugins:/opt/ros/humble/opt/rviz_ogre_vendor/lib:/opt/ros/humble/lib/x86_64-linux-gnu:/opt/ros/humble/lib /usr/bin/cmake --install /home/yap_han/colcon_ws/build/turtlebot3_node
