[0.876s] Invoking command in '/home/yap_han/colcon_ws/src/auto_nav': PYTHONPATH=/home/yap_han/colcon_ws/build/auto_nav/prefix_override:/usr/lib/python3/dist-packages/colcon_core/task/python/colcon_distutils_commands:/home/yap_han/colcon_ws/install/auto_nav/lib/python3.10/site-packages:${PYTHONPATH} /usr/bin/python3 -W ignore:setup.py install is deprecated -W ignore:easy_install command is deprecated setup.py egg_info --egg-base ../../build/auto_nav build --build-base /home/yap_han/colcon_ws/build/auto_nav/build install --record /home/yap_han/colcon_ws/build/auto_nav/install.log --single-version-externally-managed install_data
[1.016s] running egg_info
[1.024s] writing ../../build/auto_nav/auto_nav.egg-info/PKG-INFO
[1.024s] writing dependency_links to ../../build/auto_nav/auto_nav.egg-info/dependency_links.txt
[1.024s] writing entry points to ../../build/auto_nav/auto_nav.egg-info/entry_points.txt
[1.024s] writing requirements to ../../build/auto_nav/auto_nav.egg-info/requires.txt
[1.024s] writing top-level names to ../../build/auto_nav/auto_nav.egg-info/top_level.txt
[1.041s] reading manifest file '../../build/auto_nav/auto_nav.egg-info/SOURCES.txt'
[1.041s] writing manifest file '../../build/auto_nav/auto_nav.egg-info/SOURCES.txt'
[1.041s] running build
[1.042s] running build_py
[1.042s] copying auto_nav/amg_angle_publisher.py -> /home/yap_han/colcon_ws/build/auto_nav/build/lib/auto_nav
[1.042s] running install
[1.046s] running install_lib
[1.054s] copying /home/yap_han/colcon_ws/build/auto_nav/build/lib/auto_nav/amg_angle_publisher.py -> /home/yap_han/colcon_ws/install/auto_nav/lib/python3.10/site-packages/auto_nav
[1.054s] byte-compiling /home/yap_han/colcon_ws/install/auto_nav/lib/python3.10/site-packages/auto_nav/amg_angle_publisher.py to amg_angle_publisher.cpython-310.pyc
[1.055s] running install_data
[1.055s] running install_egg_info
[1.064s] removing '/home/yap_han/colcon_ws/install/auto_nav/lib/python3.10/site-packages/auto_nav-0.0.1-py3.10.egg-info' (and everything under it)
[1.064s] Copying ../../build/auto_nav/auto_nav.egg-info to /home/yap_han/colcon_ws/install/auto_nav/lib/python3.10/site-packages/auto_nav-0.0.1-py3.10.egg-info
[1.065s] running install_scripts
[1.156s] Installing explore_and_shoot script to /home/yap_han/colcon_ws/install/auto_nav/lib/auto_nav
[1.156s] Installing no_nav2 script to /home/yap_han/colcon_ws/install/auto_nav/lib/auto_nav
[1.157s] Installing r2auto_nav script to /home/yap_han/colcon_ws/install/auto_nav/lib/auto_nav
[1.157s] Installing r2mover script to /home/yap_han/colcon_ws/install/auto_nav/lib/auto_nav
[1.157s] Installing r2moverotate script to /home/yap_han/colcon_ws/install/auto_nav/lib/auto_nav
[1.157s] Installing r2occupancy script to /home/yap_han/colcon_ws/install/auto_nav/lib/auto_nav
[1.157s] Installing r2occupancy2 script to /home/yap_han/colcon_ws/install/auto_nav/lib/auto_nav
[1.157s] Installing r2scanner script to /home/yap_han/colcon_ws/install/auto_nav/lib/auto_nav
[1.158s] writing list of installed files to '/home/yap_han/colcon_ws/build/auto_nav/install.log'
[1.177s] Invoked command in '/home/yap_han/colcon_ws/src/auto_nav' returned '0': PYTHONPATH=/home/yap_han/colcon_ws/build/auto_nav/prefix_override:/usr/lib/python3/dist-packages/colcon_core/task/python/colcon_distutils_commands:/home/yap_han/colcon_ws/install/auto_nav/lib/python3.10/site-packages:${PYTHONPATH} /usr/bin/python3 -W ignore:setup.py install is deprecated -W ignore:easy_install command is deprecated setup.py egg_info --egg-base ../../build/auto_nav build --build-base /home/yap_han/colcon_ws/build/auto_nav/build install --record /home/yap_han/colcon_ws/build/auto_nav/install.log --single-version-externally-managed install_data
