[0.421s] Invoking command in '/home/yap_han/colcon_ws/src/build/multirobot_map_merge': CMAKE_PREFIX_PATH=${CMAKE_PREFIX_PATH}:/home/yap_han/colcon_ws/install/turtlebot3_teleop:/home/yap_han/colcon_ws/install/turtlebot3_example:/home/yap_han/colcon_ws/install/py_pubsub:/home/yap_han/colcon_ws/install/nav2_simple_commander:/home/yap_han/colcon_ws/install/auto_nav:/opt/ros/humble CONDA_PROMPT_MODIFIER=(base) /usr/bin/cmake /home/yap_han/colcon_ws/src/m-explore-ros2/map_merge -DAMENT_CMAKE_SYMLINK_INSTALL=1 -DCMAKE_INSTALL_PREFIX=/home/yap_han/colcon_ws/src/install/multirobot_map_merge
[0.464s] -- The C compiler identification is GNU 11.4.0
[0.502s] -- The CXX compiler identification is GNU 11.4.0
[0.507s] -- Detecting C compiler ABI info
[0.568s] -- Detecting C compiler ABI info - done
[0.573s] -- Check for working C compiler: /usr/bin/cc - skipped
[0.573s] -- Detecting C compile features
[0.573s] -- Detecting C compile features - done
[0.575s] -- Detecting CXX compiler ABI info
[0.636s] -- Detecting CXX compiler ABI info - done
[0.654s] -- Check for working CXX compiler: /usr/bin/c++ - skipped
[0.655s] -- Detecting CXX compile features
[0.655s] -- Detecting CXX compile features - done
[0.665s] -- Found ament_cmake: 1.3.11 (/opt/ros/humble/share/ament_cmake/cmake)
[1.028s] -- Found Python3: /home/yap_han/miniconda3/bin/python3 (found version "3.12.3") found components: Interpreter 
[1.098s] -- Override CMake install command with custom implementation using symlinks instead of copying resources
[1.133s] -- Found rclcpp: 16.0.11 (/opt/ros/humble/share/rclcpp/cmake)
[1.172s] -- Found rosidl_generator_c: 3.1.6 (/opt/ros/humble/share/rosidl_generator_c/cmake)
[1.177s] -- Found rosidl_adapter: 3.1.6 (/opt/ros/humble/share/rosidl_adapter/cmake)
[1.184s] -- Found rosidl_generator_cpp: 3.1.6 (/opt/ros/humble/share/rosidl_generator_cpp/cmake)
[1.193s] -- Using all available rosidl_typesupport_c: rosidl_typesupport_fastrtps_c;rosidl_typesupport_introspection_c
[1.206s] -- Using all available rosidl_typesupport_cpp: rosidl_typesupport_fastrtps_cpp;rosidl_typesupport_introspection_cpp
[1.242s] -- Found rmw_implementation_cmake: 6.1.2 (/opt/ros/humble/share/rmw_implementation_cmake/cmake)
[1.245s] -- Found rmw_fastrtps_cpp: 6.2.7 (/opt/ros/humble/share/rmw_fastrtps_cpp/cmake)
[1.322s] -- Found OpenSSL: /usr/lib/x86_64-linux-gnu/libcrypto.so (found version "3.0.2")  
[1.352s] -- Found FastRTPS: /opt/ros/humble/include  
[1.390s] -- Using RMW implementation 'rmw_fastrtps_cpp' as default
[1.398s] -- Looking for pthread.h
[1.460s] -- Looking for pthread.h - found
[1.460s] -- Performing Test CMAKE_HAVE_LIBC_PTHREAD
[1.519s] -- Performing Test CMAKE_HAVE_LIBC_PTHREAD - Success
[1.520s] -- Found Threads: TRUE  
[1.565s] -- Found geometry_msgs: 4.2.4 (/opt/ros/humble/share/geometry_msgs/cmake)
[1.581s] [31mCMake Error at CMakeLists.txt:22 (find_package):
[1.581s]   By not providing "Findimage_geometry.cmake" in CMAKE_MODULE_PATH this
[1.581s]   project has asked CMake to find a package configuration file provided by
[1.581s]   "image_geometry", but CMake did not find one.
[1.581s] 
[1.581s]   Could not find a package configuration file provided by "image_geometry"
[1.581s]   with any of the following names:
[1.581s] 
[1.581s]     image_geometryConfig.cmake
[1.581s]     image_geometry-config.cmake
[1.582s] 
[1.582s]   Add the installation prefix of "image_geometry" to CMAKE_PREFIX_PATH or set
[1.582s]   "image_geometry_DIR" to a directory containing one of the above files.  If
[1.582s]   "image_geometry" provides a separate development package or SDK, be sure it
[1.582s]   has been installed.
[1.582s] 
[1.582s] [0m
[1.582s] -- Configuring incomplete, errors occurred!
[1.582s] See also "/home/yap_han/colcon_ws/src/build/multirobot_map_merge/CMakeFiles/CMakeOutput.log".
[1.590s] Invoked command in '/home/yap_han/colcon_ws/src/build/multirobot_map_merge' returned '1': CMAKE_PREFIX_PATH=${CMAKE_PREFIX_PATH}:/home/yap_han/colcon_ws/install/turtlebot3_teleop:/home/yap_han/colcon_ws/install/turtlebot3_example:/home/yap_han/colcon_ws/install/py_pubsub:/home/yap_han/colcon_ws/install/nav2_simple_commander:/home/yap_han/colcon_ws/install/auto_nav:/opt/ros/humble CONDA_PROMPT_MODIFIER=(base) /usr/bin/cmake /home/yap_han/colcon_ws/src/m-explore-ros2/map_merge -DAMENT_CMAKE_SYMLINK_INSTALL=1 -DCMAKE_INSTALL_PREFIX=/home/yap_han/colcon_ws/src/install/multirobot_map_merge
