[1.020s] Invoking command in '/home/yap_han/colcon_ws/src/turtlebot3/turtlebot3_example': CMAKE_PREFIX_PATH=/home/yap_han/colcon_ws/install/turtlebot3_msgs:/home/yap_han/colcon_ws/install/turtlebot3:/home/yap_han/colcon_ws/install/turtlebot3_simulations:/home/yap_han/colcon_ws/install/turtlebot3_bringup:/home/yap_han/colcon_ws/install/turtlebot3_node:/home/yap_han/colcon_ws/install/turtlebot3_navigation2:/home/yap_han/colcon_ws/install/turtlebot3_fake_node:/home/yap_han/colcon_ws/install/turtlebot3_gazebo:/home/yap_han/colcon_ws/install/turtlebot3_description:/home/yap_han/colcon_ws/install/turtlebot3_cartographer:/home/yap_han/colcon_ws/install/dynamixel_sdk_examples:/home/yap_han/colcon_ws/install/dynamixel_sdk_custom_interfaces:/home/yap_han/colcon_ws/install/dynamixel_sdk PYTHONPATH=/home/yap_han/colcon_ws/build/turtlebot3_example/prefix_override:/usr/lib/python3/dist-packages/colcon_core/task/python/colcon_distutils_commands:/home/yap_han/colcon_ws/install/turtlebot3_example/lib/python3.10/site-packages:${PYTHONPATH} /usr/bin/python3 -W ignore:setup.py install is deprecated -W ignore:easy_install command is deprecated setup.py egg_info --egg-base ../../../build/turtlebot3_example build --build-base /home/yap_han/colcon_ws/build/turtlebot3_example/build install --record /home/yap_han/colcon_ws/build/turtlebot3_example/install.log --single-version-externally-managed install_data
[1.354s] running egg_info
[1.373s] writing ../../../build/turtlebot3_example/turtlebot3_example.egg-info/PKG-INFO
[1.373s] writing dependency_links to ../../../build/turtlebot3_example/turtlebot3_example.egg-info/dependency_links.txt
[1.374s] writing entry points to ../../../build/turtlebot3_example/turtlebot3_example.egg-info/entry_points.txt
[1.374s] writing requirements to ../../../build/turtlebot3_example/turtlebot3_example.egg-info/requires.txt
[1.374s] writing top-level names to ../../../build/turtlebot3_example/turtlebot3_example.egg-info/top_level.txt
[1.418s] reading manifest file '../../../build/turtlebot3_example/turtlebot3_example.egg-info/SOURCES.txt'
[1.419s] writing manifest file '../../../build/turtlebot3_example/turtlebot3_example.egg-info/SOURCES.txt'
[1.419s] running build
[1.419s] running build_py
[1.421s] running install
[1.429s] running install_lib
[1.454s] running install_data
[1.455s] running install_egg_info
[1.474s] removing '/home/yap_han/colcon_ws/install/turtlebot3_example/lib/python3.10/site-packages/turtlebot3_example-2.1.5-py3.10.egg-info' (and everything under it)
[1.475s] Copying ../../../build/turtlebot3_example/turtlebot3_example.egg-info to /home/yap_han/colcon_ws/install/turtlebot3_example/lib/python3.10/site-packages/turtlebot3_example-2.1.5-py3.10.egg-info
[1.476s] running install_scripts
[1.674s] Installing turtlebot3_obstacle_detection script to /home/yap_han/colcon_ws/install/turtlebot3_example/lib/turtlebot3_example
[1.675s] Installing turtlebot3_patrol_client script to /home/yap_han/colcon_ws/install/turtlebot3_example/lib/turtlebot3_example
[1.675s] Installing turtlebot3_patrol_server script to /home/yap_han/colcon_ws/install/turtlebot3_example/lib/turtlebot3_example
[1.675s] Installing turtlebot3_position_control script to /home/yap_han/colcon_ws/install/turtlebot3_example/lib/turtlebot3_example
[1.676s] writing list of installed files to '/home/yap_han/colcon_ws/build/turtlebot3_example/install.log'
[1.708s] Invoked command in '/home/yap_han/colcon_ws/src/turtlebot3/turtlebot3_example' returned '0': CMAKE_PREFIX_PATH=/home/yap_han/colcon_ws/install/turtlebot3_msgs:/home/yap_han/colcon_ws/install/turtlebot3:/home/yap_han/colcon_ws/install/turtlebot3_simulations:/home/yap_han/colcon_ws/install/turtlebot3_bringup:/home/yap_han/colcon_ws/install/turtlebot3_node:/home/yap_han/colcon_ws/install/turtlebot3_navigation2:/home/yap_han/colcon_ws/install/turtlebot3_fake_node:/home/yap_han/colcon_ws/install/turtlebot3_gazebo:/home/yap_han/colcon_ws/install/turtlebot3_description:/home/yap_han/colcon_ws/install/turtlebot3_cartographer:/home/yap_han/colcon_ws/install/dynamixel_sdk_examples:/home/yap_han/colcon_ws/install/dynamixel_sdk_custom_interfaces:/home/yap_han/colcon_ws/install/dynamixel_sdk PYTHONPATH=/home/yap_han/colcon_ws/build/turtlebot3_example/prefix_override:/usr/lib/python3/dist-packages/colcon_core/task/python/colcon_distutils_commands:/home/yap_han/colcon_ws/install/turtlebot3_example/lib/python3.10/site-packages:${PYTHONPATH} /usr/bin/python3 -W ignore:setup.py install is deprecated -W ignore:easy_install command is deprecated setup.py egg_info --egg-base ../../../build/turtlebot3_example build --build-base /home/yap_han/colcon_ws/build/turtlebot3_example/build install --record /home/yap_han/colcon_ws/build/turtlebot3_example/install.log --single-version-externally-managed install_data
