[0.036s] Invoking command in '/home/yap_han/colcon_ws/build/dynamixel_sdk': CMAKE_PREFIX_PATH=${CMAKE_PREFIX_PATH}:/home/yap_han/colcon_ws/install/turtlebot3_teleop:/home/yap_han/colcon_ws/install/turtlebot3_example:/home/yap_han/colcon_ws/install/py_pubsub:/home/yap_han/colcon_ws/install/explore_lite:/home/yap_han/colcon_ws/install/nav2_simple_commander:/home/yap_han/colcon_ws/install/auto_nav:/home/yap_han/install/auto_nav:/opt/ros/humble /usr/bin/cmake /home/yap_han/colcon_ws/src/DynamixelSDK/dynamixel_sdk -DCMAKE_INSTALL_PREFIX=/home/yap_han/colcon_ws/install/dynamixel_sdk
[0.319s] -- The C compiler identification is GNU 11.4.0
[0.319s] -- The CXX compiler identification is GNU 11.4.0
[0.319s] -- Detecting C compiler ABI info
[0.319s] -- Detecting C compiler ABI info - done
[0.319s] -- Check for working C compiler: /usr/bin/cc - skipped
[0.319s] -- Detecting C compile features
[0.319s] -- Detecting C compile features - done
[0.319s] -- Detecting CXX compiler ABI info
[0.319s] -- Detecting CXX compiler ABI info - done
[0.319s] -- Check for working CXX compiler: /usr/bin/c++ - skipped
[0.319s] -- Detecting CXX compile features
[0.320s] -- Detecting CXX compile features - done
[0.320s] -- Found ament_cmake: 1.3.11 (/opt/ros/humble/share/ament_cmake/cmake)
[0.600s] -- Found Python3: /usr/bin/python3 (found version "3.10.12") found components: Interpreter 
[0.722s] -- Configuring done
[0.728s] -- Generating done
[0.730s] -- Build files have been written to: /home/yap_han/colcon_ws/build/dynamixel_sdk
[0.737s] Invoked command in '/home/yap_han/colcon_ws/build/dynamixel_sdk' returned '0': CMAKE_PREFIX_PATH=${CMAKE_PREFIX_PATH}:/home/yap_han/colcon_ws/install/turtlebot3_teleop:/home/yap_han/colcon_ws/install/turtlebot3_example:/home/yap_han/colcon_ws/install/py_pubsub:/home/yap_han/colcon_ws/install/explore_lite:/home/yap_han/colcon_ws/install/nav2_simple_commander:/home/yap_han/colcon_ws/install/auto_nav:/home/yap_han/install/auto_nav:/opt/ros/humble /usr/bin/cmake /home/yap_han/colcon_ws/src/DynamixelSDK/dynamixel_sdk -DCMAKE_INSTALL_PREFIX=/home/yap_han/colcon_ws/install/dynamixel_sdk
[0.738s] Invoking command in '/home/yap_han/colcon_ws/build/dynamixel_sdk': CMAKE_PREFIX_PATH=${CMAKE_PREFIX_PATH}:/home/yap_han/colcon_ws/install/turtlebot3_teleop:/home/yap_han/colcon_ws/install/turtlebot3_example:/home/yap_han/colcon_ws/install/py_pubsub:/home/yap_han/colcon_ws/install/explore_lite:/home/yap_han/colcon_ws/install/nav2_simple_commander:/home/yap_han/colcon_ws/install/auto_nav:/home/yap_han/install/auto_nav:/opt/ros/humble /usr/bin/cmake --build /home/yap_han/colcon_ws/build/dynamixel_sdk -- -j18 -l18
[0.771s] [ 30%] [32mBuilding CXX object CMakeFiles/dynamixel_sdk.dir/src/dynamixel_sdk/protocol1_packet_handler.cpp.o[0m
[0.771s] [ 30%] [32mBuilding CXX object CMakeFiles/dynamixel_sdk.dir/src/dynamixel_sdk/packet_handler.cpp.o[0m
[0.771s] [ 30%] [32mBuilding CXX object CMakeFiles/dynamixel_sdk.dir/src/dynamixel_sdk/group_sync_read.cpp.o[0m
[0.771s] [ 30%] [32mBuilding CXX object CMakeFiles/dynamixel_sdk.dir/src/dynamixel_sdk/group_sync_write.cpp.o[0m
[0.772s] [ 38%] [32mBuilding CXX object CMakeFiles/dynamixel_sdk.dir/src/dynamixel_sdk/group_bulk_read.cpp.o[0m
[0.772s] [ 46%] [32mBuilding CXX object CMakeFiles/dynamixel_sdk.dir/src/dynamixel_sdk/group_fast_sync_read.cpp.o[0m
[0.773s] [ 53%] [32mBuilding CXX object CMakeFiles/dynamixel_sdk.dir/src/dynamixel_sdk/group_fast_bulk_read.cpp.o[0m
[0.775s] [ 61%] [32mBuilding CXX object CMakeFiles/dynamixel_sdk.dir/src/dynamixel_sdk/group_handler.cpp.o[0m
[0.777s] [ 69%] [32mBuilding CXX object CMakeFiles/dynamixel_sdk.dir/src/dynamixel_sdk/protocol2_packet_handler.cpp.o[0m
[0.777s] [ 76%] [32mBuilding CXX object CMakeFiles/dynamixel_sdk.dir/src/dynamixel_sdk/group_bulk_write.cpp.o[0m
[0.778s] [ 84%] [32mBuilding CXX object CMakeFiles/dynamixel_sdk.dir/src/dynamixel_sdk/port_handler.cpp.o[0m
[0.787s] [ 92%] [32mBuilding CXX object CMakeFiles/dynamixel_sdk.dir/src/dynamixel_sdk/port_handler_linux.cpp.o[0m
[1.337s] [100%] [32m[1mLinking CXX shared library libdynamixel_sdk.so[0m
[1.417s] [100%] Built target dynamixel_sdk
[1.430s] Invoked command in '/home/yap_han/colcon_ws/build/dynamixel_sdk' returned '0': CMAKE_PREFIX_PATH=${CMAKE_PREFIX_PATH}:/home/yap_han/colcon_ws/install/turtlebot3_teleop:/home/yap_han/colcon_ws/install/turtlebot3_example:/home/yap_han/colcon_ws/install/py_pubsub:/home/yap_han/colcon_ws/install/explore_lite:/home/yap_han/colcon_ws/install/nav2_simple_commander:/home/yap_han/colcon_ws/install/auto_nav:/home/yap_han/install/auto_nav:/opt/ros/humble /usr/bin/cmake --build /home/yap_han/colcon_ws/build/dynamixel_sdk -- -j18 -l18
[1.432s] Invoking command in '/home/yap_han/colcon_ws/build/dynamixel_sdk': CMAKE_PREFIX_PATH=${CMAKE_PREFIX_PATH}:/home/yap_han/colcon_ws/install/turtlebot3_teleop:/home/yap_han/colcon_ws/install/turtlebot3_example:/home/yap_han/colcon_ws/install/py_pubsub:/home/yap_han/colcon_ws/install/explore_lite:/home/yap_han/colcon_ws/install/nav2_simple_commander:/home/yap_han/colcon_ws/install/auto_nav:/home/yap_han/install/auto_nav:/opt/ros/humble /usr/bin/cmake --install /home/yap_han/colcon_ws/build/dynamixel_sdk
[1.441s] -- Install configuration: ""
[1.441s] -- Installing: /home/yap_han/colcon_ws/install/dynamixel_sdk/include/
[1.441s] -- Installing: /home/yap_han/colcon_ws/install/dynamixel_sdk/include//dynamixel_sdk
[1.441s] -- Installing: /home/yap_han/colcon_ws/install/dynamixel_sdk/include//dynamixel_sdk/port_handler_windows.h
[1.441s] -- Installing: /home/yap_han/colcon_ws/install/dynamixel_sdk/include//dynamixel_sdk/protocol2_packet_handler.h
[1.441s] -- Installing: /home/yap_han/colcon_ws/install/dynamixel_sdk/include//dynamixel_sdk/protocol1_packet_handler.h
[1.441s] -- Installing: /home/yap_han/colcon_ws/install/dynamixel_sdk/include//dynamixel_sdk/port_handler_linux.h
[1.441s] -- Installing: /home/yap_han/colcon_ws/install/dynamixel_sdk/include//dynamixel_sdk/group_sync_write.h
[1.441s] -- Installing: /home/yap_han/colcon_ws/install/dynamixel_sdk/include//dynamixel_sdk/group_bulk_read.h
[1.441s] -- Installing: /home/yap_han/colcon_ws/install/dynamixel_sdk/include//dynamixel_sdk/packet_handler.h
[1.441s] -- Installing: /home/yap_han/colcon_ws/install/dynamixel_sdk/include//dynamixel_sdk/dynamixel_sdk.h
[1.442s] -- Installing: /home/yap_han/colcon_ws/install/dynamixel_sdk/include//dynamixel_sdk/group_sync_read.h
[1.442s] -- Installing: /home/yap_han/colcon_ws/install/dynamixel_sdk/include//dynamixel_sdk/port_handler_mac.h
[1.442s] -- Installing: /home/yap_han/colcon_ws/install/dynamixel_sdk/include//dynamixel_sdk/group_handler.h
[1.442s] -- Installing: /home/yap_han/colcon_ws/install/dynamixel_sdk/include//dynamixel_sdk/port_handler.h
[1.442s] -- Installing: /home/yap_han/colcon_ws/install/dynamixel_sdk/include//dynamixel_sdk/group_fast_sync_read.h
[1.442s] -- Installing: /home/yap_han/colcon_ws/install/dynamixel_sdk/include//dynamixel_sdk/group_fast_bulk_read.h
[1.442s] -- Installing: /home/yap_han/colcon_ws/install/dynamixel_sdk/include//dynamixel_sdk/group_bulk_write.h
[1.442s] -- Installing: /home/yap_han/colcon_ws/install/dynamixel_sdk/include//dynamixel_sdk/port_handler_arduino.h
[1.442s] -- Installing: /home/yap_han/colcon_ws/install/dynamixel_sdk/lib/libdynamixel_sdk.so
[1.442s] -- Installing: /home/yap_han/colcon_ws/install/dynamixel_sdk/share/dynamixel_sdk/environment/library_path.sh
[1.442s] -- Installing: /home/yap_han/colcon_ws/install/dynamixel_sdk/share/dynamixel_sdk/environment/library_path.dsv
[1.442s] -- Installing: /home/yap_han/colcon_ws/install/dynamixel_sdk/share/ament_index/resource_index/package_run_dependencies/dynamixel_sdk
[1.442s] -- Installing: /home/yap_han/colcon_ws/install/dynamixel_sdk/share/ament_index/resource_index/parent_prefix_path/dynamixel_sdk
[1.442s] -- Installing: /home/yap_han/colcon_ws/install/dynamixel_sdk/share/dynamixel_sdk/environment/ament_prefix_path.sh
[1.442s] -- Installing: /home/yap_han/colcon_ws/install/dynamixel_sdk/share/dynamixel_sdk/environment/ament_prefix_path.dsv
[1.443s] -- Installing: /home/yap_han/colcon_ws/install/dynamixel_sdk/share/dynamixel_sdk/environment/path.sh
[1.443s] -- Installing: /home/yap_han/colcon_ws/install/dynamixel_sdk/share/dynamixel_sdk/environment/path.dsv
[1.443s] -- Installing: /home/yap_han/colcon_ws/install/dynamixel_sdk/share/dynamixel_sdk/local_setup.bash
[1.443s] -- Installing: /home/yap_han/colcon_ws/install/dynamixel_sdk/share/dynamixel_sdk/local_setup.sh
[1.443s] -- Installing: /home/yap_han/colcon_ws/install/dynamixel_sdk/share/dynamixel_sdk/local_setup.zsh
[1.443s] -- Installing: /home/yap_han/colcon_ws/install/dynamixel_sdk/share/dynamixel_sdk/local_setup.dsv
[1.443s] -- Installing: /home/yap_han/colcon_ws/install/dynamixel_sdk/share/dynamixel_sdk/package.dsv
[1.443s] -- Installing: /home/yap_han/colcon_ws/install/dynamixel_sdk/share/ament_index/resource_index/packages/dynamixel_sdk
[1.443s] -- Installing: /home/yap_han/colcon_ws/install/dynamixel_sdk/share/dynamixel_sdk/cmake/ament_cmake_export_include_directories-extras.cmake
[1.443s] -- Installing: /home/yap_han/colcon_ws/install/dynamixel_sdk/share/dynamixel_sdk/cmake/ament_cmake_export_libraries-extras.cmake
[1.443s] -- Installing: /home/yap_han/colcon_ws/install/dynamixel_sdk/share/dynamixel_sdk/cmake/dynamixel_sdkConfig.cmake
[1.443s] -- Installing: /home/yap_han/colcon_ws/install/dynamixel_sdk/share/dynamixel_sdk/cmake/dynamixel_sdkConfig-version.cmake
[1.443s] -- Installing: /home/yap_han/colcon_ws/install/dynamixel_sdk/share/dynamixel_sdk/package.xml
[1.450s] Invoked command in '/home/yap_han/colcon_ws/build/dynamixel_sdk' returned '0': CMAKE_PREFIX_PATH=${CMAKE_PREFIX_PATH}:/home/yap_han/colcon_ws/install/turtlebot3_teleop:/home/yap_han/colcon_ws/install/turtlebot3_example:/home/yap_han/colcon_ws/install/py_pubsub:/home/yap_han/colcon_ws/install/explore_lite:/home/yap_han/colcon_ws/install/nav2_simple_commander:/home/yap_han/colcon_ws/install/auto_nav:/home/yap_han/install/auto_nav:/opt/ros/humble /usr/bin/cmake --install /home/yap_han/colcon_ws/build/dynamixel_sdk
