[0.839s] Invoking command in '/home/yap_han/colcon_ws/src/build/auto_nav': PYTHONPATH=/home/yap_han/colcon_ws/src/build/auto_nav/prefix_override:/usr/lib/python3/dist-packages/colcon_core/task/python/colcon_distutils_commands:/home/yap_han/colcon_ws/src/install/auto_nav/lib/python3.10/site-packages:${PYTHONPATH} /usr/bin/python3 -W ignore:setup.py install is deprecated -W ignore:easy_install command is deprecated setup.py develop --editable --build-directory /home/yap_han/colcon_ws/src/build/auto_nav/build --no-deps symlink_data
[1.009s] running develop
[1.101s] running egg_info
[1.101s] creating auto_nav.egg-info
[1.101s] writing auto_nav.egg-info/PKG-INFO
[1.101s] writing dependency_links to auto_nav.egg-info/dependency_links.txt
[1.101s] writing entry points to auto_nav.egg-info/entry_points.txt
[1.101s] writing requirements to auto_nav.egg-info/requires.txt
[1.101s] writing top-level names to auto_nav.egg-info/top_level.txt
[1.101s] writing manifest file 'auto_nav.egg-info/SOURCES.txt'
[1.103s] reading manifest file 'auto_nav.egg-info/SOURCES.txt'
[1.104s] writing manifest file 'auto_nav.egg-info/SOURCES.txt'
[1.105s] running build_ext
[1.106s] Creating /home/yap_han/colcon_ws/src/install/auto_nav/lib/python3.10/site-packages/auto-nav.egg-link (link to .)
[1.106s] Installing r2auto_nav script to /home/yap_han/colcon_ws/src/install/auto_nav/lib/auto_nav
[1.107s] Installing r2mover script to /home/yap_han/colcon_ws/src/install/auto_nav/lib/auto_nav
[1.107s] Installing r2moverotate script to /home/yap_han/colcon_ws/src/install/auto_nav/lib/auto_nav
[1.107s] Installing r2occupancy script to /home/yap_han/colcon_ws/src/install/auto_nav/lib/auto_nav
[1.107s] Installing r2occupancy2 script to /home/yap_han/colcon_ws/src/install/auto_nav/lib/auto_nav
[1.107s] Installing r2scanner script to /home/yap_han/colcon_ws/src/install/auto_nav/lib/auto_nav
[1.107s] 
[1.107s] Installed /home/yap_han/colcon_ws/src/build/auto_nav
[1.107s] running symlink_data
[1.108s] creating /home/yap_han/colcon_ws/src/install/auto_nav/share/ament_index
[1.108s] creating /home/yap_han/colcon_ws/src/install/auto_nav/share/ament_index/resource_index
[1.108s] creating /home/yap_han/colcon_ws/src/install/auto_nav/share/ament_index/resource_index/packages
[1.108s] symbolically linking /home/yap_han/colcon_ws/src/build/auto_nav/resource/auto_nav -> /home/yap_han/colcon_ws/src/install/auto_nav/share/ament_index/resource_index/packages
[1.108s] symbolically linking /home/yap_han/colcon_ws/src/build/auto_nav/package.xml -> /home/yap_han/colcon_ws/src/install/auto_nav/share/auto_nav
[1.164s] Invoked command in '/home/yap_han/colcon_ws/src/build/auto_nav' returned '0': PYTHONPATH=/home/yap_han/colcon_ws/src/build/auto_nav/prefix_override:/usr/lib/python3/dist-packages/colcon_core/task/python/colcon_distutils_commands:/home/yap_han/colcon_ws/src/install/auto_nav/lib/python3.10/site-packages:${PYTHONPATH} /usr/bin/python3 -W ignore:setup.py install is deprecated -W ignore:easy_install command is deprecated setup.py develop --editable --build-directory /home/yap_han/colcon_ws/src/build/auto_nav/build --no-deps symlink_data
