[0.892s] Invoking command in '/home/yap_han/colcon_ws/src/turtlebot3/turtlebot3_example': CMAKE_PREFIX_PATH=/home/yap_han/colcon_ws/install/turtlebot3_msgs:/home/yap_han/colcon_ws/install/turtlebot3:/home/yap_han/colcon_ws/install/turtlebot3_simulations:/home/yap_han/colcon_ws/install/turtlebot3_bringup:/home/yap_han/colcon_ws/install/turtlebot3_node:/home/yap_han/colcon_ws/install/turtlebot3_navigation2:/home/yap_han/colcon_ws/install/turtlebot3_fake_node:/home/yap_han/colcon_ws/install/turtlebot3_gazebo:/home/yap_han/colcon_ws/install/turtlebot3_description:/home/yap_han/colcon_ws/install/turtlebot3_cartographer:/home/yap_han/colcon_ws/install/sam_bot_description:/home/yap_han/colcon_ws/install/nav_2d_utils:/home/yap_han/colcon_ws/install/dwb_msgs:/home/yap_han/colcon_ws/install/nav_2d_msgs:/home/yap_han/colcon_ws/install/nav2_gradient_costmap_plugin:/home/yap_han/colcon_ws/install/nav2_core:/home/yap_han/colcon_ws/install/nav2_costmap_2d:/home/yap_han/colcon_ws/install/nav2_voxel_grid:/home/yap_han/colcon_ws/install/nav2_velocity_smoother:/home/yap_han/colcon_ws/install/nav2_rviz_plugins:/home/yap_han/colcon_ws/install/nav2_map_server:/home/yap_han/colcon_ws/install/nav2_lifecycle_manager:/home/yap_han/colcon_ws/install/nav2_behavior_tree:/home/yap_han/colcon_ws/install/nav2_amcl:/home/yap_han/colcon_ws/install/nav2_util:/home/yap_han/colcon_ws/install/nav2_msgs:/home/yap_han/colcon_ws/install/nav2_costmap_filters_demo:/home/yap_han/colcon_ws/install/nav2_common:/home/yap_han/colcon_ws/install/multirobot_map_merge:/home/yap_han/colcon_ws/install/map_msgs:/home/yap_han/colcon_ws/install/dynamixel_sdk_examples:/home/yap_han/colcon_ws/install/dynamixel_sdk_custom_interfaces:/home/yap_han/colcon_ws/install/dynamixel_sdk PYTHONPATH=/home/yap_han/colcon_ws/build/turtlebot3_example/prefix_override:/usr/lib/python3/dist-packages/colcon_core/task/python/colcon_distutils_commands:/home/yap_han/colcon_ws/install/turtlebot3_example/lib/python3.10/site-packages:${PYTHONPATH} /usr/bin/python3 -W ignore:setup.py install is deprecated -W ignore:easy_install command is deprecated setup.py egg_info --egg-base ../../../build/turtlebot3_example build --build-base /home/yap_han/colcon_ws/build/turtlebot3_example/build install --record /home/yap_han/colcon_ws/build/turtlebot3_example/install.log --single-version-externally-managed install_data
[1.111s] running egg_info
[1.111s] creating ../../../build/turtlebot3_example/turtlebot3_example.egg-info
[1.119s] writing ../../../build/turtlebot3_example/turtlebot3_example.egg-info/PKG-INFO
[1.119s] writing dependency_links to ../../../build/turtlebot3_example/turtlebot3_example.egg-info/dependency_links.txt
[1.119s] writing entry points to ../../../build/turtlebot3_example/turtlebot3_example.egg-info/entry_points.txt
[1.119s] writing requirements to ../../../build/turtlebot3_example/turtlebot3_example.egg-info/requires.txt
[1.119s] writing top-level names to ../../../build/turtlebot3_example/turtlebot3_example.egg-info/top_level.txt
[1.120s] writing manifest file '../../../build/turtlebot3_example/turtlebot3_example.egg-info/SOURCES.txt'
[1.137s] reading manifest file '../../../build/turtlebot3_example/turtlebot3_example.egg-info/SOURCES.txt'
[1.138s] writing manifest file '../../../build/turtlebot3_example/turtlebot3_example.egg-info/SOURCES.txt'
[1.138s] running build
[1.138s] running build_py
[1.138s] creating /home/yap_han/colcon_ws/build/turtlebot3_example/build
[1.138s] creating /home/yap_han/colcon_ws/build/turtlebot3_example/build/lib
[1.138s] creating /home/yap_han/colcon_ws/build/turtlebot3_example/build/lib/turtlebot3_example
[1.138s] copying turtlebot3_example/__init__.py -> /home/yap_han/colcon_ws/build/turtlebot3_example/build/lib/turtlebot3_example
[1.138s] creating /home/yap_han/colcon_ws/build/turtlebot3_example/build/lib/turtlebot3_example/turtlebot3_patrol_server
[1.138s] copying turtlebot3_example/turtlebot3_patrol_server/main.py -> /home/yap_han/colcon_ws/build/turtlebot3_example/build/lib/turtlebot3_example/turtlebot3_patrol_server
[1.138s] copying turtlebot3_example/turtlebot3_patrol_server/__init__.py -> /home/yap_han/colcon_ws/build/turtlebot3_example/build/lib/turtlebot3_example/turtlebot3_patrol_server
[1.138s] copying turtlebot3_example/turtlebot3_patrol_server/turtlebot3_patrol_server.py -> /home/yap_han/colcon_ws/build/turtlebot3_example/build/lib/turtlebot3_example/turtlebot3_patrol_server
[1.138s] copying turtlebot3_example/turtlebot3_patrol_server/turtlebot3_path.py -> /home/yap_han/colcon_ws/build/turtlebot3_example/build/lib/turtlebot3_example/turtlebot3_patrol_server
[1.138s] creating /home/yap_han/colcon_ws/build/turtlebot3_example/build/lib/turtlebot3_example/turtlebot3_position_control
[1.138s] copying turtlebot3_example/turtlebot3_position_control/main.py -> /home/yap_han/colcon_ws/build/turtlebot3_example/build/lib/turtlebot3_example/turtlebot3_position_control
[1.139s] copying turtlebot3_example/turtlebot3_position_control/turtlebot3_position_control.py -> /home/yap_han/colcon_ws/build/turtlebot3_example/build/lib/turtlebot3_example/turtlebot3_position_control
[1.139s] copying turtlebot3_example/turtlebot3_position_control/__init__.py -> /home/yap_han/colcon_ws/build/turtlebot3_example/build/lib/turtlebot3_example/turtlebot3_position_control
[1.139s] copying turtlebot3_example/turtlebot3_position_control/turtlebot3_path.py -> /home/yap_han/colcon_ws/build/turtlebot3_example/build/lib/turtlebot3_example/turtlebot3_position_control
[1.139s] creating /home/yap_han/colcon_ws/build/turtlebot3_example/build/lib/turtlebot3_example/turtlebot3_patrol_client
[1.139s] copying turtlebot3_example/turtlebot3_patrol_client/main.py -> /home/yap_han/colcon_ws/build/turtlebot3_example/build/lib/turtlebot3_example/turtlebot3_patrol_client
[1.139s] copying turtlebot3_example/turtlebot3_patrol_client/__init__.py -> /home/yap_han/colcon_ws/build/turtlebot3_example/build/lib/turtlebot3_example/turtlebot3_patrol_client
[1.139s] copying turtlebot3_example/turtlebot3_patrol_client/turtlebot3_patrol_client.py -> /home/yap_han/colcon_ws/build/turtlebot3_example/build/lib/turtlebot3_example/turtlebot3_patrol_client
[1.139s] creating /home/yap_han/colcon_ws/build/turtlebot3_example/build/lib/turtlebot3_example/turtlebot3_obstacle_detection
[1.139s] copying turtlebot3_example/turtlebot3_obstacle_detection/main.py -> /home/yap_han/colcon_ws/build/turtlebot3_example/build/lib/turtlebot3_example/turtlebot3_obstacle_detection
[1.139s] copying turtlebot3_example/turtlebot3_obstacle_detection/__init__.py -> /home/yap_han/colcon_ws/build/turtlebot3_example/build/lib/turtlebot3_example/turtlebot3_obstacle_detection
[1.139s] copying turtlebot3_example/turtlebot3_obstacle_detection/turtlebot3_obstacle_detection.py -> /home/yap_han/colcon_ws/build/turtlebot3_example/build/lib/turtlebot3_example/turtlebot3_obstacle_detection
[1.139s] running install
[1.143s] running install_lib
[1.152s] creating /home/yap_han/colcon_ws/install/turtlebot3_example/lib/python3.10/site-packages/turtlebot3_example
[1.152s] creating /home/yap_han/colcon_ws/install/turtlebot3_example/lib/python3.10/site-packages/turtlebot3_example/turtlebot3_patrol_server
[1.153s] copying /home/yap_han/colcon_ws/build/turtlebot3_example/build/lib/turtlebot3_example/turtlebot3_patrol_server/main.py -> /home/yap_han/colcon_ws/install/turtlebot3_example/lib/python3.10/site-packages/turtlebot3_example/turtlebot3_patrol_server
[1.153s] copying /home/yap_han/colcon_ws/build/turtlebot3_example/build/lib/turtlebot3_example/turtlebot3_patrol_server/__init__.py -> /home/yap_han/colcon_ws/install/turtlebot3_example/lib/python3.10/site-packages/turtlebot3_example/turtlebot3_patrol_server
[1.153s] copying /home/yap_han/colcon_ws/build/turtlebot3_example/build/lib/turtlebot3_example/turtlebot3_patrol_server/turtlebot3_patrol_server.py -> /home/yap_han/colcon_ws/install/turtlebot3_example/lib/python3.10/site-packages/turtlebot3_example/turtlebot3_patrol_server
[1.153s] copying /home/yap_han/colcon_ws/build/turtlebot3_example/build/lib/turtlebot3_example/turtlebot3_patrol_server/turtlebot3_path.py -> /home/yap_han/colcon_ws/install/turtlebot3_example/lib/python3.10/site-packages/turtlebot3_example/turtlebot3_patrol_server
[1.153s] copying /home/yap_han/colcon_ws/build/turtlebot3_example/build/lib/turtlebot3_example/__init__.py -> /home/yap_han/colcon_ws/install/turtlebot3_example/lib/python3.10/site-packages/turtlebot3_example
[1.153s] creating /home/yap_han/colcon_ws/install/turtlebot3_example/lib/python3.10/site-packages/turtlebot3_example/turtlebot3_position_control
[1.153s] copying /home/yap_han/colcon_ws/build/turtlebot3_example/build/lib/turtlebot3_example/turtlebot3_position_control/main.py -> /home/yap_han/colcon_ws/install/turtlebot3_example/lib/python3.10/site-packages/turtlebot3_example/turtlebot3_position_control
[1.153s] copying /home/yap_han/colcon_ws/build/turtlebot3_example/build/lib/turtlebot3_example/turtlebot3_position_control/turtlebot3_position_control.py -> /home/yap_han/colcon_ws/install/turtlebot3_example/lib/python3.10/site-packages/turtlebot3_example/turtlebot3_position_control
[1.153s] copying /home/yap_han/colcon_ws/build/turtlebot3_example/build/lib/turtlebot3_example/turtlebot3_position_control/__init__.py -> /home/yap_han/colcon_ws/install/turtlebot3_example/lib/python3.10/site-packages/turtlebot3_example/turtlebot3_position_control
[1.153s] copying /home/yap_han/colcon_ws/build/turtlebot3_example/build/lib/turtlebot3_example/turtlebot3_position_control/turtlebot3_path.py -> /home/yap_han/colcon_ws/install/turtlebot3_example/lib/python3.10/site-packages/turtlebot3_example/turtlebot3_position_control
[1.153s] creating /home/yap_han/colcon_ws/install/turtlebot3_example/lib/python3.10/site-packages/turtlebot3_example/turtlebot3_patrol_client
[1.153s] copying /home/yap_han/colcon_ws/build/turtlebot3_example/build/lib/turtlebot3_example/turtlebot3_patrol_client/main.py -> /home/yap_han/colcon_ws/install/turtlebot3_example/lib/python3.10/site-packages/turtlebot3_example/turtlebot3_patrol_client
[1.153s] copying /home/yap_han/colcon_ws/build/turtlebot3_example/build/lib/turtlebot3_example/turtlebot3_patrol_client/__init__.py -> /home/yap_han/colcon_ws/install/turtlebot3_example/lib/python3.10/site-packages/turtlebot3_example/turtlebot3_patrol_client
[1.153s] copying /home/yap_han/colcon_ws/build/turtlebot3_example/build/lib/turtlebot3_example/turtlebot3_patrol_client/turtlebot3_patrol_client.py -> /home/yap_han/colcon_ws/install/turtlebot3_example/lib/python3.10/site-packages/turtlebot3_example/turtlebot3_patrol_client
[1.153s] creating /home/yap_han/colcon_ws/install/turtlebot3_example/lib/python3.10/site-packages/turtlebot3_example/turtlebot3_obstacle_detection
[1.154s] copying /home/yap_han/colcon_ws/build/turtlebot3_example/build/lib/turtlebot3_example/turtlebot3_obstacle_detection/main.py -> /home/yap_han/colcon_ws/install/turtlebot3_example/lib/python3.10/site-packages/turtlebot3_example/turtlebot3_obstacle_detection
[1.154s] copying /home/yap_han/colcon_ws/build/turtlebot3_example/build/lib/turtlebot3_example/turtlebot3_obstacle_detection/__init__.py -> /home/yap_han/colcon_ws/install/turtlebot3_example/lib/python3.10/site-packages/turtlebot3_example/turtlebot3_obstacle_detection
[1.154s] copying /home/yap_han/colcon_ws/build/turtlebot3_example/build/lib/turtlebot3_example/turtlebot3_obstacle_detection/turtlebot3_obstacle_detection.py -> /home/yap_han/colcon_ws/install/turtlebot3_example/lib/python3.10/site-packages/turtlebot3_example/turtlebot3_obstacle_detection
[1.154s] byte-compiling /home/yap_han/colcon_ws/install/turtlebot3_example/lib/python3.10/site-packages/turtlebot3_example/turtlebot3_patrol_server/main.py to main.cpython-310.pyc
[1.154s] byte-compiling /home/yap_han/colcon_ws/install/turtlebot3_example/lib/python3.10/site-packages/turtlebot3_example/turtlebot3_patrol_server/__init__.py to __init__.cpython-310.pyc
[1.154s] byte-compiling /home/yap_han/colcon_ws/install/turtlebot3_example/lib/python3.10/site-packages/turtlebot3_example/turtlebot3_patrol_server/turtlebot3_patrol_server.py to turtlebot3_patrol_server.cpython-310.pyc
[1.155s] byte-compiling /home/yap_han/colcon_ws/install/turtlebot3_example/lib/python3.10/site-packages/turtlebot3_example/turtlebot3_patrol_server/turtlebot3_path.py to turtlebot3_path.cpython-310.pyc
[1.155s] byte-compiling /home/yap_han/colcon_ws/install/turtlebot3_example/lib/python3.10/site-packages/turtlebot3_example/__init__.py to __init__.cpython-310.pyc
[1.155s] byte-compiling /home/yap_han/colcon_ws/install/turtlebot3_example/lib/python3.10/site-packages/turtlebot3_example/turtlebot3_position_control/main.py to main.cpython-310.pyc
[1.155s] byte-compiling /home/yap_han/colcon_ws/install/turtlebot3_example/lib/python3.10/site-packages/turtlebot3_example/turtlebot3_position_control/turtlebot3_position_control.py to turtlebot3_position_control.cpython-310.pyc
[1.156s] byte-compiling /home/yap_han/colcon_ws/install/turtlebot3_example/lib/python3.10/site-packages/turtlebot3_example/turtlebot3_position_control/__init__.py to __init__.cpython-310.pyc
[1.156s] byte-compiling /home/yap_han/colcon_ws/install/turtlebot3_example/lib/python3.10/site-packages/turtlebot3_example/turtlebot3_position_control/turtlebot3_path.py to turtlebot3_path.cpython-310.pyc
[1.156s] byte-compiling /home/yap_han/colcon_ws/install/turtlebot3_example/lib/python3.10/site-packages/turtlebot3_example/turtlebot3_patrol_client/main.py to main.cpython-310.pyc
[1.156s] byte-compiling /home/yap_han/colcon_ws/install/turtlebot3_example/lib/python3.10/site-packages/turtlebot3_example/turtlebot3_patrol_client/__init__.py to __init__.cpython-310.pyc
[1.156s] byte-compiling /home/yap_han/colcon_ws/install/turtlebot3_example/lib/python3.10/site-packages/turtlebot3_example/turtlebot3_patrol_client/turtlebot3_patrol_client.py to turtlebot3_patrol_client.cpython-310.pyc
[1.156s] byte-compiling /home/yap_han/colcon_ws/install/turtlebot3_example/lib/python3.10/site-packages/turtlebot3_example/turtlebot3_obstacle_detection/main.py to main.cpython-310.pyc
[1.157s] byte-compiling /home/yap_han/colcon_ws/install/turtlebot3_example/lib/python3.10/site-packages/turtlebot3_example/turtlebot3_obstacle_detection/__init__.py to __init__.cpython-310.pyc
[1.157s] byte-compiling /home/yap_han/colcon_ws/install/turtlebot3_example/lib/python3.10/site-packages/turtlebot3_example/turtlebot3_obstacle_detection/turtlebot3_obstacle_detection.py to turtlebot3_obstacle_detection.cpython-310.pyc
[1.157s] running install_data
[1.157s] creating /home/yap_han/colcon_ws/install/turtlebot3_example/share/ament_index
[1.157s] creating /home/yap_han/colcon_ws/install/turtlebot3_example/share/ament_index/resource_index
[1.157s] creating /home/yap_han/colcon_ws/install/turtlebot3_example/share/ament_index/resource_index/packages
[1.157s] copying resource/turtlebot3_example -> /home/yap_han/colcon_ws/install/turtlebot3_example/share/ament_index/resource_index/packages
[1.157s] copying package.xml -> /home/yap_han/colcon_ws/install/turtlebot3_example/share/turtlebot3_example
[1.157s] running install_egg_info
[1.167s] Copying ../../../build/turtlebot3_example/turtlebot3_example.egg-info to /home/yap_han/colcon_ws/install/turtlebot3_example/lib/python3.10/site-packages/turtlebot3_example-2.1.5-py3.10.egg-info
[1.167s] running install_scripts
[1.263s] Installing turtlebot3_obstacle_detection script to /home/yap_han/colcon_ws/install/turtlebot3_example/lib/turtlebot3_example
[1.263s] Installing turtlebot3_patrol_client script to /home/yap_han/colcon_ws/install/turtlebot3_example/lib/turtlebot3_example
[1.263s] Installing turtlebot3_patrol_server script to /home/yap_han/colcon_ws/install/turtlebot3_example/lib/turtlebot3_example
[1.264s] Installing turtlebot3_position_control script to /home/yap_han/colcon_ws/install/turtlebot3_example/lib/turtlebot3_example
[1.264s] writing list of installed files to '/home/yap_han/colcon_ws/build/turtlebot3_example/install.log'
[1.285s] Invoked command in '/home/yap_han/colcon_ws/src/turtlebot3/turtlebot3_example' returned '0': CMAKE_PREFIX_PATH=/home/yap_han/colcon_ws/install/turtlebot3_msgs:/home/yap_han/colcon_ws/install/turtlebot3:/home/yap_han/colcon_ws/install/turtlebot3_simulations:/home/yap_han/colcon_ws/install/turtlebot3_bringup:/home/yap_han/colcon_ws/install/turtlebot3_node:/home/yap_han/colcon_ws/install/turtlebot3_navigation2:/home/yap_han/colcon_ws/install/turtlebot3_fake_node:/home/yap_han/colcon_ws/install/turtlebot3_gazebo:/home/yap_han/colcon_ws/install/turtlebot3_description:/home/yap_han/colcon_ws/install/turtlebot3_cartographer:/home/yap_han/colcon_ws/install/sam_bot_description:/home/yap_han/colcon_ws/install/nav_2d_utils:/home/yap_han/colcon_ws/install/dwb_msgs:/home/yap_han/colcon_ws/install/nav_2d_msgs:/home/yap_han/colcon_ws/install/nav2_gradient_costmap_plugin:/home/yap_han/colcon_ws/install/nav2_core:/home/yap_han/colcon_ws/install/nav2_costmap_2d:/home/yap_han/colcon_ws/install/nav2_voxel_grid:/home/yap_han/colcon_ws/install/nav2_velocity_smoother:/home/yap_han/colcon_ws/install/nav2_rviz_plugins:/home/yap_han/colcon_ws/install/nav2_map_server:/home/yap_han/colcon_ws/install/nav2_lifecycle_manager:/home/yap_han/colcon_ws/install/nav2_behavior_tree:/home/yap_han/colcon_ws/install/nav2_amcl:/home/yap_han/colcon_ws/install/nav2_util:/home/yap_han/colcon_ws/install/nav2_msgs:/home/yap_han/colcon_ws/install/nav2_costmap_filters_demo:/home/yap_han/colcon_ws/install/nav2_common:/home/yap_han/colcon_ws/install/multirobot_map_merge:/home/yap_han/colcon_ws/install/map_msgs:/home/yap_han/colcon_ws/install/dynamixel_sdk_examples:/home/yap_han/colcon_ws/install/dynamixel_sdk_custom_interfaces:/home/yap_han/colcon_ws/install/dynamixel_sdk PYTHONPATH=/home/yap_han/colcon_ws/build/turtlebot3_example/prefix_override:/usr/lib/python3/dist-packages/colcon_core/task/python/colcon_distutils_commands:/home/yap_han/colcon_ws/install/turtlebot3_example/lib/python3.10/site-packages:${PYTHONPATH} /usr/bin/python3 -W ignore:setup.py install is deprecated -W ignore:easy_install command is deprecated setup.py egg_info --egg-base ../../../build/turtlebot3_example build --build-base /home/yap_han/colcon_ws/build/turtlebot3_example/build install --record /home/yap_han/colcon_ws/build/turtlebot3_example/install.log --single-version-externally-managed install_data
