[0.719s] Invoking command in '/home/yap_han/colcon_ws/src/build/turtlebot3_example': AMENT_PREFIX_PATH=/home/yap_han/colcon_ws/src/install/turtlebot3_msgs:${AMENT_PREFIX_PATH} CMAKE_PREFIX_PATH=/home/yap_han/colcon_ws/src/install/turtlebot3_msgs:${CMAKE_PREFIX_PATH} CONDA_PROMPT_MODIFIER=(base) LD_LIBRARY_PATH=/home/yap_han/colcon_ws/src/install/turtlebot3_msgs/lib:${LD_LIBRARY_PATH} PYTHONPATH=/home/yap_han/colcon_ws/src/build/turtlebot3_example/prefix_override:/usr/lib/python3/dist-packages/colcon_core/task/python/colcon_distutils_commands:/home/yap_han/colcon_ws/src/install/turtlebot3_example/lib/python3.10/site-packages:/home/yap_han/colcon_ws/src/install/turtlebot3_msgs/local/lib/python3.10/dist-packages:${PYTHONPATH} /usr/bin/python3 -W ignore:setup.py install is deprecated -W ignore:easy_install command is deprecated setup.py develop --editable --build-directory /home/yap_han/colcon_ws/src/build/turtlebot3_example/build --no-deps symlink_data
[0.884s] running develop
[0.979s] running egg_info
[0.979s] writing turtlebot3_example.egg-info/PKG-INFO
[0.980s] writing dependency_links to turtlebot3_example.egg-info/dependency_links.txt
[0.980s] writing entry points to turtlebot3_example.egg-info/entry_points.txt
[0.980s] writing requirements to turtlebot3_example.egg-info/requires.txt
[0.980s] writing top-level names to turtlebot3_example.egg-info/top_level.txt
[0.981s] reading manifest file 'turtlebot3_example.egg-info/SOURCES.txt'
[0.982s] writing manifest file 'turtlebot3_example.egg-info/SOURCES.txt'
[0.983s] running build_ext
[0.983s] Creating /home/yap_han/colcon_ws/src/install/turtlebot3_example/lib/python3.10/site-packages/turtlebot3-example.egg-link (link to .)
[0.983s] Installing turtlebot3_obstacle_detection script to /home/yap_han/colcon_ws/src/install/turtlebot3_example/lib/turtlebot3_example
[0.983s] Installing turtlebot3_patrol_client script to /home/yap_han/colcon_ws/src/install/turtlebot3_example/lib/turtlebot3_example
[0.983s] Installing turtlebot3_patrol_server script to /home/yap_han/colcon_ws/src/install/turtlebot3_example/lib/turtlebot3_example
[0.983s] Installing turtlebot3_position_control script to /home/yap_han/colcon_ws/src/install/turtlebot3_example/lib/turtlebot3_example
[0.983s] 
[0.983s] Installed /home/yap_han/colcon_ws/src/build/turtlebot3_example
[0.984s] running symlink_data
[1.001s] Invoked command in '/home/yap_han/colcon_ws/src/build/turtlebot3_example' returned '0': AMENT_PREFIX_PATH=/home/yap_han/colcon_ws/src/install/turtlebot3_msgs:${AMENT_PREFIX_PATH} CMAKE_PREFIX_PATH=/home/yap_han/colcon_ws/src/install/turtlebot3_msgs:${CMAKE_PREFIX_PATH} CONDA_PROMPT_MODIFIER=(base) LD_LIBRARY_PATH=/home/yap_han/colcon_ws/src/install/turtlebot3_msgs/lib:${LD_LIBRARY_PATH} PYTHONPATH=/home/yap_han/colcon_ws/src/build/turtlebot3_example/prefix_override:/usr/lib/python3/dist-packages/colcon_core/task/python/colcon_distutils_commands:/home/yap_han/colcon_ws/src/install/turtlebot3_example/lib/python3.10/site-packages:/home/yap_han/colcon_ws/src/install/turtlebot3_msgs/local/lib/python3.10/dist-packages:${PYTHONPATH} /usr/bin/python3 -W ignore:setup.py install is deprecated -W ignore:easy_install command is deprecated setup.py develop --editable --build-directory /home/yap_han/colcon_ws/src/build/turtlebot3_example/build --no-deps symlink_data
