[0.032s] Invoking command in '/home/yap_han/colcon_ws/src/build/turtlebot3_navigation2': CMAKE_PREFIX_PATH=${CMAKE_PREFIX_PATH}:/home/yap_han/colcon_ws/install/turtlebot3_teleop:/home/yap_han/colcon_ws/install/turtlebot3_example:/home/yap_han/colcon_ws/install/py_pubsub:/home/yap_han/colcon_ws/install/nav2_simple_commander:/home/yap_han/colcon_ws/install/auto_nav:/opt/ros/humble CONDA_PROMPT_MODIFIER=(base) /usr/bin/cmake --build /home/yap_han/colcon_ws/src/build/turtlebot3_navigation2 -- -j18 -l18
[0.467s] Invoked command in '/home/yap_han/colcon_ws/src/build/turtlebot3_navigation2' returned '0': CMAKE_PREFIX_PATH=${CMAKE_PREFIX_PATH}:/home/yap_han/colcon_ws/install/turtlebot3_teleop:/home/yap_han/colcon_ws/install/turtlebot3_example:/home/yap_han/colcon_ws/install/py_pubsub:/home/yap_han/colcon_ws/install/nav2_simple_commander:/home/yap_han/colcon_ws/install/auto_nav:/opt/ros/humble CONDA_PROMPT_MODIFIER=(base) /usr/bin/cmake --build /home/yap_han/colcon_ws/src/build/turtlebot3_navigation2 -- -j18 -l18
[0.469s] Invoking command in '/home/yap_han/colcon_ws/src/build/turtlebot3_navigation2': CMAKE_PREFIX_PATH=${CMAKE_PREFIX_PATH}:/home/yap_han/colcon_ws/install/turtlebot3_teleop:/home/yap_han/colcon_ws/install/turtlebot3_example:/home/yap_han/colcon_ws/install/py_pubsub:/home/yap_han/colcon_ws/install/nav2_simple_commander:/home/yap_han/colcon_ws/install/auto_nav:/opt/ros/humble CONDA_PROMPT_MODIFIER=(base) /usr/bin/cmake --install /home/yap_han/colcon_ws/src/build/turtlebot3_navigation2
[0.642s] -- Install configuration: ""
[0.642s] -- Execute custom install script
[0.642s] -- Up-to-date symlink: /home/yap_han/colcon_ws/src/install/turtlebot3_navigation2/share/turtlebot3_navigation2/launch/navigation2.launch.py
[0.642s] -- Up-to-date symlink: /home/yap_han/colcon_ws/src/install/turtlebot3_navigation2/share/turtlebot3_navigation2/map/map.pgm
[0.642s] -- Up-to-date symlink: /home/yap_han/colcon_ws/src/install/turtlebot3_navigation2/share/turtlebot3_navigation2/map/map.yaml
[0.642s] -- Up-to-date symlink: /home/yap_han/colcon_ws/src/install/turtlebot3_navigation2/share/turtlebot3_navigation2/param/burger.yaml
[0.642s] -- Up-to-date symlink: /home/yap_han/colcon_ws/src/install/turtlebot3_navigation2/share/turtlebot3_navigation2/param/waffle.yaml
[0.642s] -- Up-to-date symlink: /home/yap_han/colcon_ws/src/install/turtlebot3_navigation2/share/turtlebot3_navigation2/param/waffle_pi.yaml
[0.642s] -- Up-to-date symlink: /home/yap_han/colcon_ws/src/install/turtlebot3_navigation2/share/turtlebot3_navigation2/rviz/tb3_navigation2.rviz
[0.642s] -- Up-to-date symlink: /home/yap_han/colcon_ws/src/install/turtlebot3_navigation2/share/ament_index/resource_index/package_run_dependencies/turtlebot3_navigation2
[0.642s] -- Up-to-date symlink: /home/yap_han/colcon_ws/src/install/turtlebot3_navigation2/share/ament_index/resource_index/parent_prefix_path/turtlebot3_navigation2
[0.642s] -- Up-to-date symlink: /home/yap_han/colcon_ws/src/install/turtlebot3_navigation2/share/turtlebot3_navigation2/environment/ament_prefix_path.sh
[0.642s] -- Up-to-date symlink: /home/yap_han/colcon_ws/src/install/turtlebot3_navigation2/share/turtlebot3_navigation2/environment/ament_prefix_path.dsv
[0.642s] -- Up-to-date symlink: /home/yap_han/colcon_ws/src/install/turtlebot3_navigation2/share/turtlebot3_navigation2/environment/path.sh
[0.642s] -- Up-to-date symlink: /home/yap_han/colcon_ws/src/install/turtlebot3_navigation2/share/turtlebot3_navigation2/environment/path.dsv
[0.642s] -- Up-to-date symlink: /home/yap_han/colcon_ws/src/install/turtlebot3_navigation2/share/turtlebot3_navigation2/local_setup.bash
[0.643s] -- Up-to-date symlink: /home/yap_han/colcon_ws/src/install/turtlebot3_navigation2/share/turtlebot3_navigation2/local_setup.sh
[0.643s] -- Up-to-date symlink: /home/yap_han/colcon_ws/src/install/turtlebot3_navigation2/share/turtlebot3_navigation2/local_setup.zsh
[0.643s] -- Up-to-date symlink: /home/yap_han/colcon_ws/src/install/turtlebot3_navigation2/share/turtlebot3_navigation2/local_setup.dsv
[0.643s] -- Symlinking: /home/yap_han/colcon_ws/src/install/turtlebot3_navigation2/share/turtlebot3_navigation2/package.dsv
[0.643s] -- Up-to-date symlink: /home/yap_han/colcon_ws/src/install/turtlebot3_navigation2/share/ament_index/resource_index/packages/turtlebot3_navigation2
[0.643s] -- Up-to-date symlink: /home/yap_han/colcon_ws/src/install/turtlebot3_navigation2/share/turtlebot3_navigation2/cmake/turtlebot3_navigation2Config.cmake
[0.643s] -- Up-to-date symlink: /home/yap_han/colcon_ws/src/install/turtlebot3_navigation2/share/turtlebot3_navigation2/cmake/turtlebot3_navigation2Config-version.cmake
[0.643s] -- Up-to-date symlink: /home/yap_han/colcon_ws/src/install/turtlebot3_navigation2/share/turtlebot3_navigation2/package.xml
[0.716s] Invoked command in '/home/yap_han/colcon_ws/src/build/turtlebot3_navigation2' returned '0': CMAKE_PREFIX_PATH=${CMAKE_PREFIX_PATH}:/home/yap_han/colcon_ws/install/turtlebot3_teleop:/home/yap_han/colcon_ws/install/turtlebot3_example:/home/yap_han/colcon_ws/install/py_pubsub:/home/yap_han/colcon_ws/install/nav2_simple_commander:/home/yap_han/colcon_ws/install/auto_nav:/opt/ros/humble CONDA_PROMPT_MODIFIER=(base) /usr/bin/cmake --install /home/yap_han/colcon_ws/src/build/turtlebot3_navigation2
