[0.061s] DEBUG:colcon:Command line arguments: ['/usr/bin/colcon', 'build', '--symlink-install', '--packages-select', 'auto_nav']
[0.061s] DEBUG:colcon:Parsed command line arguments: Namespace(log_base=None, log_level=None, verb_name='build', build_base='build', install_base='install', merge_install=False, symlink_install=True, test_result_base=None, continue_on_error=False, executor='parallel', parallel_workers=18, event_handlers=None, ignore_user_meta=False, metas=['./colcon.meta'], base_paths=['.'], packages_ignore=None, packages_ignore_regex=None, paths=None, packages_up_to=None, packages_up_to_regex=None, packages_above=None, packages_above_and_dependencies=None, packages_above_depth=None, packages_select_by_dep=None, packages_skip_by_dep=None, packages_skip_up_to=None, packages_select_build_failed=False, packages_skip_build_finished=False, packages_select_test_failures=False, packages_skip_test_passed=False, packages_select=['auto_nav'], packages_skip=None, packages_select_regex=None, packages_skip_regex=None, packages_start=None, packages_end=None, allow_overriding=[], cmake_args=None, cmake_target=None, cmake_target_skip_unavailable=False, cmake_clean_cache=False, cmake_clean_first=False, cmake_force_configure=False, ament_cmake_args=None, catkin_cmake_args=None, catkin_skip_building_tests=False, mixin_files=None, mixin=None, verb_parser=<colcon_mixin.mixin.mixin_argument.MixinArgumentDecorator object at 0x775788475570>, verb_extension=<colcon_core.verb.build.BuildVerb object at 0x775788474d00>, main=<bound method BuildVerb.main of <colcon_core.verb.build.BuildVerb object at 0x775788474d00>>, mixin_verb=('build',))
[0.080s] Level 1:colcon.colcon_core.package_discovery:discover_packages(colcon_meta) check parameters
[0.080s] Level 1:colcon.colcon_core.package_discovery:discover_packages(recursive) check parameters
[0.080s] Level 1:colcon.colcon_core.package_discovery:discover_packages(ignore) check parameters
[0.080s] Level 1:colcon.colcon_core.package_discovery:discover_packages(path) check parameters
[0.080s] Level 1:colcon.colcon_core.package_discovery:discover_packages(colcon_meta) discover
[0.080s] Level 1:colcon.colcon_core.package_discovery:discover_packages(recursive) discover
[0.080s] INFO:colcon.colcon_core.package_discovery:Crawling recursively for packages in '/home/yap_han/colcon_ws/src'
[0.080s] Level 1:colcon.colcon_core.package_identification:_identify(.) by extensions ['ignore', 'ignore_ament_install']
[0.080s] Level 1:colcon.colcon_core.package_identification:_identify(.) by extension 'ignore'
[0.080s] Level 1:colcon.colcon_core.package_identification:_identify(.) by extension 'ignore_ament_install'
[0.080s] Level 1:colcon.colcon_core.package_identification:_identify(.) by extensions ['colcon_pkg']
[0.080s] Level 1:colcon.colcon_core.package_identification:_identify(.) by extension 'colcon_pkg'
[0.080s] Level 1:colcon.colcon_core.package_identification:_identify(.) by extensions ['colcon_meta']
[0.080s] Level 1:colcon.colcon_core.package_identification:_identify(.) by extension 'colcon_meta'
[0.080s] Level 1:colcon.colcon_core.package_identification:_identify(.) by extensions ['ros']
[0.080s] Level 1:colcon.colcon_core.package_identification:_identify(.) by extension 'ros'
[0.090s] DEBUG:colcon.colcon_core.package_identification:Package '.' with type 'ros.ament_python' and name 'auto_nav'
[0.090s] Level 1:colcon.colcon_core.package_discovery:discover_packages(recursive) using defaults
[0.090s] Level 1:colcon.colcon_core.package_discovery:discover_packages(ignore) discover
[0.090s] Level 1:colcon.colcon_core.package_discovery:discover_packages(ignore) using defaults
[0.090s] Level 1:colcon.colcon_core.package_discovery:discover_packages(path) discover
[0.090s] Level 1:colcon.colcon_core.package_discovery:discover_packages(path) using defaults
[0.101s] Level 1:colcon.colcon_core.package_discovery:discover_packages(prefix_path) check parameters
[0.101s] Level 1:colcon.colcon_core.package_discovery:discover_packages(prefix_path) discover
[0.102s] WARNING:colcon.colcon_ros.prefix_path.ament:The path '/home/yap_han/colcon_ws/install/turtlebot3' in the environment variable AMENT_PREFIX_PATH doesn't exist
[0.102s] WARNING:colcon.colcon_ros.prefix_path.ament:The path '/home/yap_han/colcon_ws/install/turtlebot3_teleop' in the environment variable AMENT_PREFIX_PATH doesn't exist
[0.102s] WARNING:colcon.colcon_ros.prefix_path.ament:The path '/home/yap_han/colcon_ws/install/turtlebot3_simulations' in the environment variable AMENT_PREFIX_PATH doesn't exist
[0.102s] WARNING:colcon.colcon_ros.prefix_path.ament:The path '/home/yap_han/colcon_ws/install/turtlebot3_bringup' in the environment variable AMENT_PREFIX_PATH doesn't exist
[0.102s] WARNING:colcon.colcon_ros.prefix_path.ament:The path '/home/yap_han/colcon_ws/install/turtlebot3_node' in the environment variable AMENT_PREFIX_PATH doesn't exist
[0.102s] WARNING:colcon.colcon_ros.prefix_path.ament:The path '/home/yap_han/colcon_ws/install/turtlebot3_fake_node' in the environment variable AMENT_PREFIX_PATH doesn't exist
[0.102s] WARNING:colcon.colcon_ros.prefix_path.ament:The path '/home/yap_han/colcon_ws/install/turtlebot3_example' in the environment variable AMENT_PREFIX_PATH doesn't exist
[0.102s] WARNING:colcon.colcon_ros.prefix_path.ament:The path '/home/yap_han/colcon_ws/install/turtlebot3_msgs' in the environment variable AMENT_PREFIX_PATH doesn't exist
[0.102s] WARNING:colcon.colcon_ros.prefix_path.ament:The path '/home/yap_han/colcon_ws/install/turtlebot3_gazebo' in the environment variable AMENT_PREFIX_PATH doesn't exist
[0.102s] WARNING:colcon.colcon_ros.prefix_path.ament:The path '/home/yap_han/colcon_ws/install/py_pubsub' in the environment variable AMENT_PREFIX_PATH doesn't exist
[0.102s] WARNING:colcon.colcon_ros.prefix_path.ament:The path '/home/yap_han/colcon_ws/install/multirobot_map_merge' in the environment variable AMENT_PREFIX_PATH doesn't exist
[0.102s] WARNING:colcon.colcon_ros.prefix_path.ament:The path '/home/yap_han/colcon_ws/install/explore_lite' in the environment variable AMENT_PREFIX_PATH doesn't exist
[0.102s] WARNING:colcon.colcon_ros.prefix_path.ament:The path '/home/yap_han/colcon_ws/install/dynamixel_sdk_examples' in the environment variable AMENT_PREFIX_PATH doesn't exist
[0.102s] WARNING:colcon.colcon_ros.prefix_path.ament:The path '/home/yap_han/colcon_ws/install/dynamixel_sdk_custom_interfaces' in the environment variable AMENT_PREFIX_PATH doesn't exist
[0.102s] WARNING:colcon.colcon_ros.prefix_path.ament:The path '/home/yap_han/colcon_ws/install/turtlebot3_navigation2' in the environment variable AMENT_PREFIX_PATH doesn't exist
[0.102s] WARNING:colcon.colcon_ros.prefix_path.ament:The path '/home/yap_han/colcon_ws/install/turtlebot3_description' in the environment variable AMENT_PREFIX_PATH doesn't exist
[0.102s] WARNING:colcon.colcon_ros.prefix_path.ament:The path '/home/yap_han/colcon_ws/install/turtlebot3_cartographer' in the environment variable AMENT_PREFIX_PATH doesn't exist
[0.102s] WARNING:colcon.colcon_ros.prefix_path.ament:The path '/home/yap_han/colcon_ws/install/dynamixel_sdk' in the environment variable AMENT_PREFIX_PATH doesn't exist
[0.102s] WARNING:colcon.colcon_ros.prefix_path.catkin:The path '/home/yap_han/colcon_ws/install/turtlebot3' in the environment variable CMAKE_PREFIX_PATH doesn't exist
[0.102s] WARNING:colcon.colcon_ros.prefix_path.catkin:The path '/home/yap_han/colcon_ws/install/turtlebot3_simulations' in the environment variable CMAKE_PREFIX_PATH doesn't exist
[0.102s] WARNING:colcon.colcon_ros.prefix_path.catkin:The path '/home/yap_han/colcon_ws/install/turtlebot3_bringup' in the environment variable CMAKE_PREFIX_PATH doesn't exist
[0.102s] WARNING:colcon.colcon_ros.prefix_path.catkin:The path '/home/yap_han/colcon_ws/install/turtlebot3_node' in the environment variable CMAKE_PREFIX_PATH doesn't exist
[0.102s] WARNING:colcon.colcon_ros.prefix_path.catkin:The path '/home/yap_han/colcon_ws/install/turtlebot3_fake_node' in the environment variable CMAKE_PREFIX_PATH doesn't exist
[0.102s] WARNING:colcon.colcon_ros.prefix_path.catkin:The path '/home/yap_han/colcon_ws/install/turtlebot3_msgs' in the environment variable CMAKE_PREFIX_PATH doesn't exist
[0.102s] WARNING:colcon.colcon_ros.prefix_path.catkin:The path '/home/yap_han/colcon_ws/install/turtlebot3_gazebo' in the environment variable CMAKE_PREFIX_PATH doesn't exist
[0.102s] WARNING:colcon.colcon_ros.prefix_path.catkin:The path '/home/yap_han/colcon_ws/install/multirobot_map_merge' in the environment variable CMAKE_PREFIX_PATH doesn't exist
[0.102s] WARNING:colcon.colcon_ros.prefix_path.catkin:The path '/home/yap_han/colcon_ws/install/explore_lite' in the environment variable CMAKE_PREFIX_PATH doesn't exist
[0.102s] WARNING:colcon.colcon_ros.prefix_path.catkin:The path '/home/yap_han/colcon_ws/install/dynamixel_sdk_examples' in the environment variable CMAKE_PREFIX_PATH doesn't exist
[0.102s] WARNING:colcon.colcon_ros.prefix_path.catkin:The path '/home/yap_han/colcon_ws/install/dynamixel_sdk_custom_interfaces' in the environment variable CMAKE_PREFIX_PATH doesn't exist
[0.102s] WARNING:colcon.colcon_ros.prefix_path.catkin:The path '/home/yap_han/colcon_ws/install/turtlebot3_navigation2' in the environment variable CMAKE_PREFIX_PATH doesn't exist
[0.102s] WARNING:colcon.colcon_ros.prefix_path.catkin:The path '/home/yap_han/colcon_ws/install/turtlebot3_description' in the environment variable CMAKE_PREFIX_PATH doesn't exist
[0.102s] WARNING:colcon.colcon_ros.prefix_path.catkin:The path '/home/yap_han/colcon_ws/install/turtlebot3_cartographer' in the environment variable CMAKE_PREFIX_PATH doesn't exist
[0.102s] WARNING:colcon.colcon_ros.prefix_path.catkin:The path '/home/yap_han/colcon_ws/install/dynamixel_sdk' in the environment variable CMAKE_PREFIX_PATH doesn't exist
[0.103s] DEBUG:colcon.colcon_installed_package_information.package_discovery:Found 18 installed packages in /home/yap_han/colcon_ws/src/install
[0.103s] DEBUG:colcon.colcon_installed_package_information.package_discovery:Found 0 installed packages in /home/yap_han/colcon_ws/install
[0.104s] DEBUG:colcon.colcon_installed_package_information.package_discovery:Found 347 installed packages in /opt/ros/humble
[0.105s] Level 1:colcon.colcon_core.package_discovery:discover_packages(prefix_path) using defaults
[0.137s] Level 5:colcon.colcon_core.verb:set package 'auto_nav' build argument 'cmake_args' from command line to 'None'
[0.137s] Level 5:colcon.colcon_core.verb:set package 'auto_nav' build argument 'cmake_target' from command line to 'None'
[0.137s] Level 5:colcon.colcon_core.verb:set package 'auto_nav' build argument 'cmake_target_skip_unavailable' from command line to 'False'
[0.137s] Level 5:colcon.colcon_core.verb:set package 'auto_nav' build argument 'cmake_clean_cache' from command line to 'False'
[0.137s] Level 5:colcon.colcon_core.verb:set package 'auto_nav' build argument 'cmake_clean_first' from command line to 'False'
[0.137s] Level 5:colcon.colcon_core.verb:set package 'auto_nav' build argument 'cmake_force_configure' from command line to 'False'
[0.137s] Level 5:colcon.colcon_core.verb:set package 'auto_nav' build argument 'ament_cmake_args' from command line to 'None'
[0.137s] Level 5:colcon.colcon_core.verb:set package 'auto_nav' build argument 'catkin_cmake_args' from command line to 'None'
[0.137s] Level 5:colcon.colcon_core.verb:set package 'auto_nav' build argument 'catkin_skip_building_tests' from command line to 'False'
[0.137s] DEBUG:colcon.colcon_core.verb:Building package 'auto_nav' with the following arguments: {'ament_cmake_args': None, 'build_base': '/home/yap_han/colcon_ws/src/build/auto_nav', 'catkin_cmake_args': None, 'catkin_skip_building_tests': False, 'cmake_args': None, 'cmake_clean_cache': False, 'cmake_clean_first': False, 'cmake_force_configure': False, 'cmake_target': None, 'cmake_target_skip_unavailable': False, 'install_base': '/home/yap_han/colcon_ws/src/install/auto_nav', 'merge_install': False, 'path': '/home/yap_han/colcon_ws/src', 'symlink_install': True, 'test_result_base': None}
[0.137s] INFO:colcon.colcon_core.executor:Executing jobs using 'parallel' executor
[0.138s] DEBUG:colcon.colcon_parallel_executor.executor.parallel:run_until_complete
[0.138s] INFO:colcon.colcon_ros.task.ament_python.build:Building ROS package in '/home/yap_han/colcon_ws/src' with build type 'ament_python'
[0.138s] Level 1:colcon.colcon_core.shell:create_environment_hook('auto_nav', 'ament_prefix_path')
[0.139s] INFO:colcon.colcon_core.plugin_system:Skipping extension 'colcon_core.shell.bat': Not used on non-Windows systems
[0.139s] INFO:colcon.colcon_core.shell:Creating environment hook '/home/yap_han/colcon_ws/src/install/auto_nav/share/auto_nav/hook/ament_prefix_path.ps1'
[0.140s] INFO:colcon.colcon_core.shell:Creating environment descriptor '/home/yap_han/colcon_ws/src/install/auto_nav/share/auto_nav/hook/ament_prefix_path.dsv'
[0.140s] INFO:colcon.colcon_core.shell:Creating environment hook '/home/yap_han/colcon_ws/src/install/auto_nav/share/auto_nav/hook/ament_prefix_path.sh'
[0.140s] INFO:colcon.colcon_core.shell:Skip shell extension 'powershell' for command environment: Not usable outside of PowerShell
[0.140s] DEBUG:colcon.colcon_core.shell:Skip shell extension 'dsv' for command environment
[0.252s] INFO:colcon.colcon_core.task.python.build:Building Python package in '/home/yap_han/colcon_ws/src'
[0.252s] INFO:colcon.colcon_core.shell:Skip shell extension 'powershell' for command environment: Not usable outside of PowerShell
[0.252s] DEBUG:colcon.colcon_core.shell:Skip shell extension 'dsv' for command environment
[0.594s] DEBUG:colcon.colcon_parallel_executor.executor.parallel:closing loop
[0.594s] DEBUG:colcon.colcon_parallel_executor.executor.parallel:loop closed
[0.594s] DEBUG:colcon.colcon_parallel_executor.executor.parallel:run_until_complete finished with '[Errno 2] No such file or directory: '/home/yap_han/colcon_ws/src/resource/auto_nav''
[0.594s] DEBUG:colcon.colcon_core.event_reactor:joining thread
[0.598s] INFO:colcon.colcon_core.plugin_system:Skipping extension 'colcon_notification.desktop_notification.terminal_notifier': Not used on non-Darwin systems
[0.598s] INFO:colcon.colcon_core.plugin_system:Skipping extension 'colcon_notification.desktop_notification.win32': Not used on non-Windows systems
[0.598s] INFO:colcon.colcon_notification.desktop_notification:Sending desktop notification using 'notify2'
[0.608s] DEBUG:colcon.colcon_core.event_reactor:joined thread
[0.608s] INFO:colcon.colcon_core.shell:Creating prefix script '/home/yap_han/colcon_ws/src/install/local_setup.ps1'
[0.608s] INFO:colcon.colcon_core.shell:Creating prefix util module '/home/yap_han/colcon_ws/src/install/_local_setup_util_ps1.py'
[0.609s] INFO:colcon.colcon_core.shell:Creating prefix chain script '/home/yap_han/colcon_ws/src/install/setup.ps1'
[0.610s] INFO:colcon.colcon_core.shell:Creating prefix script '/home/yap_han/colcon_ws/src/install/local_setup.sh'
[0.610s] INFO:colcon.colcon_core.shell:Creating prefix util module '/home/yap_han/colcon_ws/src/install/_local_setup_util_sh.py'
[0.610s] INFO:colcon.colcon_core.shell:Creating prefix chain script '/home/yap_han/colcon_ws/src/install/setup.sh'
[0.611s] INFO:colcon.colcon_core.shell:Creating prefix script '/home/yap_han/colcon_ws/src/install/local_setup.bash'
[0.611s] INFO:colcon.colcon_core.shell:Creating prefix chain script '/home/yap_han/colcon_ws/src/install/setup.bash'
[0.612s] INFO:colcon.colcon_core.shell:Creating prefix script '/home/yap_han/colcon_ws/src/install/local_setup.zsh'
[0.612s] INFO:colcon.colcon_core.shell:Creating prefix chain script '/home/yap_han/colcon_ws/src/install/setup.zsh'
