[0.010s] Invoking command in '/home/yap_han/colcon_ws/src/build/turtlebot3_bringup': AMENT_PREFIX_PATH=/home/yap_han/colcon_ws/src/install/turtlebot3_node:/home/yap_han/colcon_ws/src/install/turtlebot3_msgs:/home/yap_han/colcon_ws/src/install/turtlebot3_description:/home/yap_han/colcon_ws/src/install/dynamixel_sdk:${AMENT_PREFIX_PATH} CMAKE_PREFIX_PATH=/home/yap_han/colcon_ws/src/install/turtlebot3_node:/home/yap_han/colcon_ws/src/install/turtlebot3_msgs:/home/yap_han/colcon_ws/src/install/turtlebot3_description:/home/yap_han/colcon_ws/src/install/dynamixel_sdk:/opt/ros/humble LD_LIBRARY_PATH=/home/yap_han/colcon_ws/src/install/turtlebot3_msgs/lib:/home/yap_han/colcon_ws/src/install/dynamixel_sdk/lib:${LD_LIBRARY_PATH} PYTHONPATH=/home/yap_han/colcon_ws/src/install/turtlebot3_msgs/local/lib/python3.10/dist-packages:${PYTHONPATH} /usr/bin/cmake /home/yap_han/colcon_ws/src/turtlebot3/turtlebot3_bringup -DAMENT_CMAKE_SYMLINK_INSTALL=1 -DCMAKE_INSTALL_PREFIX=/home/yap_han/colcon_ws/src/install/turtlebot3_bringup
[0.048s] -- The C compiler identification is GNU 11.4.0
[0.086s] -- The CXX compiler identification is GNU 11.4.0
[0.091s] -- Detecting C compiler ABI info
[0.149s] -- Detecting C compiler ABI info - done
[0.155s] -- Check for working C compiler: /usr/bin/cc - skipped
[0.155s] -- Detecting C compile features
[0.156s] -- Detecting C compile features - done
[0.158s] -- Detecting CXX compiler ABI info
[0.217s] -- Detecting CXX compiler ABI info - done
[0.224s] -- Check for working CXX compiler: /usr/bin/c++ - skipped
[0.224s] -- Detecting CXX compile features
[0.224s] -- Detecting CXX compile features - done
[0.226s] -- Found ament_cmake: 1.3.11 (/opt/ros/humble/share/ament_cmake/cmake)
[0.336s] -- Found Python3: /usr/bin/python3 (found version "3.10.12") found components: Interpreter 
[0.377s] -- Override CMake install command with custom implementation using symlinks instead of copying resources
[0.435s] -- Configuring done
[0.436s] -- Generating done
[0.437s] -- Build files have been written to: /home/yap_han/colcon_ws/src/build/turtlebot3_bringup
[0.441s] Invoked command in '/home/yap_han/colcon_ws/src/build/turtlebot3_bringup' returned '0': AMENT_PREFIX_PATH=/home/yap_han/colcon_ws/src/install/turtlebot3_node:/home/yap_han/colcon_ws/src/install/turtlebot3_msgs:/home/yap_han/colcon_ws/src/install/turtlebot3_description:/home/yap_han/colcon_ws/src/install/dynamixel_sdk:${AMENT_PREFIX_PATH} CMAKE_PREFIX_PATH=/home/yap_han/colcon_ws/src/install/turtlebot3_node:/home/yap_han/colcon_ws/src/install/turtlebot3_msgs:/home/yap_han/colcon_ws/src/install/turtlebot3_description:/home/yap_han/colcon_ws/src/install/dynamixel_sdk:/opt/ros/humble LD_LIBRARY_PATH=/home/yap_han/colcon_ws/src/install/turtlebot3_msgs/lib:/home/yap_han/colcon_ws/src/install/dynamixel_sdk/lib:${LD_LIBRARY_PATH} PYTHONPATH=/home/yap_han/colcon_ws/src/install/turtlebot3_msgs/local/lib/python3.10/dist-packages:${PYTHONPATH} /usr/bin/cmake /home/yap_han/colcon_ws/src/turtlebot3/turtlebot3_bringup -DAMENT_CMAKE_SYMLINK_INSTALL=1 -DCMAKE_INSTALL_PREFIX=/home/yap_han/colcon_ws/src/install/turtlebot3_bringup
[0.442s] Invoking command in '/home/yap_han/colcon_ws/src/build/turtlebot3_bringup': AMENT_PREFIX_PATH=/home/yap_han/colcon_ws/src/install/turtlebot3_node:/home/yap_han/colcon_ws/src/install/turtlebot3_msgs:/home/yap_han/colcon_ws/src/install/turtlebot3_description:/home/yap_han/colcon_ws/src/install/dynamixel_sdk:${AMENT_PREFIX_PATH} CMAKE_PREFIX_PATH=/home/yap_han/colcon_ws/src/install/turtlebot3_node:/home/yap_han/colcon_ws/src/install/turtlebot3_msgs:/home/yap_han/colcon_ws/src/install/turtlebot3_description:/home/yap_han/colcon_ws/src/install/dynamixel_sdk:/opt/ros/humble LD_LIBRARY_PATH=/home/yap_han/colcon_ws/src/install/turtlebot3_msgs/lib:/home/yap_han/colcon_ws/src/install/dynamixel_sdk/lib:${LD_LIBRARY_PATH} PYTHONPATH=/home/yap_han/colcon_ws/src/install/turtlebot3_msgs/local/lib/python3.10/dist-packages:${PYTHONPATH} /usr/bin/cmake --build /home/yap_han/colcon_ws/src/build/turtlebot3_bringup -- -j18 -l18
[0.473s] Invoked command in '/home/yap_han/colcon_ws/src/build/turtlebot3_bringup' returned '0': AMENT_PREFIX_PATH=/home/yap_han/colcon_ws/src/install/turtlebot3_node:/home/yap_han/colcon_ws/src/install/turtlebot3_msgs:/home/yap_han/colcon_ws/src/install/turtlebot3_description:/home/yap_han/colcon_ws/src/install/dynamixel_sdk:${AMENT_PREFIX_PATH} CMAKE_PREFIX_PATH=/home/yap_han/colcon_ws/src/install/turtlebot3_node:/home/yap_han/colcon_ws/src/install/turtlebot3_msgs:/home/yap_han/colcon_ws/src/install/turtlebot3_description:/home/yap_han/colcon_ws/src/install/dynamixel_sdk:/opt/ros/humble LD_LIBRARY_PATH=/home/yap_han/colcon_ws/src/install/turtlebot3_msgs/lib:/home/yap_han/colcon_ws/src/install/dynamixel_sdk/lib:${LD_LIBRARY_PATH} PYTHONPATH=/home/yap_han/colcon_ws/src/install/turtlebot3_msgs/local/lib/python3.10/dist-packages:${PYTHONPATH} /usr/bin/cmake --build /home/yap_han/colcon_ws/src/build/turtlebot3_bringup -- -j18 -l18
[0.474s] Invoking command in '/home/yap_han/colcon_ws/src/build/turtlebot3_bringup': AMENT_PREFIX_PATH=/home/yap_han/colcon_ws/src/install/turtlebot3_node:/home/yap_han/colcon_ws/src/install/turtlebot3_msgs:/home/yap_han/colcon_ws/src/install/turtlebot3_description:/home/yap_han/colcon_ws/src/install/dynamixel_sdk:${AMENT_PREFIX_PATH} CMAKE_PREFIX_PATH=/home/yap_han/colcon_ws/src/install/turtlebot3_node:/home/yap_han/colcon_ws/src/install/turtlebot3_msgs:/home/yap_han/colcon_ws/src/install/turtlebot3_description:/home/yap_han/colcon_ws/src/install/dynamixel_sdk:/opt/ros/humble LD_LIBRARY_PATH=/home/yap_han/colcon_ws/src/install/turtlebot3_msgs/lib:/home/yap_han/colcon_ws/src/install/dynamixel_sdk/lib:${LD_LIBRARY_PATH} PYTHONPATH=/home/yap_han/colcon_ws/src/install/turtlebot3_msgs/local/lib/python3.10/dist-packages:${PYTHONPATH} /usr/bin/cmake --install /home/yap_han/colcon_ws/src/build/turtlebot3_bringup
[0.479s] -- Install configuration: ""
[0.479s] -- Execute custom install script
[0.487s] -- Symlinking: /home/yap_han/colcon_ws/src/install/turtlebot3_bringup/share/turtlebot3_bringup/launch/robot.launch.py
[0.493s] -- Symlinking: /home/yap_han/colcon_ws/src/install/turtlebot3_bringup/share/turtlebot3_bringup/launch/rviz2.launch.py
[0.500s] -- Symlinking: /home/yap_han/colcon_ws/src/install/turtlebot3_bringup/share/turtlebot3_bringup/launch/turtlebot3_state_publisher.launch.py
[0.506s] -- Symlinking: /home/yap_han/colcon_ws/src/install/turtlebot3_bringup/share/turtlebot3_bringup/param/burger.yaml
[0.510s] -- Symlinking: /home/yap_han/colcon_ws/src/install/turtlebot3_bringup/share/turtlebot3_bringup/param/waffle.yaml
[0.516s] -- Symlinking: /home/yap_han/colcon_ws/src/install/turtlebot3_bringup/share/turtlebot3_bringup/param/waffle_pi.yaml
[0.524s] -- Symlinking: /home/yap_han/colcon_ws/src/install/turtlebot3_bringup/share/turtlebot3_bringup/script/99-turtlebot3-cdc.rules
[0.529s] -- Symlinking: /home/yap_han/colcon_ws/src/install/turtlebot3_bringup/share/turtlebot3_bringup/script/create_udev_rules
[0.535s] -- Symlinking: /home/yap_han/colcon_ws/src/install/turtlebot3_bringup/share/ament_index/resource_index/package_run_dependencies/turtlebot3_bringup
[0.542s] -- Symlinking: /home/yap_han/colcon_ws/src/install/turtlebot3_bringup/share/ament_index/resource_index/parent_prefix_path/turtlebot3_bringup
[0.547s] -- Symlinking: /home/yap_han/colcon_ws/src/install/turtlebot3_bringup/share/turtlebot3_bringup/environment/ament_prefix_path.sh
[0.554s] -- Symlinking: /home/yap_han/colcon_ws/src/install/turtlebot3_bringup/share/turtlebot3_bringup/environment/ament_prefix_path.dsv
[0.560s] -- Symlinking: /home/yap_han/colcon_ws/src/install/turtlebot3_bringup/share/turtlebot3_bringup/environment/path.sh
[0.567s] -- Symlinking: /home/yap_han/colcon_ws/src/install/turtlebot3_bringup/share/turtlebot3_bringup/environment/path.dsv
[0.573s] -- Symlinking: /home/yap_han/colcon_ws/src/install/turtlebot3_bringup/share/turtlebot3_bringup/local_setup.bash
[0.578s] -- Symlinking: /home/yap_han/colcon_ws/src/install/turtlebot3_bringup/share/turtlebot3_bringup/local_setup.sh
[0.585s] -- Symlinking: /home/yap_han/colcon_ws/src/install/turtlebot3_bringup/share/turtlebot3_bringup/local_setup.zsh
[0.591s] -- Symlinking: /home/yap_han/colcon_ws/src/install/turtlebot3_bringup/share/turtlebot3_bringup/local_setup.dsv
[0.596s] -- Symlinking: /home/yap_han/colcon_ws/src/install/turtlebot3_bringup/share/turtlebot3_bringup/package.dsv
[0.603s] -- Symlinking: /home/yap_han/colcon_ws/src/install/turtlebot3_bringup/share/ament_index/resource_index/packages/turtlebot3_bringup
[0.612s] -- Symlinking: /home/yap_han/colcon_ws/src/install/turtlebot3_bringup/share/turtlebot3_bringup/cmake/turtlebot3_bringupConfig.cmake
[0.618s] -- Symlinking: /home/yap_han/colcon_ws/src/install/turtlebot3_bringup/share/turtlebot3_bringup/cmake/turtlebot3_bringupConfig-version.cmake
[0.624s] -- Symlinking: /home/yap_han/colcon_ws/src/install/turtlebot3_bringup/share/turtlebot3_bringup/package.xml
[0.635s] Invoked command in '/home/yap_han/colcon_ws/src/build/turtlebot3_bringup' returned '0': AMENT_PREFIX_PATH=/home/yap_han/colcon_ws/src/install/turtlebot3_node:/home/yap_han/colcon_ws/src/install/turtlebot3_msgs:/home/yap_han/colcon_ws/src/install/turtlebot3_description:/home/yap_han/colcon_ws/src/install/dynamixel_sdk:${AMENT_PREFIX_PATH} CMAKE_PREFIX_PATH=/home/yap_han/colcon_ws/src/install/turtlebot3_node:/home/yap_han/colcon_ws/src/install/turtlebot3_msgs:/home/yap_han/colcon_ws/src/install/turtlebot3_description:/home/yap_han/colcon_ws/src/install/dynamixel_sdk:/opt/ros/humble LD_LIBRARY_PATH=/home/yap_han/colcon_ws/src/install/turtlebot3_msgs/lib:/home/yap_han/colcon_ws/src/install/dynamixel_sdk/lib:${LD_LIBRARY_PATH} PYTHONPATH=/home/yap_han/colcon_ws/src/install/turtlebot3_msgs/local/lib/python3.10/dist-packages:${PYTHONPATH} /usr/bin/cmake --install /home/yap_han/colcon_ws/src/build/turtlebot3_bringup
