[0.010s] Invoking command in '/home/yap_han/colcon_ws/src/build/turtlebot3_simulations': AMENT_PREFIX_PATH=/home/yap_han/colcon_ws/src/install/turtlebot3_fake_node:/home/yap_han/colcon_ws/src/install/turtlebot3_msgs:/home/yap_han/colcon_ws/src/install/turtlebot3_gazebo:${AMENT_PREFIX_PATH} CMAKE_PREFIX_PATH=/home/yap_han/colcon_ws/src/install/turtlebot3_fake_node:/home/yap_han/colcon_ws/src/install/turtlebot3_msgs:/home/yap_han/colcon_ws/src/install/turtlebot3_gazebo:/opt/ros/humble LD_LIBRARY_PATH=/home/yap_han/colcon_ws/src/install/turtlebot3_msgs/lib:${LD_LIBRARY_PATH} PYTHONPATH=/home/yap_han/colcon_ws/src/install/turtlebot3_msgs/local/lib/python3.10/dist-packages:${PYTHONPATH} /usr/bin/cmake /home/yap_han/colcon_ws/src/turtlebot3_simulations/turtlebot3_simulations -DAMENT_CMAKE_SYMLINK_INSTALL=1 -DCMAKE_INSTALL_PREFIX=/home/yap_han/colcon_ws/src/install/turtlebot3_simulations
[0.055s] -- The C compiler identification is GNU 11.4.0
[0.098s] -- The CXX compiler identification is GNU 11.4.0
[0.104s] -- Detecting C compiler ABI info
[0.152s] -- Detecting C compiler ABI info - done
[0.159s] -- Check for working C compiler: /usr/bin/cc - skipped
[0.159s] -- Detecting C compile features
[0.159s] -- Detecting C compile features - done
[0.161s] -- Detecting CXX compiler ABI info
[0.216s] -- Detecting CXX compiler ABI info - done
[0.223s] -- Check for working CXX compiler: /usr/bin/c++ - skipped
[0.223s] -- Detecting CXX compile features
[0.223s] -- Detecting CXX compile features - done
[0.225s] -- Found ament_cmake: 1.3.11 (/opt/ros/humble/share/ament_cmake/cmake)
[0.339s] -- Found Python3: /usr/bin/python3 (found version "3.10.12") found components: Interpreter 
[0.376s] -- Override CMake install command with custom implementation using symlinks instead of copying resources
[0.436s] -- Configuring done
[0.438s] -- Generating done
[0.438s] -- Build files have been written to: /home/yap_han/colcon_ws/src/build/turtlebot3_simulations
[0.443s] Invoked command in '/home/yap_han/colcon_ws/src/build/turtlebot3_simulations' returned '0': AMENT_PREFIX_PATH=/home/yap_han/colcon_ws/src/install/turtlebot3_fake_node:/home/yap_han/colcon_ws/src/install/turtlebot3_msgs:/home/yap_han/colcon_ws/src/install/turtlebot3_gazebo:${AMENT_PREFIX_PATH} CMAKE_PREFIX_PATH=/home/yap_han/colcon_ws/src/install/turtlebot3_fake_node:/home/yap_han/colcon_ws/src/install/turtlebot3_msgs:/home/yap_han/colcon_ws/src/install/turtlebot3_gazebo:/opt/ros/humble LD_LIBRARY_PATH=/home/yap_han/colcon_ws/src/install/turtlebot3_msgs/lib:${LD_LIBRARY_PATH} PYTHONPATH=/home/yap_han/colcon_ws/src/install/turtlebot3_msgs/local/lib/python3.10/dist-packages:${PYTHONPATH} /usr/bin/cmake /home/yap_han/colcon_ws/src/turtlebot3_simulations/turtlebot3_simulations -DAMENT_CMAKE_SYMLINK_INSTALL=1 -DCMAKE_INSTALL_PREFIX=/home/yap_han/colcon_ws/src/install/turtlebot3_simulations
[0.444s] Invoking command in '/home/yap_han/colcon_ws/src/build/turtlebot3_simulations': AMENT_PREFIX_PATH=/home/yap_han/colcon_ws/src/install/turtlebot3_fake_node:/home/yap_han/colcon_ws/src/install/turtlebot3_msgs:/home/yap_han/colcon_ws/src/install/turtlebot3_gazebo:${AMENT_PREFIX_PATH} CMAKE_PREFIX_PATH=/home/yap_han/colcon_ws/src/install/turtlebot3_fake_node:/home/yap_han/colcon_ws/src/install/turtlebot3_msgs:/home/yap_han/colcon_ws/src/install/turtlebot3_gazebo:/opt/ros/humble LD_LIBRARY_PATH=/home/yap_han/colcon_ws/src/install/turtlebot3_msgs/lib:${LD_LIBRARY_PATH} PYTHONPATH=/home/yap_han/colcon_ws/src/install/turtlebot3_msgs/local/lib/python3.10/dist-packages:${PYTHONPATH} /usr/bin/cmake --build /home/yap_han/colcon_ws/src/build/turtlebot3_simulations -- -j18 -l18
[0.472s] Invoked command in '/home/yap_han/colcon_ws/src/build/turtlebot3_simulations' returned '0': AMENT_PREFIX_PATH=/home/yap_han/colcon_ws/src/install/turtlebot3_fake_node:/home/yap_han/colcon_ws/src/install/turtlebot3_msgs:/home/yap_han/colcon_ws/src/install/turtlebot3_gazebo:${AMENT_PREFIX_PATH} CMAKE_PREFIX_PATH=/home/yap_han/colcon_ws/src/install/turtlebot3_fake_node:/home/yap_han/colcon_ws/src/install/turtlebot3_msgs:/home/yap_han/colcon_ws/src/install/turtlebot3_gazebo:/opt/ros/humble LD_LIBRARY_PATH=/home/yap_han/colcon_ws/src/install/turtlebot3_msgs/lib:${LD_LIBRARY_PATH} PYTHONPATH=/home/yap_han/colcon_ws/src/install/turtlebot3_msgs/local/lib/python3.10/dist-packages:${PYTHONPATH} /usr/bin/cmake --build /home/yap_han/colcon_ws/src/build/turtlebot3_simulations -- -j18 -l18
[0.473s] Invoking command in '/home/yap_han/colcon_ws/src/build/turtlebot3_simulations': AMENT_PREFIX_PATH=/home/yap_han/colcon_ws/src/install/turtlebot3_fake_node:/home/yap_han/colcon_ws/src/install/turtlebot3_msgs:/home/yap_han/colcon_ws/src/install/turtlebot3_gazebo:${AMENT_PREFIX_PATH} CMAKE_PREFIX_PATH=/home/yap_han/colcon_ws/src/install/turtlebot3_fake_node:/home/yap_han/colcon_ws/src/install/turtlebot3_msgs:/home/yap_han/colcon_ws/src/install/turtlebot3_gazebo:/opt/ros/humble LD_LIBRARY_PATH=/home/yap_han/colcon_ws/src/install/turtlebot3_msgs/lib:${LD_LIBRARY_PATH} PYTHONPATH=/home/yap_han/colcon_ws/src/install/turtlebot3_msgs/local/lib/python3.10/dist-packages:${PYTHONPATH} /usr/bin/cmake --install /home/yap_han/colcon_ws/src/build/turtlebot3_simulations
[0.477s] -- Install configuration: ""
[0.477s] -- Execute custom install script
[0.477s] -- Symlinking: /home/yap_han/colcon_ws/src/install/turtlebot3_simulations/share/ament_index/resource_index/package_run_dependencies/turtlebot3_simulations
[0.482s] -- Symlinking: /home/yap_han/colcon_ws/src/install/turtlebot3_simulations/share/ament_index/resource_index/parent_prefix_path/turtlebot3_simulations
[0.489s] -- Symlinking: /home/yap_han/colcon_ws/src/install/turtlebot3_simulations/share/turtlebot3_simulations/environment/ament_prefix_path.sh
[0.494s] -- Symlinking: /home/yap_han/colcon_ws/src/install/turtlebot3_simulations/share/turtlebot3_simulations/environment/ament_prefix_path.dsv
[0.501s] -- Symlinking: /home/yap_han/colcon_ws/src/install/turtlebot3_simulations/share/turtlebot3_simulations/environment/path.sh
[0.505s] -- Symlinking: /home/yap_han/colcon_ws/src/install/turtlebot3_simulations/share/turtlebot3_simulations/environment/path.dsv
[0.510s] -- Symlinking: /home/yap_han/colcon_ws/src/install/turtlebot3_simulations/share/turtlebot3_simulations/local_setup.bash
[0.516s] -- Symlinking: /home/yap_han/colcon_ws/src/install/turtlebot3_simulations/share/turtlebot3_simulations/local_setup.sh
[0.521s] -- Symlinking: /home/yap_han/colcon_ws/src/install/turtlebot3_simulations/share/turtlebot3_simulations/local_setup.zsh
[0.526s] -- Symlinking: /home/yap_han/colcon_ws/src/install/turtlebot3_simulations/share/turtlebot3_simulations/local_setup.dsv
[0.533s] -- Symlinking: /home/yap_han/colcon_ws/src/install/turtlebot3_simulations/share/turtlebot3_simulations/package.dsv
[0.538s] -- Symlinking: /home/yap_han/colcon_ws/src/install/turtlebot3_simulations/share/ament_index/resource_index/packages/turtlebot3_simulations
[0.543s] -- Symlinking: /home/yap_han/colcon_ws/src/install/turtlebot3_simulations/share/turtlebot3_simulations/cmake/turtlebot3_simulationsConfig.cmake
[0.547s] -- Symlinking: /home/yap_han/colcon_ws/src/install/turtlebot3_simulations/share/turtlebot3_simulations/cmake/turtlebot3_simulationsConfig-version.cmake
[0.552s] -- Symlinking: /home/yap_han/colcon_ws/src/install/turtlebot3_simulations/share/turtlebot3_simulations/package.xml
[0.559s] Invoked command in '/home/yap_han/colcon_ws/src/build/turtlebot3_simulations' returned '0': AMENT_PREFIX_PATH=/home/yap_han/colcon_ws/src/install/turtlebot3_fake_node:/home/yap_han/colcon_ws/src/install/turtlebot3_msgs:/home/yap_han/colcon_ws/src/install/turtlebot3_gazebo:${AMENT_PREFIX_PATH} CMAKE_PREFIX_PATH=/home/yap_han/colcon_ws/src/install/turtlebot3_fake_node:/home/yap_han/colcon_ws/src/install/turtlebot3_msgs:/home/yap_han/colcon_ws/src/install/turtlebot3_gazebo:/opt/ros/humble LD_LIBRARY_PATH=/home/yap_han/colcon_ws/src/install/turtlebot3_msgs/lib:${LD_LIBRARY_PATH} PYTHONPATH=/home/yap_han/colcon_ws/src/install/turtlebot3_msgs/local/lib/python3.10/dist-packages:${PYTHONPATH} /usr/bin/cmake --install /home/yap_han/colcon_ws/src/build/turtlebot3_simulations
