[0.015s] Invoking command in '/home/yap_han/colcon_ws/build/turtlebot3_bringup': CMAKE_PREFIX_PATH=/home/yap_han/colcon_ws/install/turtlebot3_node:/home/yap_han/colcon_ws/install/turtlebot3_msgs:/home/yap_han/colcon_ws/install/turtlebot3_description:/home/yap_han/colcon_ws/install/dynamixel_sdk:/home/yap_han/colcon_ws/install/turtlebot3:/home/yap_han/colcon_ws/install/turtlebot3_simulations:/home/yap_han/colcon_ws/install/turtlebot3_bringup:/home/yap_han/colcon_ws/install/turtlebot3_navigation2:/home/yap_han/colcon_ws/install/turtlebot3_fake_node:/home/yap_han/colcon_ws/install/turtlebot3_gazebo:/home/yap_han/colcon_ws/install/turtlebot3_cartographer:/home/yap_han/colcon_ws/install/dynamixel_sdk_examples:/home/yap_han/colcon_ws/install/dynamixel_sdk_custom_interfaces:/home/yap_han/colcon_ws/install/turtlebot3_teleop:/home/yap_han/colcon_ws/install/turtlebot3_example:/home/yap_han/colcon_ws/install/py_pubsub:/home/yap_han/colcon_ws/install/auto_nav:/home/yap_han/install/auto_nav:/opt/ros/humble LD_LIBRARY_PATH=/home/yap_han/colcon_ws/install/turtlebot3_msgs/lib:/home/yap_han/colcon_ws/install/dynamixel_sdk/lib:/home/yap_han/colcon_ws/install/dynamixel_sdk_custom_interfaces/lib:/usr/lib/x86_64-linux-gnu/gazebo-11/plugins:/opt/ros/humble/opt/rviz_ogre_vendor/lib:/opt/ros/humble/lib/x86_64-linux-gnu:/opt/ros/humble/lib /usr/bin/cmake --build /home/yap_han/colcon_ws/build/turtlebot3_bringup -- -j18 -l18
[0.051s] Invoked command in '/home/yap_han/colcon_ws/build/turtlebot3_bringup' returned '0': CMAKE_PREFIX_PATH=/home/yap_han/colcon_ws/install/turtlebot3_node:/home/yap_han/colcon_ws/install/turtlebot3_msgs:/home/yap_han/colcon_ws/install/turtlebot3_description:/home/yap_han/colcon_ws/install/dynamixel_sdk:/home/yap_han/colcon_ws/install/turtlebot3:/home/yap_han/colcon_ws/install/turtlebot3_simulations:/home/yap_han/colcon_ws/install/turtlebot3_bringup:/home/yap_han/colcon_ws/install/turtlebot3_navigation2:/home/yap_han/colcon_ws/install/turtlebot3_fake_node:/home/yap_han/colcon_ws/install/turtlebot3_gazebo:/home/yap_han/colcon_ws/install/turtlebot3_cartographer:/home/yap_han/colcon_ws/install/dynamixel_sdk_examples:/home/yap_han/colcon_ws/install/dynamixel_sdk_custom_interfaces:/home/yap_han/colcon_ws/install/turtlebot3_teleop:/home/yap_han/colcon_ws/install/turtlebot3_example:/home/yap_han/colcon_ws/install/py_pubsub:/home/yap_han/colcon_ws/install/auto_nav:/home/yap_han/install/auto_nav:/opt/ros/humble LD_LIBRARY_PATH=/home/yap_han/colcon_ws/install/turtlebot3_msgs/lib:/home/yap_han/colcon_ws/install/dynamixel_sdk/lib:/home/yap_han/colcon_ws/install/dynamixel_sdk_custom_interfaces/lib:/usr/lib/x86_64-linux-gnu/gazebo-11/plugins:/opt/ros/humble/opt/rviz_ogre_vendor/lib:/opt/ros/humble/lib/x86_64-linux-gnu:/opt/ros/humble/lib /usr/bin/cmake --build /home/yap_han/colcon_ws/build/turtlebot3_bringup -- -j18 -l18
[0.053s] Invoking command in '/home/yap_han/colcon_ws/build/turtlebot3_bringup': CMAKE_PREFIX_PATH=/home/yap_han/colcon_ws/install/turtlebot3_node:/home/yap_han/colcon_ws/install/turtlebot3_msgs:/home/yap_han/colcon_ws/install/turtlebot3_description:/home/yap_han/colcon_ws/install/dynamixel_sdk:/home/yap_han/colcon_ws/install/turtlebot3:/home/yap_han/colcon_ws/install/turtlebot3_simulations:/home/yap_han/colcon_ws/install/turtlebot3_bringup:/home/yap_han/colcon_ws/install/turtlebot3_navigation2:/home/yap_han/colcon_ws/install/turtlebot3_fake_node:/home/yap_han/colcon_ws/install/turtlebot3_gazebo:/home/yap_han/colcon_ws/install/turtlebot3_cartographer:/home/yap_han/colcon_ws/install/dynamixel_sdk_examples:/home/yap_han/colcon_ws/install/dynamixel_sdk_custom_interfaces:/home/yap_han/colcon_ws/install/turtlebot3_teleop:/home/yap_han/colcon_ws/install/turtlebot3_example:/home/yap_han/colcon_ws/install/py_pubsub:/home/yap_han/colcon_ws/install/auto_nav:/home/yap_han/install/auto_nav:/opt/ros/humble LD_LIBRARY_PATH=/home/yap_han/colcon_ws/install/turtlebot3_msgs/lib:/home/yap_han/colcon_ws/install/dynamixel_sdk/lib:/home/yap_han/colcon_ws/install/dynamixel_sdk_custom_interfaces/lib:/usr/lib/x86_64-linux-gnu/gazebo-11/plugins:/opt/ros/humble/opt/rviz_ogre_vendor/lib:/opt/ros/humble/lib/x86_64-linux-gnu:/opt/ros/humble/lib /usr/bin/cmake --install /home/yap_han/colcon_ws/build/turtlebot3_bringup
[0.060s] -- Install configuration: ""
[0.060s] -- Up-to-date: /home/yap_han/colcon_ws/install/turtlebot3_bringup/share/turtlebot3_bringup/launch
[0.061s] -- Up-to-date: /home/yap_han/colcon_ws/install/turtlebot3_bringup/share/turtlebot3_bringup/launch/rviz2.launch.py
[0.061s] -- Up-to-date: /home/yap_han/colcon_ws/install/turtlebot3_bringup/share/turtlebot3_bringup/launch/turtlebot3_state_publisher.launch.py
[0.061s] -- Up-to-date: /home/yap_han/colcon_ws/install/turtlebot3_bringup/share/turtlebot3_bringup/launch/robot.launch.py
[0.061s] -- Up-to-date: /home/yap_han/colcon_ws/install/turtlebot3_bringup/share/turtlebot3_bringup/param
[0.061s] -- Up-to-date: /home/yap_han/colcon_ws/install/turtlebot3_bringup/share/turtlebot3_bringup/param/waffle_pi.yaml
[0.061s] -- Up-to-date: /home/yap_han/colcon_ws/install/turtlebot3_bringup/share/turtlebot3_bringup/param/waffle.yaml
[0.061s] -- Up-to-date: /home/yap_han/colcon_ws/install/turtlebot3_bringup/share/turtlebot3_bringup/param/burger.yaml
[0.061s] -- Up-to-date: /home/yap_han/colcon_ws/install/turtlebot3_bringup/share/turtlebot3_bringup/script
[0.062s] -- Up-to-date: /home/yap_han/colcon_ws/install/turtlebot3_bringup/share/turtlebot3_bringup/script/99-turtlebot3-cdc.rules
[0.062s] -- Up-to-date: /home/yap_han/colcon_ws/install/turtlebot3_bringup/share/turtlebot3_bringup/script/create_udev_rules
[0.062s] -- Up-to-date: /home/yap_han/colcon_ws/install/turtlebot3_bringup/share/ament_index/resource_index/package_run_dependencies/turtlebot3_bringup
[0.062s] -- Up-to-date: /home/yap_han/colcon_ws/install/turtlebot3_bringup/share/ament_index/resource_index/parent_prefix_path/turtlebot3_bringup
[0.062s] -- Up-to-date: /home/yap_han/colcon_ws/install/turtlebot3_bringup/share/turtlebot3_bringup/environment/ament_prefix_path.sh
[0.062s] -- Up-to-date: /home/yap_han/colcon_ws/install/turtlebot3_bringup/share/turtlebot3_bringup/environment/ament_prefix_path.dsv
[0.062s] -- Up-to-date: /home/yap_han/colcon_ws/install/turtlebot3_bringup/share/turtlebot3_bringup/environment/path.sh
[0.062s] -- Up-to-date: /home/yap_han/colcon_ws/install/turtlebot3_bringup/share/turtlebot3_bringup/environment/path.dsv
[0.062s] -- Up-to-date: /home/yap_han/colcon_ws/install/turtlebot3_bringup/share/turtlebot3_bringup/local_setup.bash
[0.062s] -- Up-to-date: /home/yap_han/colcon_ws/install/turtlebot3_bringup/share/turtlebot3_bringup/local_setup.sh
[0.062s] -- Up-to-date: /home/yap_han/colcon_ws/install/turtlebot3_bringup/share/turtlebot3_bringup/local_setup.zsh
[0.062s] -- Up-to-date: /home/yap_han/colcon_ws/install/turtlebot3_bringup/share/turtlebot3_bringup/local_setup.dsv
[0.062s] -- Installing: /home/yap_han/colcon_ws/install/turtlebot3_bringup/share/turtlebot3_bringup/package.dsv
[0.062s] -- Up-to-date: /home/yap_han/colcon_ws/install/turtlebot3_bringup/share/ament_index/resource_index/packages/turtlebot3_bringup
[0.062s] -- Up-to-date: /home/yap_han/colcon_ws/install/turtlebot3_bringup/share/turtlebot3_bringup/cmake/turtlebot3_bringupConfig.cmake
[0.063s] -- Up-to-date: /home/yap_han/colcon_ws/install/turtlebot3_bringup/share/turtlebot3_bringup/cmake/turtlebot3_bringupConfig-version.cmake
[0.063s] -- Up-to-date: /home/yap_han/colcon_ws/install/turtlebot3_bringup/share/turtlebot3_bringup/package.xml
[0.094s] Invoked command in '/home/yap_han/colcon_ws/build/turtlebot3_bringup' returned '0': CMAKE_PREFIX_PATH=/home/yap_han/colcon_ws/install/turtlebot3_node:/home/yap_han/colcon_ws/install/turtlebot3_msgs:/home/yap_han/colcon_ws/install/turtlebot3_description:/home/yap_han/colcon_ws/install/dynamixel_sdk:/home/yap_han/colcon_ws/install/turtlebot3:/home/yap_han/colcon_ws/install/turtlebot3_simulations:/home/yap_han/colcon_ws/install/turtlebot3_bringup:/home/yap_han/colcon_ws/install/turtlebot3_navigation2:/home/yap_han/colcon_ws/install/turtlebot3_fake_node:/home/yap_han/colcon_ws/install/turtlebot3_gazebo:/home/yap_han/colcon_ws/install/turtlebot3_cartographer:/home/yap_han/colcon_ws/install/dynamixel_sdk_examples:/home/yap_han/colcon_ws/install/dynamixel_sdk_custom_interfaces:/home/yap_han/colcon_ws/install/turtlebot3_teleop:/home/yap_han/colcon_ws/install/turtlebot3_example:/home/yap_han/colcon_ws/install/py_pubsub:/home/yap_han/colcon_ws/install/auto_nav:/home/yap_han/install/auto_nav:/opt/ros/humble LD_LIBRARY_PATH=/home/yap_han/colcon_ws/install/turtlebot3_msgs/lib:/home/yap_han/colcon_ws/install/dynamixel_sdk/lib:/home/yap_han/colcon_ws/install/dynamixel_sdk_custom_interfaces/lib:/usr/lib/x86_64-linux-gnu/gazebo-11/plugins:/opt/ros/humble/opt/rviz_ogre_vendor/lib:/opt/ros/humble/lib/x86_64-linux-gnu:/opt/ros/humble/lib /usr/bin/cmake --install /home/yap_han/colcon_ws/build/turtlebot3_bringup
