[0.016s] Invoking command in '/home/yap_han/colcon_ws/src/build/turtlebot3_node': AMENT_PREFIX_PATH=/home/yap_han/colcon_ws/src/install/turtlebot3_msgs:/home/yap_han/colcon_ws/src/install/dynamixel_sdk:${AMENT_PREFIX_PATH} CMAKE_PREFIX_PATH=/home/yap_han/colcon_ws/src/install/turtlebot3_msgs:/home/yap_han/colcon_ws/src/install/dynamixel_sdk:/opt/ros/humble LD_LIBRARY_PATH=/home/yap_han/colcon_ws/src/install/turtlebot3_msgs/lib:/home/yap_han/colcon_ws/src/install/dynamixel_sdk/lib:${LD_LIBRARY_PATH} PYTHONPATH=/home/yap_han/colcon_ws/src/install/turtlebot3_msgs/local/lib/python3.10/dist-packages:${PYTHONPATH} /usr/bin/cmake /home/yap_han/colcon_ws/src/turtlebot3/turtlebot3_node -DAMENT_CMAKE_SYMLINK_INSTALL=1 -DCMAKE_INSTALL_PREFIX=/home/yap_han/colcon_ws/src/install/turtlebot3_node
[0.300s] -- The C compiler identification is GNU 11.4.0
[0.300s] -- The CXX compiler identification is GNU 11.4.0
[0.300s] -- Detecting C compiler ABI info
[0.301s] -- Detecting C compiler ABI info - done
[0.301s] -- Check for working C compiler: /usr/bin/cc - skipped
[0.301s] -- Detecting C compile features
[0.301s] -- Detecting C compile features - done
[0.301s] -- Detecting CXX compiler ABI info
[0.307s] -- Detecting CXX compiler ABI info - done
[0.316s] -- Check for working CXX compiler: /usr/bin/c++ - skipped
[0.316s] -- Detecting CXX compile features
[0.316s] -- Detecting CXX compile features - done
[0.319s] -- Found ament_cmake: 1.3.11 (/opt/ros/humble/share/ament_cmake/cmake)
[0.494s] -- Found Python3: /usr/bin/python3 (found version "3.10.12") found components: Interpreter 
[0.564s] -- Override CMake install command with custom implementation using symlinks instead of copying resources
[0.588s] -- Found dynamixel_sdk: 3.7.60 (/home/yap_han/colcon_ws/src/install/dynamixel_sdk/share/dynamixel_sdk/cmake)
[0.591s] -- Found geometry_msgs: 4.2.4 (/opt/ros/humble/share/geometry_msgs/cmake)
[0.625s] -- Found rosidl_generator_c: 3.1.6 (/opt/ros/humble/share/rosidl_generator_c/cmake)
[0.630s] -- Found rosidl_adapter: 3.1.6 (/opt/ros/humble/share/rosidl_adapter/cmake)
[0.638s] -- Found rosidl_generator_cpp: 3.1.6 (/opt/ros/humble/share/rosidl_generator_cpp/cmake)
[0.649s] -- Using all available rosidl_typesupport_c: rosidl_typesupport_fastrtps_c;rosidl_typesupport_introspection_c
[0.664s] -- Using all available rosidl_typesupport_cpp: rosidl_typesupport_fastrtps_cpp;rosidl_typesupport_introspection_cpp
[0.712s] -- Found message_filters: 4.3.5 (/opt/ros/humble/share/message_filters/cmake)
[0.753s] -- Found rmw_implementation_cmake: 6.1.2 (/opt/ros/humble/share/rmw_implementation_cmake/cmake)
[0.756s] -- Found rmw_fastrtps_cpp: 6.2.7 (/opt/ros/humble/share/rmw_fastrtps_cpp/cmake)
[0.842s] -- Found OpenSSL: /usr/lib/x86_64-linux-gnu/libcrypto.so (found version "3.0.2")  
[0.873s] -- Found FastRTPS: /opt/ros/humble/include  
[0.917s] -- Using RMW implementation 'rmw_fastrtps_cpp' as default
[0.925s] -- Looking for pthread.h
[1.000s] -- Looking for pthread.h - found
[1.000s] -- Performing Test CMAKE_HAVE_LIBC_PTHREAD
[1.078s] -- Performing Test CMAKE_HAVE_LIBC_PTHREAD - Success
[1.080s] -- Found Threads: TRUE  
[1.120s] -- Found nav_msgs: 4.2.4 (/opt/ros/humble/share/nav_msgs/cmake)
[1.137s] -- Found sensor_msgs: 4.2.4 (/opt/ros/humble/share/sensor_msgs/cmake)
[1.163s] -- Found std_srvs: 4.2.4 (/opt/ros/humble/share/std_srvs/cmake)
[1.176s] -- Found tf2: 0.25.12 (/opt/ros/humble/share/tf2/cmake)
[1.187s] -- Found tf2_ros: 0.25.12 (/opt/ros/humble/share/tf2_ros/cmake)
[1.290s] -- Found turtlebot3_msgs: 2.2.3 (/home/yap_han/colcon_ws/src/install/turtlebot3_msgs/share/turtlebot3_msgs/cmake)
[1.379s] -- Configuring done
[1.391s] -- Generating done
[1.395s] -- Build files have been written to: /home/yap_han/colcon_ws/src/build/turtlebot3_node
[1.405s] Invoked command in '/home/yap_han/colcon_ws/src/build/turtlebot3_node' returned '0': AMENT_PREFIX_PATH=/home/yap_han/colcon_ws/src/install/turtlebot3_msgs:/home/yap_han/colcon_ws/src/install/dynamixel_sdk:${AMENT_PREFIX_PATH} CMAKE_PREFIX_PATH=/home/yap_han/colcon_ws/src/install/turtlebot3_msgs:/home/yap_han/colcon_ws/src/install/dynamixel_sdk:/opt/ros/humble LD_LIBRARY_PATH=/home/yap_han/colcon_ws/src/install/turtlebot3_msgs/lib:/home/yap_han/colcon_ws/src/install/dynamixel_sdk/lib:${LD_LIBRARY_PATH} PYTHONPATH=/home/yap_han/colcon_ws/src/install/turtlebot3_msgs/local/lib/python3.10/dist-packages:${PYTHONPATH} /usr/bin/cmake /home/yap_han/colcon_ws/src/turtlebot3/turtlebot3_node -DAMENT_CMAKE_SYMLINK_INSTALL=1 -DCMAKE_INSTALL_PREFIX=/home/yap_han/colcon_ws/src/install/turtlebot3_node
[1.405s] Invoking command in '/home/yap_han/colcon_ws/src/build/turtlebot3_node': AMENT_PREFIX_PATH=/home/yap_han/colcon_ws/src/install/turtlebot3_msgs:/home/yap_han/colcon_ws/src/install/dynamixel_sdk:${AMENT_PREFIX_PATH} CMAKE_PREFIX_PATH=/home/yap_han/colcon_ws/src/install/turtlebot3_msgs:/home/yap_han/colcon_ws/src/install/dynamixel_sdk:/opt/ros/humble LD_LIBRARY_PATH=/home/yap_han/colcon_ws/src/install/turtlebot3_msgs/lib:/home/yap_han/colcon_ws/src/install/dynamixel_sdk/lib:${LD_LIBRARY_PATH} PYTHONPATH=/home/yap_han/colcon_ws/src/install/turtlebot3_msgs/local/lib/python3.10/dist-packages:${PYTHONPATH} /usr/bin/cmake --build /home/yap_han/colcon_ws/src/build/turtlebot3_node -- -j18 -l18
[1.456s] [  7%] [32mBuilding CXX object CMakeFiles/turtlebot3_node_lib.dir/src/odometry.cpp.o[0m
[1.456s] [ 21%] [32mBuilding CXX object CMakeFiles/turtlebot3_node_lib.dir/src/dynamixel_sdk_wrapper.cpp.o[0m
[1.456s] [ 21%] [32mBuilding CXX object CMakeFiles/turtlebot3_node_lib.dir/src/devices/sound.cpp.o[0m
[1.456s] [ 28%] [32mBuilding CXX object CMakeFiles/turtlebot3_node_lib.dir/src/turtlebot3.cpp.o[0m
[1.456s] [ 35%] [32mBuilding CXX object CMakeFiles/turtlebot3_node_lib.dir/src/devices/motor_power.cpp.o[0m
[1.457s] [ 50%] [32mBuilding CXX object CMakeFiles/turtlebot3_node_lib.dir/src/diff_drive_controller.cpp.o[0m
[1.457s] [ 50%] [32mBuilding CXX object CMakeFiles/turtlebot3_node_lib.dir/src/devices/reset.cpp.o[0m
[1.458s] [ 64%] [32mBuilding CXX object CMakeFiles/turtlebot3_node_lib.dir/src/sensors/battery_state.cpp.o[0m
[1.458s] [ 64%] [32mBuilding CXX object CMakeFiles/turtlebot3_node_lib.dir/src/sensors/imu.cpp.o[0m
[1.458s] [ 71%] [32mBuilding CXX object CMakeFiles/turtlebot3_node_lib.dir/src/sensors/sensor_state.cpp.o[0m
[1.460s] [ 78%] [32mBuilding CXX object CMakeFiles/turtlebot3_node_lib.dir/src/sensors/joint_state.cpp.o[0m
[13.560s] [ 85%] [32m[1mLinking CXX static library libturtlebot3_node_lib.a[0m
[13.959s] [ 85%] Built target turtlebot3_node_lib
[13.974s] [ 92%] [32mBuilding CXX object CMakeFiles/turtlebot3_ros.dir/src/node_main.cpp.o[0m
[15.952s] [100%] [32m[1mLinking CXX executable turtlebot3_ros[0m
[17.056s] [100%] Built target turtlebot3_ros
[17.067s] Invoked command in '/home/yap_han/colcon_ws/src/build/turtlebot3_node' returned '0': AMENT_PREFIX_PATH=/home/yap_han/colcon_ws/src/install/turtlebot3_msgs:/home/yap_han/colcon_ws/src/install/dynamixel_sdk:${AMENT_PREFIX_PATH} CMAKE_PREFIX_PATH=/home/yap_han/colcon_ws/src/install/turtlebot3_msgs:/home/yap_han/colcon_ws/src/install/dynamixel_sdk:/opt/ros/humble LD_LIBRARY_PATH=/home/yap_han/colcon_ws/src/install/turtlebot3_msgs/lib:/home/yap_han/colcon_ws/src/install/dynamixel_sdk/lib:${LD_LIBRARY_PATH} PYTHONPATH=/home/yap_han/colcon_ws/src/install/turtlebot3_msgs/local/lib/python3.10/dist-packages:${PYTHONPATH} /usr/bin/cmake --build /home/yap_han/colcon_ws/src/build/turtlebot3_node -- -j18 -l18
[17.068s] Invoking command in '/home/yap_han/colcon_ws/src/build/turtlebot3_node': AMENT_PREFIX_PATH=/home/yap_han/colcon_ws/src/install/turtlebot3_msgs:/home/yap_han/colcon_ws/src/install/dynamixel_sdk:${AMENT_PREFIX_PATH} CMAKE_PREFIX_PATH=/home/yap_han/colcon_ws/src/install/turtlebot3_msgs:/home/yap_han/colcon_ws/src/install/dynamixel_sdk:/opt/ros/humble LD_LIBRARY_PATH=/home/yap_han/colcon_ws/src/install/turtlebot3_msgs/lib:/home/yap_han/colcon_ws/src/install/dynamixel_sdk/lib:${LD_LIBRARY_PATH} PYTHONPATH=/home/yap_han/colcon_ws/src/install/turtlebot3_msgs/local/lib/python3.10/dist-packages:${PYTHONPATH} /usr/bin/cmake --install /home/yap_han/colcon_ws/src/build/turtlebot3_node
[17.073s] -- Install configuration: ""
[17.073s] -- Execute custom install script
[17.074s] -- Symlinking: /home/yap_han/colcon_ws/src/install/turtlebot3_node/share/turtlebot3_node/param/burger.yaml
[17.082s] -- Symlinking: /home/yap_han/colcon_ws/src/install/turtlebot3_node/share/turtlebot3_node/param/waffle.yaml
[17.087s] -- Symlinking: /home/yap_han/colcon_ws/src/install/turtlebot3_node/share/turtlebot3_node/param/waffle_pi.yaml
[17.094s] -- Symlinking: /home/yap_han/colcon_ws/src/install/turtlebot3_node/lib/turtlebot3_node/turtlebot3_ros
[17.100s] -- Symlinking: /home/yap_han/colcon_ws/src/install/turtlebot3_node/share/ament_index/resource_index/package_run_dependencies/turtlebot3_node
[17.104s] -- Symlinking: /home/yap_han/colcon_ws/src/install/turtlebot3_node/share/ament_index/resource_index/parent_prefix_path/turtlebot3_node
[17.110s] -- Symlinking: /home/yap_han/colcon_ws/src/install/turtlebot3_node/share/turtlebot3_node/environment/ament_prefix_path.sh
[17.116s] -- Symlinking: /home/yap_han/colcon_ws/src/install/turtlebot3_node/share/turtlebot3_node/environment/ament_prefix_path.dsv
[17.120s] -- Symlinking: /home/yap_han/colcon_ws/src/install/turtlebot3_node/share/turtlebot3_node/environment/path.sh
[17.126s] -- Symlinking: /home/yap_han/colcon_ws/src/install/turtlebot3_node/share/turtlebot3_node/environment/path.dsv
[17.133s] -- Symlinking: /home/yap_han/colcon_ws/src/install/turtlebot3_node/share/turtlebot3_node/local_setup.bash
[17.139s] -- Symlinking: /home/yap_han/colcon_ws/src/install/turtlebot3_node/share/turtlebot3_node/local_setup.sh
[17.145s] -- Symlinking: /home/yap_han/colcon_ws/src/install/turtlebot3_node/share/turtlebot3_node/local_setup.zsh
[17.150s] -- Symlinking: /home/yap_han/colcon_ws/src/install/turtlebot3_node/share/turtlebot3_node/local_setup.dsv
[17.155s] -- Symlinking: /home/yap_han/colcon_ws/src/install/turtlebot3_node/share/turtlebot3_node/package.dsv
[17.164s] -- Symlinking: /home/yap_han/colcon_ws/src/install/turtlebot3_node/share/ament_index/resource_index/packages/turtlebot3_node
[17.169s] -- Symlinking: /home/yap_han/colcon_ws/src/install/turtlebot3_node/share/turtlebot3_node/cmake/ament_cmake_export_include_directories-extras.cmake
[17.176s] -- Symlinking: /home/yap_han/colcon_ws/src/install/turtlebot3_node/share/turtlebot3_node/cmake/turtlebot3_nodeConfig.cmake
[17.182s] -- Symlinking: /home/yap_han/colcon_ws/src/install/turtlebot3_node/share/turtlebot3_node/cmake/turtlebot3_nodeConfig-version.cmake
[17.188s] -- Symlinking: /home/yap_han/colcon_ws/src/install/turtlebot3_node/share/turtlebot3_node/package.xml
[17.195s] Invoked command in '/home/yap_han/colcon_ws/src/build/turtlebot3_node' returned '0': AMENT_PREFIX_PATH=/home/yap_han/colcon_ws/src/install/turtlebot3_msgs:/home/yap_han/colcon_ws/src/install/dynamixel_sdk:${AMENT_PREFIX_PATH} CMAKE_PREFIX_PATH=/home/yap_han/colcon_ws/src/install/turtlebot3_msgs:/home/yap_han/colcon_ws/src/install/dynamixel_sdk:/opt/ros/humble LD_LIBRARY_PATH=/home/yap_han/colcon_ws/src/install/turtlebot3_msgs/lib:/home/yap_han/colcon_ws/src/install/dynamixel_sdk/lib:${LD_LIBRARY_PATH} PYTHONPATH=/home/yap_han/colcon_ws/src/install/turtlebot3_msgs/local/lib/python3.10/dist-packages:${PYTHONPATH} /usr/bin/cmake --install /home/yap_han/colcon_ws/src/build/turtlebot3_node
