[0.033s] Invoking command in '/home/yap_han/colcon_ws/build/turtlebot3_gazebo': CMAKE_PREFIX_PATH=${CMAKE_PREFIX_PATH}:/home/yap_han/colcon_ws/install/turtlebot3_teleop:/home/yap_han/colcon_ws/install/turtlebot3_example:/home/yap_han/colcon_ws/install/py_pubsub:/home/yap_han/colcon_ws/install/explore_lite:/home/yap_han/colcon_ws/install/nav2_simple_commander:/home/yap_han/colcon_ws/install/auto_nav:/home/yap_han/install/auto_nav:/opt/ros/humble /usr/bin/cmake /home/yap_han/colcon_ws/src/turtlebot3_simulations/turtlebot3_gazebo -DCMAKE_INSTALL_PREFIX=/home/yap_han/colcon_ws/install/turtlebot3_gazebo
[0.314s] -- The C compiler identification is GNU 11.4.0
[0.314s] -- The CXX compiler identification is GNU 11.4.0
[0.314s] -- Detecting C compiler ABI info
[0.314s] -- Detecting C compiler ABI info - done
[0.314s] -- Check for working C compiler: /usr/bin/cc - skipped
[0.314s] -- Detecting C compile features
[0.314s] -- Detecting C compile features - done
[0.314s] -- Detecting CXX compiler ABI info
[0.314s] -- Detecting CXX compiler ABI info - done
[0.314s] -- Check for working CXX compiler: /usr/bin/c++ - skipped
[0.314s] -- Detecting CXX compile features
[0.314s] -- Detecting CXX compile features - done
[0.314s] -- Found ament_cmake: 1.3.11 (/opt/ros/humble/share/ament_cmake/cmake)
[0.542s] -- Found Python3: /usr/bin/python3 (found version "3.10.12") found components: Interpreter 
[0.634s] -- Found PkgConfig: /usr/bin/pkg-config (found version "0.29.2") 
[0.637s] -- Checking for module 'bullet>=2.82'
[0.651s] --   Found bullet, version 3.05
[0.749s] -- Found fcl: /usr/include (found suitable version "0.7.0", minimum required is "0.5.0") 
[0.855s] -- Found assimp: /usr/include (found version "5.2.0") 
[0.911s] -- Found DART: /usr/include (Required is at least version "6.6") found components: dart 
[1.094s] -- Found Boost: /usr/lib/x86_64-linux-gnu/cmake/Boost-1.74.0/BoostConfig.cmake (found suitable version "1.74.0", minimum required is "1.40.0") found components: thread system filesystem program_options regex iostreams date_time 
[1.125s] -- Found Protobuf: /usr/lib/x86_64-linux-gnu/libprotobuf.so (found version "3.12.4") 
[1.131s] -- Looking for ignition-math6 -- found version 6.15.1
[1.143s] -- Searching for dependencies of ignition-math6
[1.145s] -- Looking for OGRE...
[1.145s] -- OGRE_PREFIX_WATCH changed.
[1.152s] -- Checking for module 'OGRE'
[1.170s] --   Found OGRE, version 1.9.0
[1.201s] -- Found Ogre Ghadamon (1.9.0)
[1.222s] -- Found OGRE: optimized;/usr/lib/x86_64-linux-gnu/libOgreMain.so;debug;/usr/lib/x86_64-linux-gnu/libOgreMain.so
[1.233s] -- Looking for OGRE_Paging...
[1.238s] -- Found OGRE_Paging: optimized;/usr/lib/x86_64-linux-gnu/libOgrePaging.so;debug;/usr/lib/x86_64-linux-gnu/libOgrePaging.so
[1.238s] -- Looking for OGRE_Terrain...
[1.242s] -- Found OGRE_Terrain: optimized;/usr/lib/x86_64-linux-gnu/libOgreTerrain.so;debug;/usr/lib/x86_64-linux-gnu/libOgreTerrain.so
[1.242s] -- Looking for OGRE_Property...
[1.247s] -- Found OGRE_Property: optimized;/usr/lib/x86_64-linux-gnu/libOgreProperty.so;debug;/usr/lib/x86_64-linux-gnu/libOgreProperty.so
[1.247s] -- Looking for OGRE_RTShaderSystem...
[1.252s] -- Found OGRE_RTShaderSystem: optimized;/usr/lib/x86_64-linux-gnu/libOgreRTShaderSystem.so;debug;/usr/lib/x86_64-linux-gnu/libOgreRTShaderSystem.so
[1.252s] -- Looking for OGRE_Volume...
[1.256s] -- Found OGRE_Volume: optimized;/usr/lib/x86_64-linux-gnu/libOgreVolume.so;debug;/usr/lib/x86_64-linux-gnu/libOgreVolume.so
[1.256s] -- Looking for OGRE_Overlay...
[1.260s] -- Found OGRE_Overlay: optimized;/usr/lib/x86_64-linux-gnu/libOgreOverlay.so;debug;/usr/lib/x86_64-linux-gnu/libOgreOverlay.so
[1.360s] -- Looking for ignition-math6 -- found version 6.15.1
[1.362s] -- Looking for ignition-transport8 -- found version 8.2.1
[1.362s] -- Searching for dependencies of ignition-transport8
[1.377s] -- Found Protobuf: /usr/lib/x86_64-linux-gnu/libprotobuf.so (found suitable version "3.12.4", minimum required is "3") 
[1.387s] -- Config-file not installed for ZeroMQ -- checking for pkg-config
[1.393s] -- Checking for module 'libzmq >= 4'
[1.410s] --   Found libzmq , version 4.3.4
[1.444s] -- Found ZeroMQ: TRUE (Required is at least version "4") 
[1.451s] -- Checking for module 'uuid'
[1.462s] --   Found uuid, version 2.37.2
[1.492s] -- Found UUID: TRUE  
[1.494s] -- Looking for ignition-msgs5 -- found version 5.8.1
[1.494s] -- Searching for dependencies of ignition-msgs5
[1.507s] -- Looking for ignition-math6 -- found version 6.15.1
[1.512s] -- Checking for module 'tinyxml2'
[1.526s] --   Found tinyxml2, version 9.0.0
[1.556s] -- Looking for ignition-msgs5 -- found version 5.8.1
[1.558s] -- Looking for ignition-common3 -- found version 3.14.0
[1.558s] -- Searching for dependencies of ignition-common3
[1.559s] -- Looking for dlfcn.h - found
[1.560s] -- Looking for libdl - found
[1.561s] -- Found DL: TRUE  
[1.571s] -- Found tinyobjloader: /usr/lib/x86_64-linux-gnu/cmake/tinyobjloader/tinyobjloader-config.cmake (found version "2.0.0") 
[1.572s] -- Searching for <ignition-common3> component [graphics]
[1.574s] -- Looking for ignition-common3-graphics -- found version 3.14.0
[1.574s] -- Searching for dependencies of ignition-common3-graphics
[1.575s] -- Looking for ignition-math6 -- found version 6.15.1
[1.577s] -- Looking for ignition-fuel_tools4 -- found version 4.4.0
[1.577s] -- Searching for dependencies of ignition-fuel_tools4
[1.648s] -- Found CURL: /usr/lib/x86_64-linux-gnu/libcurl.so (found version "7.81.0")  
[1.655s] -- Checking for module 'jsoncpp'
[1.667s] --   Found jsoncpp, version 1.9.5
[1.698s] -- Found JSONCPP: TRUE  
[1.707s] -- Checking for module 'libzip'
[1.719s] --   Found libzip, version 1.7.3
[1.750s] -- Found ZIP: TRUE  
[1.751s] -- Looking for ignition-common3 -- found version 3.14.0
[1.751s] -- Looking for ignition-math6 -- found version 6.15.1
[1.751s] -- Looking for ignition-msgs5 -- found version 5.8.1
[1.758s] -- Found gazebo_ros_pkgs: 3.9.0 (/opt/ros/humble/share/gazebo_ros_pkgs/cmake)
[1.759s] -- Found geometry_msgs: 4.2.4 (/opt/ros/humble/share/geometry_msgs/cmake)
[1.780s] -- Found rosidl_generator_c: 3.1.6 (/opt/ros/humble/share/rosidl_generator_c/cmake)
[1.784s] -- Found rosidl_adapter: 3.1.6 (/opt/ros/humble/share/rosidl_adapter/cmake)
[1.789s] -- Found rosidl_generator_cpp: 3.1.6 (/opt/ros/humble/share/rosidl_generator_cpp/cmake)
[1.797s] -- Using all available rosidl_typesupport_c: rosidl_typesupport_fastrtps_c;rosidl_typesupport_introspection_c
[1.808s] -- Using all available rosidl_typesupport_cpp: rosidl_typesupport_fastrtps_cpp;rosidl_typesupport_introspection_cpp
[1.836s] -- Found nav_msgs: 4.2.4 (/opt/ros/humble/share/nav_msgs/cmake)
[1.850s] -- Found rclcpp: 16.0.11 (/opt/ros/humble/share/rclcpp/cmake)
[1.882s] -- Found rmw_implementation_cmake: 6.1.2 (/opt/ros/humble/share/rmw_implementation_cmake/cmake)
[1.886s] -- Found rmw_fastrtps_cpp: 6.2.7 (/opt/ros/humble/share/rmw_fastrtps_cpp/cmake)
[1.985s] -- Found OpenSSL: /usr/lib/x86_64-linux-gnu/libcrypto.so (found version "3.0.2")  
[2.021s] -- Found FastRTPS: /opt/ros/humble/include  
[2.078s] -- Using RMW implementation 'rmw_fastrtps_cpp' as default
[2.088s] -- Found Threads: TRUE  
[2.138s] -- Found sensor_msgs: 4.2.4 (/opt/ros/humble/share/sensor_msgs/cmake)
[2.155s] -- Found tf2: 0.25.12 (/opt/ros/humble/share/tf2/cmake)
[2.255s] -- Configuring done
[2.296s] -- Generating done
[2.306s] -- Build files have been written to: /home/yap_han/colcon_ws/build/turtlebot3_gazebo
[2.333s] Invoked command in '/home/yap_han/colcon_ws/build/turtlebot3_gazebo' returned '0': CMAKE_PREFIX_PATH=${CMAKE_PREFIX_PATH}:/home/yap_han/colcon_ws/install/turtlebot3_teleop:/home/yap_han/colcon_ws/install/turtlebot3_example:/home/yap_han/colcon_ws/install/py_pubsub:/home/yap_han/colcon_ws/install/explore_lite:/home/yap_han/colcon_ws/install/nav2_simple_commander:/home/yap_han/colcon_ws/install/auto_nav:/home/yap_han/install/auto_nav:/opt/ros/humble /usr/bin/cmake /home/yap_han/colcon_ws/src/turtlebot3_simulations/turtlebot3_gazebo -DCMAKE_INSTALL_PREFIX=/home/yap_han/colcon_ws/install/turtlebot3_gazebo
[2.334s] Invoking command in '/home/yap_han/colcon_ws/build/turtlebot3_gazebo': CMAKE_PREFIX_PATH=${CMAKE_PREFIX_PATH}:/home/yap_han/colcon_ws/install/turtlebot3_teleop:/home/yap_han/colcon_ws/install/turtlebot3_example:/home/yap_han/colcon_ws/install/py_pubsub:/home/yap_han/colcon_ws/install/explore_lite:/home/yap_han/colcon_ws/install/nav2_simple_commander:/home/yap_han/colcon_ws/install/auto_nav:/home/yap_han/install/auto_nav:/opt/ros/humble /usr/bin/cmake --build /home/yap_han/colcon_ws/build/turtlebot3_gazebo -- -j18 -l18
[2.385s] [ 12%] [32mBuilding CXX object CMakeFiles/obstacle2.dir/models/turtlebot3_dqn_world/obstacle_plugin/obstacle2.cc.o[0m
[2.385s] [ 25%] [32mBuilding CXX object CMakeFiles/obstacle1.dir/models/turtlebot3_dqn_world/obstacle_plugin/obstacle1.cc.o[0m
[2.385s] [ 37%] [32mBuilding CXX object CMakeFiles/turtlebot3_drive.dir/src/turtlebot3_drive.cpp.o[0m
[2.388s] [ 50%] [32mBuilding CXX object CMakeFiles/obstacles.dir/models/turtlebot3_dqn_world/obstacle_plugin/obstacles.cc.o[0m
[14.317s] [ 62%] [32m[1mLinking CXX shared library libobstacles.so[0m
[14.446s] [ 75%] [32m[1mLinking CXX shared library libobstacle2.so[0m
[14.459s] [ 87%] [32m[1mLinking CXX shared library libobstacle1.so[0m
[14.611s] [ 87%] Built target obstacles
[14.661s] [ 87%] Built target obstacle2
[14.684s] [ 87%] Built target obstacle1
[15.980s] [100%] [32m[1mLinking CXX executable turtlebot3_drive[0m
[16.391s] [100%] Built target turtlebot3_drive
[16.425s] Invoked command in '/home/yap_han/colcon_ws/build/turtlebot3_gazebo' returned '0': CMAKE_PREFIX_PATH=${CMAKE_PREFIX_PATH}:/home/yap_han/colcon_ws/install/turtlebot3_teleop:/home/yap_han/colcon_ws/install/turtlebot3_example:/home/yap_han/colcon_ws/install/py_pubsub:/home/yap_han/colcon_ws/install/explore_lite:/home/yap_han/colcon_ws/install/nav2_simple_commander:/home/yap_han/colcon_ws/install/auto_nav:/home/yap_han/install/auto_nav:/opt/ros/humble /usr/bin/cmake --build /home/yap_han/colcon_ws/build/turtlebot3_gazebo -- -j18 -l18
[16.429s] Invoking command in '/home/yap_han/colcon_ws/build/turtlebot3_gazebo': CMAKE_PREFIX_PATH=${CMAKE_PREFIX_PATH}:/home/yap_han/colcon_ws/install/turtlebot3_teleop:/home/yap_han/colcon_ws/install/turtlebot3_example:/home/yap_han/colcon_ws/install/py_pubsub:/home/yap_han/colcon_ws/install/explore_lite:/home/yap_han/colcon_ws/install/nav2_simple_commander:/home/yap_han/colcon_ws/install/auto_nav:/home/yap_han/install/auto_nav:/opt/ros/humble /usr/bin/cmake --install /home/yap_han/colcon_ws/build/turtlebot3_gazebo
[16.440s] -- Install configuration: ""
[16.440s] -- Installing: /home/yap_han/colcon_ws/install/turtlebot3_gazebo/lib/turtlebot3_gazebo/turtlebot3_drive
[16.444s] -- Set runtime path of "/home/yap_han/colcon_ws/install/turtlebot3_gazebo/lib/turtlebot3_gazebo/turtlebot3_drive" to ""
[16.444s] -- Installing: /home/yap_han/colcon_ws/install/turtlebot3_gazebo/share/turtlebot3_gazebo//launch
[16.445s] -- Installing: /home/yap_han/colcon_ws/install/turtlebot3_gazebo/share/turtlebot3_gazebo//launch/turtlebot3_dqn_stage1.launch.py
[16.445s] -- Installing: /home/yap_han/colcon_ws/install/turtlebot3_gazebo/share/turtlebot3_gazebo//launch/turtlebot3_dqn_stage3.launch.py
[16.445s] -- Installing: /home/yap_han/colcon_ws/install/turtlebot3_gazebo/share/turtlebot3_gazebo//launch/__pycache__
[16.445s] -- Installing: /home/yap_han/colcon_ws/install/turtlebot3_gazebo/share/turtlebot3_gazebo//launch/__pycache__/test_world.launch.cpython-310.pyc
[16.445s] -- Installing: /home/yap_han/colcon_ws/install/turtlebot3_gazebo/share/turtlebot3_gazebo//launch/test_world.launch.py
[16.445s] -- Installing: /home/yap_han/colcon_ws/install/turtlebot3_gazebo/share/turtlebot3_gazebo//launch/robot_state_publisher.launch.py
[16.445s] -- Installing: /home/yap_han/colcon_ws/install/turtlebot3_gazebo/share/turtlebot3_gazebo//launch/spawn_turtlebot3.launch.py
[16.445s] -- Installing: /home/yap_han/colcon_ws/install/turtlebot3_gazebo/share/turtlebot3_gazebo//launch/empty_world.launch.py
[16.445s] -- Installing: /home/yap_han/colcon_ws/install/turtlebot3_gazebo/share/turtlebot3_gazebo//launch/turtlebot3_world.launch.py
[16.445s] -- Installing: /home/yap_han/colcon_ws/install/turtlebot3_gazebo/share/turtlebot3_gazebo//launch/turtlebot3_dqn_stage4.launch.py
[16.445s] -- Installing: /home/yap_han/colcon_ws/install/turtlebot3_gazebo/share/turtlebot3_gazebo//launch/turtlebot3_house.launch.py
[16.446s] -- Installing: /home/yap_han/colcon_ws/install/turtlebot3_gazebo/share/turtlebot3_gazebo//launch/turtlebot3_dqn_stage2.launch.py
[16.446s] -- Installing: /home/yap_han/colcon_ws/install/turtlebot3_gazebo/share/turtlebot3_gazebo//models
[16.446s] -- Installing: /home/yap_han/colcon_ws/install/turtlebot3_gazebo/share/turtlebot3_gazebo//models/turtlebot3_common
[16.446s] -- Installing: /home/yap_han/colcon_ws/install/turtlebot3_gazebo/share/turtlebot3_gazebo//models/turtlebot3_common/meshes
[16.446s] -- Installing: /home/yap_han/colcon_ws/install/turtlebot3_gazebo/share/turtlebot3_gazebo//models/turtlebot3_common/meshes/lds.dae
[16.446s] -- Installing: /home/yap_han/colcon_ws/install/turtlebot3_gazebo/share/turtlebot3_gazebo//models/turtlebot3_common/meshes/tire.dae
[16.447s] -- Installing: /home/yap_han/colcon_ws/install/turtlebot3_gazebo/share/turtlebot3_gazebo//models/turtlebot3_common/meshes/r200.dae
[16.447s] -- Installing: /home/yap_han/colcon_ws/install/turtlebot3_gazebo/share/turtlebot3_gazebo//models/turtlebot3_common/meshes/burger_base.dae
[16.448s] -- Installing: /home/yap_han/colcon_ws/install/turtlebot3_gazebo/share/turtlebot3_gazebo//models/turtlebot3_common/meshes/waffle_base.dae
[16.448s] -- Installing: /home/yap_han/colcon_ws/install/turtlebot3_gazebo/share/turtlebot3_gazebo//models/turtlebot3_common/meshes/waffle_pi_base.dae
[16.448s] -- Installing: /home/yap_han/colcon_ws/install/turtlebot3_gazebo/share/turtlebot3_gazebo//models/turtlebot3_common/model.config
[16.448s] -- Installing: /home/yap_han/colcon_ws/install/turtlebot3_gazebo/share/turtlebot3_gazebo//models/turtlebot3_house
[16.449s] -- Installing: /home/yap_han/colcon_ws/install/turtlebot3_gazebo/share/turtlebot3_gazebo//models/turtlebot3_house/model.sdf
[16.449s] -- Installing: /home/yap_han/colcon_ws/install/turtlebot3_gazebo/share/turtlebot3_gazebo//models/turtlebot3_house/model.config
[16.449s] -- Installing: /home/yap_han/colcon_ws/install/turtlebot3_gazebo/share/turtlebot3_gazebo//models/turtlebot3_world
[16.450s] -- Installing: /home/yap_han/colcon_ws/install/turtlebot3_gazebo/share/turtlebot3_gazebo//models/turtlebot3_world/model-1_4.sdf
[16.450s] -- Installing: /home/yap_han/colcon_ws/install/turtlebot3_gazebo/share/turtlebot3_gazebo//models/turtlebot3_world/model.sdf
[16.450s] -- Installing: /home/yap_han/colcon_ws/install/turtlebot3_gazebo/share/turtlebot3_gazebo//models/turtlebot3_world/meshes
[16.450s] -- Installing: /home/yap_han/colcon_ws/install/turtlebot3_gazebo/share/turtlebot3_gazebo//models/turtlebot3_world/meshes/hexagon.dae
[16.450s] -- Installing: /home/yap_han/colcon_ws/install/turtlebot3_gazebo/share/turtlebot3_gazebo//models/turtlebot3_world/meshes/wall.dae
[16.451s] -- Installing: /home/yap_han/colcon_ws/install/turtlebot3_gazebo/share/turtlebot3_gazebo//models/turtlebot3_world/model.config
[16.451s] -- Installing: /home/yap_han/colcon_ws/install/turtlebot3_gazebo/share/turtlebot3_gazebo//models/turtlebot3_waffle_pi
[16.451s] -- Installing: /home/yap_han/colcon_ws/install/turtlebot3_gazebo/share/turtlebot3_gazebo//models/turtlebot3_waffle_pi/model.sdf
[16.451s] -- Installing: /home/yap_han/colcon_ws/install/turtlebot3_gazebo/share/turtlebot3_gazebo//models/turtlebot3_waffle_pi/model.config
[16.451s] -- Installing: /home/yap_han/colcon_ws/install/turtlebot3_gazebo/share/turtlebot3_gazebo//models/turtlebot3_waffle_pi/model-1_4_.sdf
[16.451s] -- Installing: /home/yap_han/colcon_ws/install/turtlebot3_gazebo/share/turtlebot3_gazebo//models/turtlebot3_waffle
[16.452s] -- Installing: /home/yap_han/colcon_ws/install/turtlebot3_gazebo/share/turtlebot3_gazebo//models/turtlebot3_waffle/model-1_4.sdf
[16.452s] -- Installing: /home/yap_han/colcon_ws/install/turtlebot3_gazebo/share/turtlebot3_gazebo//models/turtlebot3_waffle/model.sdf
[16.452s] -- Installing: /home/yap_han/colcon_ws/install/turtlebot3_gazebo/share/turtlebot3_gazebo//models/turtlebot3_waffle/model.config
[16.452s] -- Installing: /home/yap_han/colcon_ws/install/turtlebot3_gazebo/share/turtlebot3_gazebo//models/turtlebot3_dqn_world
[16.452s] -- Installing: /home/yap_han/colcon_ws/install/turtlebot3_gazebo/share/turtlebot3_gazebo//models/turtlebot3_dqn_world/goal_box
[16.453s] -- Installing: /home/yap_han/colcon_ws/install/turtlebot3_gazebo/share/turtlebot3_gazebo//models/turtlebot3_dqn_world/goal_box/model.sdf
[16.453s] -- Installing: /home/yap_han/colcon_ws/install/turtlebot3_gazebo/share/turtlebot3_gazebo//models/turtlebot3_dqn_world/goal_box/model.config
[16.453s] -- Installing: /home/yap_han/colcon_ws/install/turtlebot3_gazebo/share/turtlebot3_gazebo//models/turtlebot3_dqn_world/obstacle_plugin
[16.453s] -- Installing: /home/yap_han/colcon_ws/install/turtlebot3_gazebo/share/turtlebot3_gazebo//models/turtlebot3_dqn_world/obstacle_plugin/CMakeLists.txt
[16.453s] -- Installing: /home/yap_han/colcon_ws/install/turtlebot3_gazebo/share/turtlebot3_gazebo//models/turtlebot3_dqn_world/obstacle_plugin/obstacles.cc
[16.453s] -- Installing: /home/yap_han/colcon_ws/install/turtlebot3_gazebo/share/turtlebot3_gazebo//models/turtlebot3_dqn_world/obstacle_plugin/obstacle2.cc
[16.454s] -- Installing: /home/yap_han/colcon_ws/install/turtlebot3_gazebo/share/turtlebot3_gazebo//models/turtlebot3_dqn_world/obstacle_plugin/obstacle1.cc
[16.454s] -- Installing: /home/yap_han/colcon_ws/install/turtlebot3_gazebo/share/turtlebot3_gazebo//models/turtlebot3_dqn_world/inner_walls
[16.454s] -- Installing: /home/yap_han/colcon_ws/install/turtlebot3_gazebo/share/turtlebot3_gazebo//models/turtlebot3_dqn_world/inner_walls/model.sdf
[16.454s] -- Installing: /home/yap_han/colcon_ws/install/turtlebot3_gazebo/share/turtlebot3_gazebo//models/turtlebot3_dqn_world/inner_walls/model.config
[16.454s] -- Installing: /home/yap_han/colcon_ws/install/turtlebot3_gazebo/share/turtlebot3_gazebo//models/turtlebot3_dqn_world/model.sdf
[16.454s] -- Installing: /home/yap_han/colcon_ws/install/turtlebot3_gazebo/share/turtlebot3_gazebo//models/turtlebot3_dqn_world/obstacle2
[16.455s] -- Installing: /home/yap_han/colcon_ws/install/turtlebot3_gazebo/share/turtlebot3_gazebo//models/turtlebot3_dqn_world/obstacle2/model.sdf
[16.455s] -- Installing: /home/yap_han/colcon_ws/install/turtlebot3_gazebo/share/turtlebot3_gazebo//models/turtlebot3_dqn_world/obstacle2/model.config
[16.455s] -- Installing: /home/yap_han/colcon_ws/install/turtlebot3_gazebo/share/turtlebot3_gazebo//models/turtlebot3_dqn_world/obstacle1
[16.455s] -- Installing: /home/yap_han/colcon_ws/install/turtlebot3_gazebo/share/turtlebot3_gazebo//models/turtlebot3_dqn_world/obstacle1/model.sdf
[16.455s] -- Installing: /home/yap_han/colcon_ws/install/turtlebot3_gazebo/share/turtlebot3_gazebo//models/turtlebot3_dqn_world/obstacle1/model.config
[16.456s] -- Installing: /home/yap_han/colcon_ws/install/turtlebot3_gazebo/share/turtlebot3_gazebo//models/turtlebot3_dqn_world/obstacles
[16.456s] -- Installing: /home/yap_han/colcon_ws/install/turtlebot3_gazebo/share/turtlebot3_gazebo//models/turtlebot3_dqn_world/obstacles/model.sdf
[16.456s] -- Installing: /home/yap_han/colcon_ws/install/turtlebot3_gazebo/share/turtlebot3_gazebo//models/turtlebot3_dqn_world/obstacles/model.config
[16.456s] -- Installing: /home/yap_han/colcon_ws/install/turtlebot3_gazebo/share/turtlebot3_gazebo//models/turtlebot3_dqn_world/model.config
[16.456s] -- Installing: /home/yap_han/colcon_ws/install/turtlebot3_gazebo/share/turtlebot3_gazebo//models/turtlebot3_burger
[16.456s] -- Installing: /home/yap_han/colcon_ws/install/turtlebot3_gazebo/share/turtlebot3_gazebo//models/turtlebot3_burger/model-1_4.sdf
[16.457s] -- Installing: /home/yap_han/colcon_ws/install/turtlebot3_gazebo/share/turtlebot3_gazebo//models/turtlebot3_burger/model.sdf
[16.457s] -- Installing: /home/yap_han/colcon_ws/install/turtlebot3_gazebo/share/turtlebot3_gazebo//models/turtlebot3_burger/model.config
[16.457s] -- Installing: /home/yap_han/colcon_ws/install/turtlebot3_gazebo/share/turtlebot3_gazebo//rviz
[16.457s] -- Installing: /home/yap_han/colcon_ws/install/turtlebot3_gazebo/share/turtlebot3_gazebo//rviz/tb3_gazebo.rviz
[16.457s] -- Installing: /home/yap_han/colcon_ws/install/turtlebot3_gazebo/share/turtlebot3_gazebo//urdf
[16.457s] -- Installing: /home/yap_han/colcon_ws/install/turtlebot3_gazebo/share/turtlebot3_gazebo//urdf/turtlebot3_waffle.urdf
[16.457s] -- Installing: /home/yap_han/colcon_ws/install/turtlebot3_gazebo/share/turtlebot3_gazebo//urdf/turtlebot3_waffle_pi.urdf
[16.458s] -- Installing: /home/yap_han/colcon_ws/install/turtlebot3_gazebo/share/turtlebot3_gazebo//urdf/turtlebot3_burger.urdf
[16.458s] -- Installing: /home/yap_han/colcon_ws/install/turtlebot3_gazebo/share/turtlebot3_gazebo//urdf/common_properties.urdf
[16.458s] -- Installing: /home/yap_han/colcon_ws/install/turtlebot3_gazebo/share/turtlebot3_gazebo//worlds
[16.458s] -- Installing: /home/yap_han/colcon_ws/install/turtlebot3_gazebo/share/turtlebot3_gazebo//worlds/empty_world.world
[16.458s] -- Installing: /home/yap_han/colcon_ws/install/turtlebot3_gazebo/share/turtlebot3_gazebo//worlds/turtlebot3_dqn_stage2.world
[16.458s] -- Installing: /home/yap_han/colcon_ws/install/turtlebot3_gazebo/share/turtlebot3_gazebo//worlds/testworld.world
[16.459s] -- Installing: /home/yap_han/colcon_ws/install/turtlebot3_gazebo/share/turtlebot3_gazebo//worlds/turtlebot3_world.world
[16.459s] -- Installing: /home/yap_han/colcon_ws/install/turtlebot3_gazebo/share/turtlebot3_gazebo//worlds/turtlebot3_dqn_stage4.world
[16.459s] -- Installing: /home/yap_han/colcon_ws/install/turtlebot3_gazebo/share/turtlebot3_gazebo//worlds/turtlebot3_dqn_stage1.world
[16.459s] -- Installing: /home/yap_han/colcon_ws/install/turtlebot3_gazebo/share/turtlebot3_gazebo//worlds/turtlebot3_dqn_stage3.world
[16.459s] -- Installing: /home/yap_han/colcon_ws/install/turtlebot3_gazebo/share/turtlebot3_gazebo//worlds/turtlebot3_house.world
[16.459s] -- Installing: /home/yap_han/colcon_ws/install/turtlebot3_gazebo/share/turtlebot3_gazebo//worlds/test_world.sdf
[16.460s] -- Installing: /home/yap_han/colcon_ws/install/turtlebot3_gazebo/include/
[16.460s] -- Installing: /home/yap_han/colcon_ws/install/turtlebot3_gazebo/include//turtlebot3_gazebo
[16.460s] -- Installing: /home/yap_han/colcon_ws/install/turtlebot3_gazebo/include//turtlebot3_gazebo/turtlebot3_drive.hpp
[16.460s] -- Installing: /home/yap_han/colcon_ws/install/turtlebot3_gazebo/share/ament_index/resource_index/package_run_dependencies/turtlebot3_gazebo
[16.460s] -- Installing: /home/yap_han/colcon_ws/install/turtlebot3_gazebo/share/ament_index/resource_index/parent_prefix_path/turtlebot3_gazebo
[16.460s] -- Installing: /home/yap_han/colcon_ws/install/turtlebot3_gazebo/share/turtlebot3_gazebo/environment/ament_prefix_path.sh
[16.460s] -- Installing: /home/yap_han/colcon_ws/install/turtlebot3_gazebo/share/turtlebot3_gazebo/environment/ament_prefix_path.dsv
[16.461s] -- Installing: /home/yap_han/colcon_ws/install/turtlebot3_gazebo/share/turtlebot3_gazebo/environment/path.sh
[16.461s] -- Installing: /home/yap_han/colcon_ws/install/turtlebot3_gazebo/share/turtlebot3_gazebo/environment/path.dsv
[16.461s] -- Installing: /home/yap_han/colcon_ws/install/turtlebot3_gazebo/share/turtlebot3_gazebo/local_setup.bash
[16.461s] -- Installing: /home/yap_han/colcon_ws/install/turtlebot3_gazebo/share/turtlebot3_gazebo/local_setup.sh
[16.461s] -- Installing: /home/yap_han/colcon_ws/install/turtlebot3_gazebo/share/turtlebot3_gazebo/local_setup.zsh
[16.461s] -- Installing: /home/yap_han/colcon_ws/install/turtlebot3_gazebo/share/turtlebot3_gazebo/local_setup.dsv
[16.461s] -- Installing: /home/yap_han/colcon_ws/install/turtlebot3_gazebo/share/turtlebot3_gazebo/package.dsv
[16.461s] -- Installing: /home/yap_han/colcon_ws/install/turtlebot3_gazebo/share/ament_index/resource_index/packages/turtlebot3_gazebo
[16.461s] -- Installing: /home/yap_han/colcon_ws/install/turtlebot3_gazebo/share/turtlebot3_gazebo/cmake/ament_cmake_export_include_directories-extras.cmake
[16.462s] -- Installing: /home/yap_han/colcon_ws/install/turtlebot3_gazebo/share/turtlebot3_gazebo/cmake/ament_cmake_export_dependencies-extras.cmake
[16.462s] -- Installing: /home/yap_han/colcon_ws/install/turtlebot3_gazebo/share/turtlebot3_gazebo/cmake/turtlebot3_gazeboConfig.cmake
[16.462s] -- Installing: /home/yap_han/colcon_ws/install/turtlebot3_gazebo/share/turtlebot3_gazebo/cmake/turtlebot3_gazeboConfig-version.cmake
[16.462s] -- Installing: /home/yap_han/colcon_ws/install/turtlebot3_gazebo/share/turtlebot3_gazebo/package.xml
[16.465s] Invoked command in '/home/yap_han/colcon_ws/build/turtlebot3_gazebo' returned '0': CMAKE_PREFIX_PATH=${CMAKE_PREFIX_PATH}:/home/yap_han/colcon_ws/install/turtlebot3_teleop:/home/yap_han/colcon_ws/install/turtlebot3_example:/home/yap_han/colcon_ws/install/py_pubsub:/home/yap_han/colcon_ws/install/explore_lite:/home/yap_han/colcon_ws/install/nav2_simple_commander:/home/yap_han/colcon_ws/install/auto_nav:/home/yap_han/install/auto_nav:/opt/ros/humble /usr/bin/cmake --install /home/yap_han/colcon_ws/build/turtlebot3_gazebo
