[0.204s] Invoking command in '/home/yap_han/colcon_ws/build/turtlebot3_fake_node': CMAKE_PREFIX_PATH=/home/yap_han/colcon_ws/install/turtlebot3_msgs:/home/yap_han/colcon_ws/install/turtlebot3:/home/yap_han/colcon_ws/install/turtlebot3_simulations:/home/yap_han/colcon_ws/install/turtlebot3_bringup:/home/yap_han/colcon_ws/install/turtlebot3_node:/home/yap_han/colcon_ws/install/turtlebot3_navigation2:/home/yap_han/colcon_ws/install/turtlebot3_fake_node:/home/yap_han/colcon_ws/install/turtlebot3_gazebo:/home/yap_han/colcon_ws/install/turtlebot3_description:/home/yap_han/colcon_ws/install/turtlebot3_cartographer:/home/yap_han/colcon_ws/install/dynamixel_sdk_examples:/home/yap_han/colcon_ws/install/dynamixel_sdk_custom_interfaces:/home/yap_han/colcon_ws/install/dynamixel_sdk:/home/yap_han/colcon_ws/install/turtlebot3_teleop:/home/yap_han/colcon_ws/install/turtlebot3_example:/home/yap_han/colcon_ws/install/py_pubsub:/home/yap_han/colcon_ws/install/auto_nav:/home/yap_han/install/auto_nav:/opt/ros/humble /usr/bin/cmake --build /home/yap_han/colcon_ws/build/turtlebot3_fake_node -- -j18 -l18
[0.269s] [100%] Built target turtlebot3_fake_node
[0.282s] Invoked command in '/home/yap_han/colcon_ws/build/turtlebot3_fake_node' returned '0': CMAKE_PREFIX_PATH=/home/yap_han/colcon_ws/install/turtlebot3_msgs:/home/yap_han/colcon_ws/install/turtlebot3:/home/yap_han/colcon_ws/install/turtlebot3_simulations:/home/yap_han/colcon_ws/install/turtlebot3_bringup:/home/yap_han/colcon_ws/install/turtlebot3_node:/home/yap_han/colcon_ws/install/turtlebot3_navigation2:/home/yap_han/colcon_ws/install/turtlebot3_fake_node:/home/yap_han/colcon_ws/install/turtlebot3_gazebo:/home/yap_han/colcon_ws/install/turtlebot3_description:/home/yap_han/colcon_ws/install/turtlebot3_cartographer:/home/yap_han/colcon_ws/install/dynamixel_sdk_examples:/home/yap_han/colcon_ws/install/dynamixel_sdk_custom_interfaces:/home/yap_han/colcon_ws/install/dynamixel_sdk:/home/yap_han/colcon_ws/install/turtlebot3_teleop:/home/yap_han/colcon_ws/install/turtlebot3_example:/home/yap_han/colcon_ws/install/py_pubsub:/home/yap_han/colcon_ws/install/auto_nav:/home/yap_han/install/auto_nav:/opt/ros/humble /usr/bin/cmake --build /home/yap_han/colcon_ws/build/turtlebot3_fake_node -- -j18 -l18
[0.284s] Invoking command in '/home/yap_han/colcon_ws/build/turtlebot3_fake_node': CMAKE_PREFIX_PATH=/home/yap_han/colcon_ws/install/turtlebot3_msgs:/home/yap_han/colcon_ws/install/turtlebot3:/home/yap_han/colcon_ws/install/turtlebot3_simulations:/home/yap_han/colcon_ws/install/turtlebot3_bringup:/home/yap_han/colcon_ws/install/turtlebot3_node:/home/yap_han/colcon_ws/install/turtlebot3_navigation2:/home/yap_han/colcon_ws/install/turtlebot3_fake_node:/home/yap_han/colcon_ws/install/turtlebot3_gazebo:/home/yap_han/colcon_ws/install/turtlebot3_description:/home/yap_han/colcon_ws/install/turtlebot3_cartographer:/home/yap_han/colcon_ws/install/dynamixel_sdk_examples:/home/yap_han/colcon_ws/install/dynamixel_sdk_custom_interfaces:/home/yap_han/colcon_ws/install/dynamixel_sdk:/home/yap_han/colcon_ws/install/turtlebot3_teleop:/home/yap_han/colcon_ws/install/turtlebot3_example:/home/yap_han/colcon_ws/install/py_pubsub:/home/yap_han/colcon_ws/install/auto_nav:/home/yap_han/install/auto_nav:/opt/ros/humble /usr/bin/cmake --install /home/yap_han/colcon_ws/build/turtlebot3_fake_node
[0.289s] -- Install configuration: ""
[0.289s] -- Up-to-date: /home/yap_han/colcon_ws/install/turtlebot3_fake_node/lib/turtlebot3_fake_node/turtlebot3_fake_node
[0.289s] -- Up-to-date: /home/yap_han/colcon_ws/install/turtlebot3_fake_node/share/turtlebot3_fake_node/launch
[0.289s] -- Up-to-date: /home/yap_han/colcon_ws/install/turtlebot3_fake_node/share/turtlebot3_fake_node/launch/turtlebot3_fake_node.launch.py
[0.289s] -- Up-to-date: /home/yap_han/colcon_ws/install/turtlebot3_fake_node/share/turtlebot3_fake_node/launch/rviz2.launch.py
[0.289s] -- Up-to-date: /home/yap_han/colcon_ws/install/turtlebot3_fake_node/share/turtlebot3_fake_node/param
[0.289s] -- Up-to-date: /home/yap_han/colcon_ws/install/turtlebot3_fake_node/share/turtlebot3_fake_node/param/waffle_pi.yaml
[0.289s] -- Up-to-date: /home/yap_han/colcon_ws/install/turtlebot3_fake_node/share/turtlebot3_fake_node/param/waffle.yaml
[0.289s] -- Up-to-date: /home/yap_han/colcon_ws/install/turtlebot3_fake_node/share/turtlebot3_fake_node/param/burger.yaml
[0.289s] -- Up-to-date: /home/yap_han/colcon_ws/install/turtlebot3_fake_node/include/
[0.289s] -- Up-to-date: /home/yap_han/colcon_ws/install/turtlebot3_fake_node/include//turtlebot3_fake_node
[0.289s] -- Up-to-date: /home/yap_han/colcon_ws/install/turtlebot3_fake_node/include//turtlebot3_fake_node/turtlebot3_fake_node.hpp
[0.289s] -- Up-to-date: /home/yap_han/colcon_ws/install/turtlebot3_fake_node/share/ament_index/resource_index/package_run_dependencies/turtlebot3_fake_node
[0.290s] -- Up-to-date: /home/yap_han/colcon_ws/install/turtlebot3_fake_node/share/ament_index/resource_index/parent_prefix_path/turtlebot3_fake_node
[0.290s] -- Up-to-date: /home/yap_han/colcon_ws/install/turtlebot3_fake_node/share/turtlebot3_fake_node/environment/ament_prefix_path.sh
[0.290s] -- Up-to-date: /home/yap_han/colcon_ws/install/turtlebot3_fake_node/share/turtlebot3_fake_node/environment/ament_prefix_path.dsv
[0.290s] -- Up-to-date: /home/yap_han/colcon_ws/install/turtlebot3_fake_node/share/turtlebot3_fake_node/environment/path.sh
[0.290s] -- Up-to-date: /home/yap_han/colcon_ws/install/turtlebot3_fake_node/share/turtlebot3_fake_node/environment/path.dsv
[0.290s] -- Up-to-date: /home/yap_han/colcon_ws/install/turtlebot3_fake_node/share/turtlebot3_fake_node/local_setup.bash
[0.290s] -- Up-to-date: /home/yap_han/colcon_ws/install/turtlebot3_fake_node/share/turtlebot3_fake_node/local_setup.sh
[0.290s] -- Up-to-date: /home/yap_han/colcon_ws/install/turtlebot3_fake_node/share/turtlebot3_fake_node/local_setup.zsh
[0.290s] -- Up-to-date: /home/yap_han/colcon_ws/install/turtlebot3_fake_node/share/turtlebot3_fake_node/local_setup.dsv
[0.290s] -- Installing: /home/yap_han/colcon_ws/install/turtlebot3_fake_node/share/turtlebot3_fake_node/package.dsv
[0.290s] -- Up-to-date: /home/yap_han/colcon_ws/install/turtlebot3_fake_node/share/ament_index/resource_index/packages/turtlebot3_fake_node
[0.290s] -- Up-to-date: /home/yap_han/colcon_ws/install/turtlebot3_fake_node/share/turtlebot3_fake_node/cmake/ament_cmake_export_include_directories-extras.cmake
[0.290s] -- Up-to-date: /home/yap_han/colcon_ws/install/turtlebot3_fake_node/share/turtlebot3_fake_node/cmake/ament_cmake_export_dependencies-extras.cmake
[0.290s] -- Up-to-date: /home/yap_han/colcon_ws/install/turtlebot3_fake_node/share/turtlebot3_fake_node/cmake/turtlebot3_fake_nodeConfig.cmake
[0.291s] -- Up-to-date: /home/yap_han/colcon_ws/install/turtlebot3_fake_node/share/turtlebot3_fake_node/cmake/turtlebot3_fake_nodeConfig-version.cmake
[0.291s] -- Up-to-date: /home/yap_han/colcon_ws/install/turtlebot3_fake_node/share/turtlebot3_fake_node/package.xml
[0.295s] Invoked command in '/home/yap_han/colcon_ws/build/turtlebot3_fake_node' returned '0': CMAKE_PREFIX_PATH=/home/yap_han/colcon_ws/install/turtlebot3_msgs:/home/yap_han/colcon_ws/install/turtlebot3:/home/yap_han/colcon_ws/install/turtlebot3_simulations:/home/yap_han/colcon_ws/install/turtlebot3_bringup:/home/yap_han/colcon_ws/install/turtlebot3_node:/home/yap_han/colcon_ws/install/turtlebot3_navigation2:/home/yap_han/colcon_ws/install/turtlebot3_fake_node:/home/yap_han/colcon_ws/install/turtlebot3_gazebo:/home/yap_han/colcon_ws/install/turtlebot3_description:/home/yap_han/colcon_ws/install/turtlebot3_cartographer:/home/yap_han/colcon_ws/install/dynamixel_sdk_examples:/home/yap_han/colcon_ws/install/dynamixel_sdk_custom_interfaces:/home/yap_han/colcon_ws/install/dynamixel_sdk:/home/yap_han/colcon_ws/install/turtlebot3_teleop:/home/yap_han/colcon_ws/install/turtlebot3_example:/home/yap_han/colcon_ws/install/py_pubsub:/home/yap_han/colcon_ws/install/auto_nav:/home/yap_han/install/auto_nav:/opt/ros/humble /usr/bin/cmake --install /home/yap_han/colcon_ws/build/turtlebot3_fake_node
