/home/yap_han/colcon_ws/install/auto_nav/lib/python3.10/site-packages/auto_nav/no_nav2.py
/home/yap_han/colcon_ws/install/auto_nav/lib/python3.10/site-packages/auto_nav/r2mover.py
/home/yap_han/colcon_ws/install/auto_nav/lib/python3.10/site-packages/auto_nav/heat_logger.py
/home/yap_han/colcon_ws/install/auto_nav/lib/python3.10/site-packages/auto_nav/amg8833_node.py
/home/yap_han/colcon_ws/install/auto_nav/lib/python3.10/site-packages/auto_nav/amg.py
/home/yap_han/colcon_ws/install/auto_nav/lib/python3.10/site-packages/auto_nav/map_utils.py
/home/yap_han/colcon_ws/install/auto_nav/lib/python3.10/site-packages/auto_nav/__init__.py
/home/yap_han/colcon_ws/install/auto_nav/lib/python3.10/site-packages/auto_nav/astar_utils.py
/home/yap_han/colcon_ws/install/auto_nav/lib/python3.10/site-packages/auto_nav/fire.py
/home/yap_han/colcon_ws/install/auto_nav/lib/python3.10/site-packages/auto_nav/r2moverotate.py
/home/yap_han/colcon_ws/install/auto_nav/lib/python3.10/site-packages/auto_nav/r2auto_nav.py
/home/yap_han/colcon_ws/install/auto_nav/lib/python3.10/site-packages/auto_nav/r2occupancy2.py
/home/yap_han/colcon_ws/install/auto_nav/lib/python3.10/site-packages/auto_nav/amg_angle_publisher.py
/home/yap_han/colcon_ws/install/auto_nav/lib/python3.10/site-packages/auto_nav/r2scanner.py
/home/yap_han/colcon_ws/install/auto_nav/lib/python3.10/site-packages/auto_nav/explore_and_shoot.py
/home/yap_han/colcon_ws/install/auto_nav/lib/python3.10/site-packages/auto_nav/servo.py
/home/yap_han/colcon_ws/install/auto_nav/lib/python3.10/site-packages/auto_nav/r2occupancy.py
/home/yap_han/colcon_ws/install/auto_nav/lib/python3.10/site-packages/auto_nav/ros_workshop.py
/home/yap_han/colcon_ws/install/auto_nav/lib/python3.10/site-packages/auto_nav/generate_plot.py
/home/yap_han/colcon_ws/install/auto_nav/lib/python3.10/site-packages/auto_nav/motor.py
/home/yap_han/colcon_ws/install/auto_nav/lib/python3.10/site-packages/auto_nav/goal_manager.py
/home/yap_han/colcon_ws/install/auto_nav/lib/python3.10/site-packages/auto_nav/amg_angle_tester.py
/home/yap_han/colcon_ws/install/auto_nav/lib/python3.10/site-packages/auto_nav/__pycache__/no_nav2.cpython-310.pyc
/home/yap_han/colcon_ws/install/auto_nav/lib/python3.10/site-packages/auto_nav/__pycache__/r2mover.cpython-310.pyc
/home/yap_han/colcon_ws/install/auto_nav/lib/python3.10/site-packages/auto_nav/__pycache__/heat_logger.cpython-310.pyc
/home/yap_han/colcon_ws/install/auto_nav/lib/python3.10/site-packages/auto_nav/__pycache__/amg8833_node.cpython-310.pyc
/home/yap_han/colcon_ws/install/auto_nav/lib/python3.10/site-packages/auto_nav/__pycache__/amg.cpython-310.pyc
/home/yap_han/colcon_ws/install/auto_nav/lib/python3.10/site-packages/auto_nav/__pycache__/map_utils.cpython-310.pyc
/home/yap_han/colcon_ws/install/auto_nav/lib/python3.10/site-packages/auto_nav/__pycache__/__init__.cpython-310.pyc
/home/yap_han/colcon_ws/install/auto_nav/lib/python3.10/site-packages/auto_nav/__pycache__/astar_utils.cpython-310.pyc
/home/yap_han/colcon_ws/install/auto_nav/lib/python3.10/site-packages/auto_nav/__pycache__/fire.cpython-310.pyc
/home/yap_han/colcon_ws/install/auto_nav/lib/python3.10/site-packages/auto_nav/__pycache__/r2moverotate.cpython-310.pyc
/home/yap_han/colcon_ws/install/auto_nav/lib/python3.10/site-packages/auto_nav/__pycache__/r2auto_nav.cpython-310.pyc
/home/yap_han/colcon_ws/install/auto_nav/lib/python3.10/site-packages/auto_nav/__pycache__/r2occupancy2.cpython-310.pyc
/home/yap_han/colcon_ws/install/auto_nav/lib/python3.10/site-packages/auto_nav/__pycache__/amg_angle_publisher.cpython-310.pyc
/home/yap_han/colcon_ws/install/auto_nav/lib/python3.10/site-packages/auto_nav/__pycache__/r2scanner.cpython-310.pyc
/home/yap_han/colcon_ws/install/auto_nav/lib/python3.10/site-packages/auto_nav/__pycache__/explore_and_shoot.cpython-310.pyc
/home/yap_han/colcon_ws/install/auto_nav/lib/python3.10/site-packages/auto_nav/__pycache__/servo.cpython-310.pyc
/home/yap_han/colcon_ws/install/auto_nav/lib/python3.10/site-packages/auto_nav/__pycache__/r2occupancy.cpython-310.pyc
/home/yap_han/colcon_ws/install/auto_nav/lib/python3.10/site-packages/auto_nav/__pycache__/ros_workshop.cpython-310.pyc
/home/yap_han/colcon_ws/install/auto_nav/lib/python3.10/site-packages/auto_nav/__pycache__/generate_plot.cpython-310.pyc
/home/yap_han/colcon_ws/install/auto_nav/lib/python3.10/site-packages/auto_nav/__pycache__/motor.cpython-310.pyc
/home/yap_han/colcon_ws/install/auto_nav/lib/python3.10/site-packages/auto_nav/__pycache__/goal_manager.cpython-310.pyc
/home/yap_han/colcon_ws/install/auto_nav/lib/python3.10/site-packages/auto_nav/__pycache__/amg_angle_tester.cpython-310.pyc
/home/yap_han/colcon_ws/install/auto_nav/share/ament_index/resource_index/packages/auto_nav
/home/yap_han/colcon_ws/install/auto_nav/share/auto_nav/package.xml
/home/yap_han/colcon_ws/install/auto_nav/lib/python3.10/site-packages/auto_nav-0.0.1-py3.10.egg-info/requires.txt
/home/yap_han/colcon_ws/install/auto_nav/lib/python3.10/site-packages/auto_nav-0.0.1-py3.10.egg-info/entry_points.txt
/home/yap_han/colcon_ws/install/auto_nav/lib/python3.10/site-packages/auto_nav-0.0.1-py3.10.egg-info/dependency_links.txt
/home/yap_han/colcon_ws/install/auto_nav/lib/python3.10/site-packages/auto_nav-0.0.1-py3.10.egg-info/zip-safe
/home/yap_han/colcon_ws/install/auto_nav/lib/python3.10/site-packages/auto_nav-0.0.1-py3.10.egg-info/PKG-INFO
/home/yap_han/colcon_ws/install/auto_nav/lib/python3.10/site-packages/auto_nav-0.0.1-py3.10.egg-info/SOURCES.txt
/home/yap_han/colcon_ws/install/auto_nav/lib/python3.10/site-packages/auto_nav-0.0.1-py3.10.egg-info/top_level.txt
/home/yap_han/colcon_ws/install/auto_nav/lib/auto_nav/explore_and_shoot
/home/yap_han/colcon_ws/install/auto_nav/lib/auto_nav/no_nav2
/home/yap_han/colcon_ws/install/auto_nav/lib/auto_nav/r2auto_nav
/home/yap_han/colcon_ws/install/auto_nav/lib/auto_nav/r2mover
/home/yap_han/colcon_ws/install/auto_nav/lib/auto_nav/r2moverotate
/home/yap_han/colcon_ws/install/auto_nav/lib/auto_nav/r2occupancy
/home/yap_han/colcon_ws/install/auto_nav/lib/auto_nav/r2occupancy2
/home/yap_han/colcon_ws/install/auto_nav/lib/auto_nav/r2scanner
