[0.296s] Invoking command in '/home/yap_han/colcon_ws/src/build/turtlebot3_fake_node': AMENT_PREFIX_PATH=/home/yap_han/colcon_ws/src/install/turtlebot3_msgs:${AMENT_PREFIX_PATH} CMAKE_PREFIX_PATH=/home/yap_han/colcon_ws/src/install/turtlebot3_msgs:/opt/ros/humble LD_LIBRARY_PATH=/home/yap_han/colcon_ws/src/install/turtlebot3_msgs/lib:${LD_LIBRARY_PATH} PYTHONPATH=/home/yap_han/colcon_ws/src/install/turtlebot3_msgs/local/lib/python3.10/dist-packages:${PYTHONPATH} /usr/bin/cmake /home/yap_han/colcon_ws/src/turtlebot3_simulations/turtlebot3_fake_node -DAMENT_CMAKE_SYMLINK_INSTALL=1 -DCMAKE_INSTALL_PREFIX=/home/yap_han/colcon_ws/src/install/turtlebot3_fake_node
[0.353s] -- The C compiler identification is GNU 11.4.0
[0.414s] -- The CXX compiler identification is GNU 11.4.0
[0.421s] -- Detecting C compiler ABI info
[0.494s] -- Detecting C compiler ABI info - done
[0.501s] -- Check for working C compiler: /usr/bin/cc - skipped
[0.502s] -- Detecting C compile features
[0.502s] -- Detecting C compile features - done
[0.505s] -- Detecting CXX compiler ABI info
[0.585s] -- Detecting CXX compiler ABI info - done
[0.592s] -- Check for working CXX compiler: /usr/bin/c++ - skipped
[0.592s] -- Detecting CXX compile features
[0.593s] -- Detecting CXX compile features - done
[0.595s] -- Found ament_cmake: 1.3.11 (/opt/ros/humble/share/ament_cmake/cmake)
[0.753s] -- Found Python3: /usr/bin/python3 (found version "3.10.12") found components: Interpreter 
[0.827s] -- Override CMake install command with custom implementation using symlinks instead of copying resources
[0.852s] -- Found geometry_msgs: 4.2.4 (/opt/ros/humble/share/geometry_msgs/cmake)
[0.886s] -- Found rosidl_generator_c: 3.1.6 (/opt/ros/humble/share/rosidl_generator_c/cmake)
[0.890s] -- Found rosidl_adapter: 3.1.6 (/opt/ros/humble/share/rosidl_adapter/cmake)
[0.898s] -- Found rosidl_generator_cpp: 3.1.6 (/opt/ros/humble/share/rosidl_generator_cpp/cmake)
[0.909s] -- Using all available rosidl_typesupport_c: rosidl_typesupport_fastrtps_c;rosidl_typesupport_introspection_c
[0.924s] -- Using all available rosidl_typesupport_cpp: rosidl_typesupport_fastrtps_cpp;rosidl_typesupport_introspection_cpp
[0.961s] -- Found nav_msgs: 4.2.4 (/opt/ros/humble/share/nav_msgs/cmake)
[0.978s] -- Found rclcpp: 16.0.11 (/opt/ros/humble/share/rclcpp/cmake)
[1.015s] -- Found rmw_implementation_cmake: 6.1.2 (/opt/ros/humble/share/rmw_implementation_cmake/cmake)
[1.017s] -- Found rmw_fastrtps_cpp: 6.2.7 (/opt/ros/humble/share/rmw_fastrtps_cpp/cmake)
[1.096s] -- Found OpenSSL: /usr/lib/x86_64-linux-gnu/libcrypto.so (found version "3.0.2")  
[1.126s] -- Found FastRTPS: /opt/ros/humble/include  
[1.166s] -- Using RMW implementation 'rmw_fastrtps_cpp' as default
[1.174s] -- Looking for pthread.h
[1.235s] -- Looking for pthread.h - found
[1.235s] -- Performing Test CMAKE_HAVE_LIBC_PTHREAD
[1.312s] -- Performing Test CMAKE_HAVE_LIBC_PTHREAD - Success
[1.314s] -- Found Threads: TRUE  
[1.340s] -- Found sensor_msgs: 4.2.4 (/opt/ros/humble/share/sensor_msgs/cmake)
[1.351s] -- Found tf2: 0.25.12 (/opt/ros/humble/share/tf2/cmake)
[1.357s] -- Found tf2_msgs: 0.25.12 (/opt/ros/humble/share/tf2_msgs/cmake)
[1.388s] -- Found turtlebot3_msgs: 2.2.3 (/home/yap_han/colcon_ws/src/install/turtlebot3_msgs/share/turtlebot3_msgs/cmake)
[1.492s] -- Configuring done
[1.503s] -- Generating done
[1.508s] -- Build files have been written to: /home/yap_han/colcon_ws/src/build/turtlebot3_fake_node
[1.535s] Invoked command in '/home/yap_han/colcon_ws/src/build/turtlebot3_fake_node' returned '0': AMENT_PREFIX_PATH=/home/yap_han/colcon_ws/src/install/turtlebot3_msgs:${AMENT_PREFIX_PATH} CMAKE_PREFIX_PATH=/home/yap_han/colcon_ws/src/install/turtlebot3_msgs:/opt/ros/humble LD_LIBRARY_PATH=/home/yap_han/colcon_ws/src/install/turtlebot3_msgs/lib:${LD_LIBRARY_PATH} PYTHONPATH=/home/yap_han/colcon_ws/src/install/turtlebot3_msgs/local/lib/python3.10/dist-packages:${PYTHONPATH} /usr/bin/cmake /home/yap_han/colcon_ws/src/turtlebot3_simulations/turtlebot3_fake_node -DAMENT_CMAKE_SYMLINK_INSTALL=1 -DCMAKE_INSTALL_PREFIX=/home/yap_han/colcon_ws/src/install/turtlebot3_fake_node
[1.536s] Invoking command in '/home/yap_han/colcon_ws/src/build/turtlebot3_fake_node': AMENT_PREFIX_PATH=/home/yap_han/colcon_ws/src/install/turtlebot3_msgs:${AMENT_PREFIX_PATH} CMAKE_PREFIX_PATH=/home/yap_han/colcon_ws/src/install/turtlebot3_msgs:/opt/ros/humble LD_LIBRARY_PATH=/home/yap_han/colcon_ws/src/install/turtlebot3_msgs/lib:${LD_LIBRARY_PATH} PYTHONPATH=/home/yap_han/colcon_ws/src/install/turtlebot3_msgs/local/lib/python3.10/dist-packages:${PYTHONPATH} /usr/bin/cmake --build /home/yap_han/colcon_ws/src/build/turtlebot3_fake_node -- -j18 -l18
[1.584s] [ 50%] [32mBuilding CXX object CMakeFiles/turtlebot3_fake_node.dir/src/turtlebot3_fake_node.cpp.o[0m
[10.678s] [100%] [32m[1mLinking CXX executable turtlebot3_fake_node[0m
[11.022s] [100%] Built target turtlebot3_fake_node
[11.034s] Invoked command in '/home/yap_han/colcon_ws/src/build/turtlebot3_fake_node' returned '0': AMENT_PREFIX_PATH=/home/yap_han/colcon_ws/src/install/turtlebot3_msgs:${AMENT_PREFIX_PATH} CMAKE_PREFIX_PATH=/home/yap_han/colcon_ws/src/install/turtlebot3_msgs:/opt/ros/humble LD_LIBRARY_PATH=/home/yap_han/colcon_ws/src/install/turtlebot3_msgs/lib:${LD_LIBRARY_PATH} PYTHONPATH=/home/yap_han/colcon_ws/src/install/turtlebot3_msgs/local/lib/python3.10/dist-packages:${PYTHONPATH} /usr/bin/cmake --build /home/yap_han/colcon_ws/src/build/turtlebot3_fake_node -- -j18 -l18
[11.035s] Invoking command in '/home/yap_han/colcon_ws/src/build/turtlebot3_fake_node': AMENT_PREFIX_PATH=/home/yap_han/colcon_ws/src/install/turtlebot3_msgs:${AMENT_PREFIX_PATH} CMAKE_PREFIX_PATH=/home/yap_han/colcon_ws/src/install/turtlebot3_msgs:/opt/ros/humble LD_LIBRARY_PATH=/home/yap_han/colcon_ws/src/install/turtlebot3_msgs/lib:${LD_LIBRARY_PATH} PYTHONPATH=/home/yap_han/colcon_ws/src/install/turtlebot3_msgs/local/lib/python3.10/dist-packages:${PYTHONPATH} /usr/bin/cmake --install /home/yap_han/colcon_ws/src/build/turtlebot3_fake_node
[11.041s] -- Install configuration: ""
[11.042s] -- Execute custom install script
[11.042s] -- Symlinking: /home/yap_han/colcon_ws/src/install/turtlebot3_fake_node/lib/turtlebot3_fake_node/turtlebot3_fake_node
[11.056s] -- Symlinking: /home/yap_han/colcon_ws/src/install/turtlebot3_fake_node/share/turtlebot3_fake_node/launch/rviz2.launch.py
[11.063s] -- Symlinking: /home/yap_han/colcon_ws/src/install/turtlebot3_fake_node/share/turtlebot3_fake_node/launch/turtlebot3_fake_node.launch.py
[11.071s] -- Symlinking: /home/yap_han/colcon_ws/src/install/turtlebot3_fake_node/share/turtlebot3_fake_node/param/burger.yaml
[11.077s] -- Symlinking: /home/yap_han/colcon_ws/src/install/turtlebot3_fake_node/share/turtlebot3_fake_node/param/waffle.yaml
[11.083s] -- Symlinking: /home/yap_han/colcon_ws/src/install/turtlebot3_fake_node/share/turtlebot3_fake_node/param/waffle_pi.yaml
[11.089s] -- Symlinking: /home/yap_han/colcon_ws/src/install/turtlebot3_fake_node/include//turtlebot3_fake_node/turtlebot3_fake_node.hpp
[11.095s] -- Symlinking: /home/yap_han/colcon_ws/src/install/turtlebot3_fake_node/share/ament_index/resource_index/package_run_dependencies/turtlebot3_fake_node
[11.100s] -- Symlinking: /home/yap_han/colcon_ws/src/install/turtlebot3_fake_node/share/ament_index/resource_index/parent_prefix_path/turtlebot3_fake_node
[11.106s] -- Symlinking: /home/yap_han/colcon_ws/src/install/turtlebot3_fake_node/share/turtlebot3_fake_node/environment/ament_prefix_path.sh
[11.111s] -- Symlinking: /home/yap_han/colcon_ws/src/install/turtlebot3_fake_node/share/turtlebot3_fake_node/environment/ament_prefix_path.dsv
[11.116s] -- Symlinking: /home/yap_han/colcon_ws/src/install/turtlebot3_fake_node/share/turtlebot3_fake_node/environment/path.sh
[11.120s] -- Symlinking: /home/yap_han/colcon_ws/src/install/turtlebot3_fake_node/share/turtlebot3_fake_node/environment/path.dsv
[11.126s] -- Symlinking: /home/yap_han/colcon_ws/src/install/turtlebot3_fake_node/share/turtlebot3_fake_node/local_setup.bash
[11.131s] -- Symlinking: /home/yap_han/colcon_ws/src/install/turtlebot3_fake_node/share/turtlebot3_fake_node/local_setup.sh
[11.137s] -- Symlinking: /home/yap_han/colcon_ws/src/install/turtlebot3_fake_node/share/turtlebot3_fake_node/local_setup.zsh
[11.143s] -- Symlinking: /home/yap_han/colcon_ws/src/install/turtlebot3_fake_node/share/turtlebot3_fake_node/local_setup.dsv
[11.149s] -- Symlinking: /home/yap_han/colcon_ws/src/install/turtlebot3_fake_node/share/turtlebot3_fake_node/package.dsv
[11.156s] -- Symlinking: /home/yap_han/colcon_ws/src/install/turtlebot3_fake_node/share/ament_index/resource_index/packages/turtlebot3_fake_node
[11.162s] -- Symlinking: /home/yap_han/colcon_ws/src/install/turtlebot3_fake_node/share/turtlebot3_fake_node/cmake/ament_cmake_export_include_directories-extras.cmake
[11.169s] -- Symlinking: /home/yap_han/colcon_ws/src/install/turtlebot3_fake_node/share/turtlebot3_fake_node/cmake/ament_cmake_export_dependencies-extras.cmake
[11.175s] -- Symlinking: /home/yap_han/colcon_ws/src/install/turtlebot3_fake_node/share/turtlebot3_fake_node/cmake/turtlebot3_fake_nodeConfig.cmake
[11.181s] -- Symlinking: /home/yap_han/colcon_ws/src/install/turtlebot3_fake_node/share/turtlebot3_fake_node/cmake/turtlebot3_fake_nodeConfig-version.cmake
[11.187s] -- Symlinking: /home/yap_han/colcon_ws/src/install/turtlebot3_fake_node/share/turtlebot3_fake_node/package.xml
[11.194s] Invoked command in '/home/yap_han/colcon_ws/src/build/turtlebot3_fake_node' returned '0': AMENT_PREFIX_PATH=/home/yap_han/colcon_ws/src/install/turtlebot3_msgs:${AMENT_PREFIX_PATH} CMAKE_PREFIX_PATH=/home/yap_han/colcon_ws/src/install/turtlebot3_msgs:/opt/ros/humble LD_LIBRARY_PATH=/home/yap_han/colcon_ws/src/install/turtlebot3_msgs/lib:${LD_LIBRARY_PATH} PYTHONPATH=/home/yap_han/colcon_ws/src/install/turtlebot3_msgs/local/lib/python3.10/dist-packages:${PYTHONPATH} /usr/bin/cmake --install /home/yap_han/colcon_ws/src/build/turtlebot3_fake_node
