[0.014s] Invoking command in '/home/yap_han/colcon_ws/src/build/dynamixel_sdk_examples': AMENT_PREFIX_PATH=/home/yap_han/colcon_ws/src/install/dynamixel_sdk_custom_interfaces:/home/yap_han/colcon_ws/src/install/dynamixel_sdk:${AMENT_PREFIX_PATH} CMAKE_PREFIX_PATH=/home/yap_han/colcon_ws/src/install/dynamixel_sdk_custom_interfaces:/home/yap_han/colcon_ws/src/install/dynamixel_sdk:/opt/ros/humble LD_LIBRARY_PATH=/home/yap_han/colcon_ws/src/install/dynamixel_sdk_custom_interfaces/lib:/home/yap_han/colcon_ws/src/install/dynamixel_sdk/lib:${LD_LIBRARY_PATH} PYTHONPATH=/home/yap_han/colcon_ws/src/install/dynamixel_sdk_custom_interfaces/local/lib/python3.10/dist-packages:${PYTHONPATH} /usr/bin/cmake /home/yap_han/colcon_ws/src/DynamixelSDK/dynamixel_sdk_examples -DAMENT_CMAKE_SYMLINK_INSTALL=1 -DCMAKE_INSTALL_PREFIX=/home/yap_han/colcon_ws/src/install/dynamixel_sdk_examples
[0.061s] -- The C compiler identification is GNU 11.4.0
[0.100s] -- The CXX compiler identification is GNU 11.4.0
[0.107s] -- Detecting C compiler ABI info
[0.176s] -- Detecting C compiler ABI info - done
[0.182s] -- Check for working C compiler: /usr/bin/cc - skipped
[0.182s] -- Detecting C compile features
[0.183s] -- Detecting C compile features - done
[0.186s] -- Detecting CXX compiler ABI info
[0.260s] -- Detecting CXX compiler ABI info - done
[0.266s] -- Check for working CXX compiler: /usr/bin/c++ - skipped
[0.266s] -- Detecting CXX compile features
[0.266s] -- Detecting CXX compile features - done
[0.268s] -- Found ament_cmake: 1.3.11 (/opt/ros/humble/share/ament_cmake/cmake)
[0.416s] -- Found Python3: /usr/bin/python3 (found version "3.10.12") found components: Interpreter 
[0.482s] -- Override CMake install command with custom implementation using symlinks instead of copying resources
[0.502s] -- Found dynamixel_sdk: 3.7.60 (/home/yap_han/colcon_ws/src/install/dynamixel_sdk/share/dynamixel_sdk/cmake)
[0.503s] -- Found dynamixel_sdk_custom_interfaces: 3.7.60 (/home/yap_han/colcon_ws/src/install/dynamixel_sdk_custom_interfaces/share/dynamixel_sdk_custom_interfaces/cmake)
[0.531s] -- Found rosidl_generator_c: 3.1.6 (/opt/ros/humble/share/rosidl_generator_c/cmake)
[0.535s] -- Found rosidl_adapter: 3.1.6 (/opt/ros/humble/share/rosidl_adapter/cmake)
[0.541s] -- Found rosidl_generator_cpp: 3.1.6 (/opt/ros/humble/share/rosidl_generator_cpp/cmake)
[0.551s] -- Using all available rosidl_typesupport_c: rosidl_typesupport_fastrtps_c;rosidl_typesupport_introspection_c
[0.563s] -- Using all available rosidl_typesupport_cpp: rosidl_typesupport_fastrtps_cpp;rosidl_typesupport_introspection_cpp
[0.583s] -- Found rclcpp: 16.0.11 (/opt/ros/humble/share/rclcpp/cmake)
[0.612s] -- Found rmw_implementation_cmake: 6.1.2 (/opt/ros/humble/share/rmw_implementation_cmake/cmake)
[0.614s] -- Found rmw_fastrtps_cpp: 6.2.7 (/opt/ros/humble/share/rmw_fastrtps_cpp/cmake)
[0.695s] -- Found OpenSSL: /usr/lib/x86_64-linux-gnu/libcrypto.so (found version "3.0.2")  
[0.732s] -- Found FastRTPS: /opt/ros/humble/include  
[0.781s] -- Using RMW implementation 'rmw_fastrtps_cpp' as default
[0.790s] -- Looking for pthread.h
[0.858s] -- Looking for pthread.h - found
[0.858s] -- Performing Test CMAKE_HAVE_LIBC_PTHREAD
[0.932s] -- Performing Test CMAKE_HAVE_LIBC_PTHREAD - Success
[0.933s] -- Found Threads: TRUE  
[0.974s] -- Found ament_lint_auto: 0.12.11 (/opt/ros/humble/share/ament_lint_auto/cmake)
[1.052s] -- Added test 'copyright' to check source files copyright and LICENSE
[1.053s] -- Added test 'cppcheck' to perform static code analysis on C / C++ code
[1.053s] -- Configured cppcheck include dirs: /home/yap_han/colcon_ws/src/DynamixelSDK/dynamixel_sdk_examples/include
[1.053s] -- Configured cppcheck exclude dirs and/or files: 
[1.054s] -- Added test 'cpplint' to check C / C++ code against the Google style
[1.054s] -- Configured cpplint exclude dirs and/or files: 
[1.055s] -- Added test 'lint_cmake' to check CMake code style
[1.056s] -- Added test 'uncrustify' to check C / C++ code style
[1.056s] -- Configured uncrustify additional arguments: 
[1.057s] -- Added test 'xmllint' to check XML markup files
[1.058s] -- Configuring done
[1.069s] -- Generating done
[1.072s] -- Build files have been written to: /home/yap_han/colcon_ws/src/build/dynamixel_sdk_examples
[1.090s] Invoked command in '/home/yap_han/colcon_ws/src/build/dynamixel_sdk_examples' returned '0': AMENT_PREFIX_PATH=/home/yap_han/colcon_ws/src/install/dynamixel_sdk_custom_interfaces:/home/yap_han/colcon_ws/src/install/dynamixel_sdk:${AMENT_PREFIX_PATH} CMAKE_PREFIX_PATH=/home/yap_han/colcon_ws/src/install/dynamixel_sdk_custom_interfaces:/home/yap_han/colcon_ws/src/install/dynamixel_sdk:/opt/ros/humble LD_LIBRARY_PATH=/home/yap_han/colcon_ws/src/install/dynamixel_sdk_custom_interfaces/lib:/home/yap_han/colcon_ws/src/install/dynamixel_sdk/lib:${LD_LIBRARY_PATH} PYTHONPATH=/home/yap_han/colcon_ws/src/install/dynamixel_sdk_custom_interfaces/local/lib/python3.10/dist-packages:${PYTHONPATH} /usr/bin/cmake /home/yap_han/colcon_ws/src/DynamixelSDK/dynamixel_sdk_examples -DAMENT_CMAKE_SYMLINK_INSTALL=1 -DCMAKE_INSTALL_PREFIX=/home/yap_han/colcon_ws/src/install/dynamixel_sdk_examples
[1.093s] Invoking command in '/home/yap_han/colcon_ws/src/build/dynamixel_sdk_examples': AMENT_PREFIX_PATH=/home/yap_han/colcon_ws/src/install/dynamixel_sdk_custom_interfaces:/home/yap_han/colcon_ws/src/install/dynamixel_sdk:${AMENT_PREFIX_PATH} CMAKE_PREFIX_PATH=/home/yap_han/colcon_ws/src/install/dynamixel_sdk_custom_interfaces:/home/yap_han/colcon_ws/src/install/dynamixel_sdk:/opt/ros/humble LD_LIBRARY_PATH=/home/yap_han/colcon_ws/src/install/dynamixel_sdk_custom_interfaces/lib:/home/yap_han/colcon_ws/src/install/dynamixel_sdk/lib:${LD_LIBRARY_PATH} PYTHONPATH=/home/yap_han/colcon_ws/src/install/dynamixel_sdk_custom_interfaces/local/lib/python3.10/dist-packages:${PYTHONPATH} /usr/bin/cmake --build /home/yap_han/colcon_ws/src/build/dynamixel_sdk_examples -- -j18 -l18
[1.138s] [ 50%] [32mBuilding CXX object CMakeFiles/read_write_node.dir/src/read_write_node.cpp.o[0m
[9.772s] [100%] [32m[1mLinking CXX executable read_write_node[0m
[10.130s] [100%] Built target read_write_node
[10.146s] Invoked command in '/home/yap_han/colcon_ws/src/build/dynamixel_sdk_examples' returned '0': AMENT_PREFIX_PATH=/home/yap_han/colcon_ws/src/install/dynamixel_sdk_custom_interfaces:/home/yap_han/colcon_ws/src/install/dynamixel_sdk:${AMENT_PREFIX_PATH} CMAKE_PREFIX_PATH=/home/yap_han/colcon_ws/src/install/dynamixel_sdk_custom_interfaces:/home/yap_han/colcon_ws/src/install/dynamixel_sdk:/opt/ros/humble LD_LIBRARY_PATH=/home/yap_han/colcon_ws/src/install/dynamixel_sdk_custom_interfaces/lib:/home/yap_han/colcon_ws/src/install/dynamixel_sdk/lib:${LD_LIBRARY_PATH} PYTHONPATH=/home/yap_han/colcon_ws/src/install/dynamixel_sdk_custom_interfaces/local/lib/python3.10/dist-packages:${PYTHONPATH} /usr/bin/cmake --build /home/yap_han/colcon_ws/src/build/dynamixel_sdk_examples -- -j18 -l18
[10.147s] Invoking command in '/home/yap_han/colcon_ws/src/build/dynamixel_sdk_examples': AMENT_PREFIX_PATH=/home/yap_han/colcon_ws/src/install/dynamixel_sdk_custom_interfaces:/home/yap_han/colcon_ws/src/install/dynamixel_sdk:${AMENT_PREFIX_PATH} CMAKE_PREFIX_PATH=/home/yap_han/colcon_ws/src/install/dynamixel_sdk_custom_interfaces:/home/yap_han/colcon_ws/src/install/dynamixel_sdk:/opt/ros/humble LD_LIBRARY_PATH=/home/yap_han/colcon_ws/src/install/dynamixel_sdk_custom_interfaces/lib:/home/yap_han/colcon_ws/src/install/dynamixel_sdk/lib:${LD_LIBRARY_PATH} PYTHONPATH=/home/yap_han/colcon_ws/src/install/dynamixel_sdk_custom_interfaces/local/lib/python3.10/dist-packages:${PYTHONPATH} /usr/bin/cmake --install /home/yap_han/colcon_ws/src/build/dynamixel_sdk_examples
[10.154s] -- Install configuration: ""
[10.155s] -- Execute custom install script
[10.155s] -- Symlinking: /home/yap_han/colcon_ws/src/install/dynamixel_sdk_examples/lib/dynamixel_sdk_examples/read_write_node
[10.165s] -- Symlinking: /home/yap_han/colcon_ws/src/install/dynamixel_sdk_examples/share/ament_index/resource_index/package_run_dependencies/dynamixel_sdk_examples
[10.173s] -- Symlinking: /home/yap_han/colcon_ws/src/install/dynamixel_sdk_examples/share/ament_index/resource_index/parent_prefix_path/dynamixel_sdk_examples
[10.182s] -- Symlinking: /home/yap_han/colcon_ws/src/install/dynamixel_sdk_examples/share/dynamixel_sdk_examples/environment/ament_prefix_path.sh
[10.190s] -- Symlinking: /home/yap_han/colcon_ws/src/install/dynamixel_sdk_examples/share/dynamixel_sdk_examples/environment/ament_prefix_path.dsv
[10.199s] -- Symlinking: /home/yap_han/colcon_ws/src/install/dynamixel_sdk_examples/share/dynamixel_sdk_examples/environment/path.sh
[10.209s] -- Symlinking: /home/yap_han/colcon_ws/src/install/dynamixel_sdk_examples/share/dynamixel_sdk_examples/environment/path.dsv
[10.216s] -- Symlinking: /home/yap_han/colcon_ws/src/install/dynamixel_sdk_examples/share/dynamixel_sdk_examples/local_setup.bash
[10.224s] -- Symlinking: /home/yap_han/colcon_ws/src/install/dynamixel_sdk_examples/share/dynamixel_sdk_examples/local_setup.sh
[10.233s] -- Symlinking: /home/yap_han/colcon_ws/src/install/dynamixel_sdk_examples/share/dynamixel_sdk_examples/local_setup.zsh
[10.241s] -- Symlinking: /home/yap_han/colcon_ws/src/install/dynamixel_sdk_examples/share/dynamixel_sdk_examples/local_setup.dsv
[10.249s] -- Symlinking: /home/yap_han/colcon_ws/src/install/dynamixel_sdk_examples/share/dynamixel_sdk_examples/package.dsv
[10.258s] -- Symlinking: /home/yap_han/colcon_ws/src/install/dynamixel_sdk_examples/share/ament_index/resource_index/packages/dynamixel_sdk_examples
[10.266s] -- Symlinking: /home/yap_han/colcon_ws/src/install/dynamixel_sdk_examples/share/dynamixel_sdk_examples/cmake/dynamixel_sdk_examplesConfig.cmake
[10.275s] -- Symlinking: /home/yap_han/colcon_ws/src/install/dynamixel_sdk_examples/share/dynamixel_sdk_examples/cmake/dynamixel_sdk_examplesConfig-version.cmake
[10.284s] -- Symlinking: /home/yap_han/colcon_ws/src/install/dynamixel_sdk_examples/share/dynamixel_sdk_examples/package.xml
[10.293s] Invoked command in '/home/yap_han/colcon_ws/src/build/dynamixel_sdk_examples' returned '0': AMENT_PREFIX_PATH=/home/yap_han/colcon_ws/src/install/dynamixel_sdk_custom_interfaces:/home/yap_han/colcon_ws/src/install/dynamixel_sdk:${AMENT_PREFIX_PATH} CMAKE_PREFIX_PATH=/home/yap_han/colcon_ws/src/install/dynamixel_sdk_custom_interfaces:/home/yap_han/colcon_ws/src/install/dynamixel_sdk:/opt/ros/humble LD_LIBRARY_PATH=/home/yap_han/colcon_ws/src/install/dynamixel_sdk_custom_interfaces/lib:/home/yap_han/colcon_ws/src/install/dynamixel_sdk/lib:${LD_LIBRARY_PATH} PYTHONPATH=/home/yap_han/colcon_ws/src/install/dynamixel_sdk_custom_interfaces/local/lib/python3.10/dist-packages:${PYTHONPATH} /usr/bin/cmake --install /home/yap_han/colcon_ws/src/build/dynamixel_sdk_examples
