[1.041s] Invoking command in '/home/yap_han/colcon_ws/src/build/auto_nav': CONDA_PROMPT_MODIFIER=(base) PYTHONPATH=/home/yap_han/colcon_ws/src/build/auto_nav/prefix_override:/usr/lib/python3/dist-packages/colcon_core/task/python/colcon_distutils_commands:/home/yap_han/colcon_ws/src/install/auto_nav/lib/python3.10/site-packages:${PYTHONPATH} /usr/bin/python3 -W ignore:setup.py install is deprecated -W ignore:easy_install command is deprecated setup.py develop --editable --build-directory /home/yap_han/colcon_ws/src/build/auto_nav/build --no-deps symlink_data
[1.232s] running develop
[1.344s] running egg_info
[1.344s] writing auto_nav.egg-info/PKG-INFO
[1.344s] writing dependency_links to auto_nav.egg-info/dependency_links.txt
[1.344s] writing entry points to auto_nav.egg-info/entry_points.txt
[1.345s] writing requirements to auto_nav.egg-info/requires.txt
[1.345s] writing top-level names to auto_nav.egg-info/top_level.txt
[1.348s] reading manifest file 'auto_nav.egg-info/SOURCES.txt'
[1.349s] writing manifest file 'auto_nav.egg-info/SOURCES.txt'
[1.351s] running build_ext
[1.351s] Creating /home/yap_han/colcon_ws/src/install/auto_nav/lib/python3.10/site-packages/auto-nav.egg-link (link to .)
[1.353s] Installing r2auto_nav script to /home/yap_han/colcon_ws/src/install/auto_nav/lib/auto_nav
[1.353s] Installing r2mover script to /home/yap_han/colcon_ws/src/install/auto_nav/lib/auto_nav
[1.353s] Installing r2moverotate script to /home/yap_han/colcon_ws/src/install/auto_nav/lib/auto_nav
[1.353s] Installing r2occupancy script to /home/yap_han/colcon_ws/src/install/auto_nav/lib/auto_nav
[1.353s] Installing r2occupancy2 script to /home/yap_han/colcon_ws/src/install/auto_nav/lib/auto_nav
[1.353s] Installing r2scanner script to /home/yap_han/colcon_ws/src/install/auto_nav/lib/auto_nav
[1.353s] 
[1.354s] Installed /home/yap_han/colcon_ws/src/build/auto_nav
[1.354s] running symlink_data
[1.388s] Invoked command in '/home/yap_han/colcon_ws/src/build/auto_nav' returned '0': CONDA_PROMPT_MODIFIER=(base) PYTHONPATH=/home/yap_han/colcon_ws/src/build/auto_nav/prefix_override:/usr/lib/python3/dist-packages/colcon_core/task/python/colcon_distutils_commands:/home/yap_han/colcon_ws/src/install/auto_nav/lib/python3.10/site-packages:${PYTHONPATH} /usr/bin/python3 -W ignore:setup.py install is deprecated -W ignore:easy_install command is deprecated setup.py develop --editable --build-directory /home/yap_han/colcon_ws/src/build/auto_nav/build --no-deps symlink_data
