[0.807s] Invoking command in '/home/yap_han/colcon_ws/src/turtlebot3/turtlebot3_teleop': PYTHONPATH=/home/yap_han/colcon_ws/build/turtlebot3_teleop/prefix_override:/usr/lib/python3/dist-packages/colcon_core/task/python/colcon_distutils_commands:/home/yap_han/colcon_ws/install/turtlebot3_teleop/lib/python3.10/site-packages:${PYTHONPATH} /usr/bin/python3 -W ignore:setup.py install is deprecated -W ignore:easy_install command is deprecated setup.py egg_info --egg-base ../../../build/turtlebot3_teleop build --build-base /home/yap_han/colcon_ws/build/turtlebot3_teleop/build install --record /home/yap_han/colcon_ws/build/turtlebot3_teleop/install.log --single-version-externally-managed install_data
[0.944s] running egg_info
[0.952s] writing ../../../build/turtlebot3_teleop/turtlebot3_teleop.egg-info/PKG-INFO
[0.953s] writing dependency_links to ../../../build/turtlebot3_teleop/turtlebot3_teleop.egg-info/dependency_links.txt
[0.953s] writing entry points to ../../../build/turtlebot3_teleop/turtlebot3_teleop.egg-info/entry_points.txt
[0.953s] writing requirements to ../../../build/turtlebot3_teleop/turtlebot3_teleop.egg-info/requires.txt
[0.953s] writing top-level names to ../../../build/turtlebot3_teleop/turtlebot3_teleop.egg-info/top_level.txt
[0.969s] reading manifest file '../../../build/turtlebot3_teleop/turtlebot3_teleop.egg-info/SOURCES.txt'
[0.970s] writing manifest file '../../../build/turtlebot3_teleop/turtlebot3_teleop.egg-info/SOURCES.txt'
[0.970s] running build
[0.970s] running build_py
[0.970s] running install
[0.973s] running install_lib
[0.981s] running install_data
[0.982s] running install_egg_info
[0.990s] removing '/home/yap_han/colcon_ws/install/turtlebot3_teleop/lib/python3.10/site-packages/turtlebot3_teleop-2.1.5-py3.10.egg-info' (and everything under it)
[0.990s] Copying ../../../build/turtlebot3_teleop/turtlebot3_teleop.egg-info to /home/yap_han/colcon_ws/install/turtlebot3_teleop/lib/python3.10/site-packages/turtlebot3_teleop-2.1.5-py3.10.egg-info
[0.991s] running install_scripts
[1.081s] Installing teleop_keyboard script to /home/yap_han/colcon_ws/install/turtlebot3_teleop/lib/turtlebot3_teleop
[1.082s] writing list of installed files to '/home/yap_han/colcon_ws/build/turtlebot3_teleop/install.log'
[1.101s] Invoked command in '/home/yap_han/colcon_ws/src/turtlebot3/turtlebot3_teleop' returned '0': PYTHONPATH=/home/yap_han/colcon_ws/build/turtlebot3_teleop/prefix_override:/usr/lib/python3/dist-packages/colcon_core/task/python/colcon_distutils_commands:/home/yap_han/colcon_ws/install/turtlebot3_teleop/lib/python3.10/site-packages:${PYTHONPATH} /usr/bin/python3 -W ignore:setup.py install is deprecated -W ignore:easy_install command is deprecated setup.py egg_info --egg-base ../../../build/turtlebot3_teleop build --build-base /home/yap_han/colcon_ws/build/turtlebot3_teleop/build install --record /home/yap_han/colcon_ws/build/turtlebot3_teleop/install.log --single-version-externally-managed install_data
