[1.662s] Invoking command in '/home/yap_han/colcon_ws/src/turtlebot3/turtlebot3_teleop': PYTHONPATH=/home/yap_han/colcon_ws/build/turtlebot3_teleop/prefix_override:/usr/lib/python3/dist-packages/colcon_core/task/python/colcon_distutils_commands:/home/yap_han/colcon_ws/install/turtlebot3_teleop/lib/python3.10/site-packages:${PYTHONPATH} /usr/bin/python3 -W ignore:setup.py install is deprecated -W ignore:easy_install command is deprecated setup.py egg_info --egg-base ../../../build/turtlebot3_teleop build --build-base /home/yap_han/colcon_ws/build/turtlebot3_teleop/build install --record /home/yap_han/colcon_ws/build/turtlebot3_teleop/install.log --single-version-externally-managed install_data
[1.969s] running egg_info
[1.985s] writing ../../../build/turtlebot3_teleop/turtlebot3_teleop.egg-info/PKG-INFO
[1.985s] writing dependency_links to ../../../build/turtlebot3_teleop/turtlebot3_teleop.egg-info/dependency_links.txt
[1.985s] writing entry points to ../../../build/turtlebot3_teleop/turtlebot3_teleop.egg-info/entry_points.txt
[1.985s] writing requirements to ../../../build/turtlebot3_teleop/turtlebot3_teleop.egg-info/requires.txt
[1.985s] writing top-level names to ../../../build/turtlebot3_teleop/turtlebot3_teleop.egg-info/top_level.txt
[2.017s] reading manifest file '../../../build/turtlebot3_teleop/turtlebot3_teleop.egg-info/SOURCES.txt'
[2.018s] writing manifest file '../../../build/turtlebot3_teleop/turtlebot3_teleop.egg-info/SOURCES.txt'
[2.018s] running build
[2.018s] running build_py
[2.019s] running install
[2.025s] running install_lib
[2.041s] running install_data
[2.041s] running install_egg_info
[2.057s] removing '/home/yap_han/colcon_ws/install/turtlebot3_teleop/lib/python3.10/site-packages/turtlebot3_teleop-2.1.5-py3.10.egg-info' (and everything under it)
[2.057s] Copying ../../../build/turtlebot3_teleop/turtlebot3_teleop.egg-info to /home/yap_han/colcon_ws/install/turtlebot3_teleop/lib/python3.10/site-packages/turtlebot3_teleop-2.1.5-py3.10.egg-info
[2.058s] running install_scripts
[2.233s] Installing teleop_keyboard script to /home/yap_han/colcon_ws/install/turtlebot3_teleop/lib/turtlebot3_teleop
[2.233s] writing list of installed files to '/home/yap_han/colcon_ws/build/turtlebot3_teleop/install.log'
[2.273s] Invoked command in '/home/yap_han/colcon_ws/src/turtlebot3/turtlebot3_teleop' returned '0': PYTHONPATH=/home/yap_han/colcon_ws/build/turtlebot3_teleop/prefix_override:/usr/lib/python3/dist-packages/colcon_core/task/python/colcon_distutils_commands:/home/yap_han/colcon_ws/install/turtlebot3_teleop/lib/python3.10/site-packages:${PYTHONPATH} /usr/bin/python3 -W ignore:setup.py install is deprecated -W ignore:easy_install command is deprecated setup.py egg_info --egg-base ../../../build/turtlebot3_teleop build --build-base /home/yap_han/colcon_ws/build/turtlebot3_teleop/build install --record /home/yap_han/colcon_ws/build/turtlebot3_teleop/install.log --single-version-externally-managed install_data
