[0.217s] Invoking command in '/home/yap_han/colcon_ws/build/turtlebot3_fake_node': CMAKE_PREFIX_PATH=/home/yap_han/colcon_ws/install/turtlebot3_msgs:/home/yap_han/colcon_ws/install/turtlebot3:/home/yap_han/colcon_ws/install/turtlebot3_simulations:/home/yap_han/colcon_ws/install/turtlebot3_bringup:/home/yap_han/colcon_ws/install/turtlebot3_node:/home/yap_han/colcon_ws/install/turtlebot3_navigation2:/home/yap_han/colcon_ws/install/turtlebot3_fake_node:/home/yap_han/colcon_ws/install/turtlebot3_gazebo:/home/yap_han/colcon_ws/install/turtlebot3_description:/home/yap_han/colcon_ws/install/turtlebot3_cartographer:/home/yap_han/colcon_ws/install/sam_bot_description:/home/yap_han/colcon_ws/install/nav_2d_utils:/home/yap_han/colcon_ws/install/dwb_msgs:/home/yap_han/colcon_ws/install/nav_2d_msgs:/home/yap_han/colcon_ws/install/nav2_gradient_costmap_plugin:/home/yap_han/colcon_ws/install/nav2_core:/home/yap_han/colcon_ws/install/nav2_costmap_2d:/home/yap_han/colcon_ws/install/nav2_voxel_grid:/home/yap_han/colcon_ws/install/nav2_velocity_smoother:/home/yap_han/colcon_ws/install/nav2_rviz_plugins:/home/yap_han/colcon_ws/install/nav2_map_server:/home/yap_han/colcon_ws/install/nav2_lifecycle_manager:/home/yap_han/colcon_ws/install/nav2_behavior_tree:/home/yap_han/colcon_ws/install/nav2_amcl:/home/yap_han/colcon_ws/install/nav2_util:/home/yap_han/colcon_ws/install/nav2_msgs:/home/yap_han/colcon_ws/install/nav2_costmap_filters_demo:/home/yap_han/colcon_ws/install/nav2_common:/home/yap_han/colcon_ws/install/multirobot_map_merge:/home/yap_han/colcon_ws/install/map_msgs:/home/yap_han/colcon_ws/install/dynamixel_sdk_examples:/home/yap_han/colcon_ws/install/dynamixel_sdk_custom_interfaces:/home/yap_han/colcon_ws/install/dynamixel_sdk:/home/yap_han/colcon_ws/install/turtlebot3_teleop:/home/yap_han/colcon_ws/install/turtlebot3_example:/home/yap_han/colcon_ws/install/py_pubsub:/home/yap_han/colcon_ws/install/explore_lite:/home/yap_han/colcon_ws/install/nav2_simple_commander:/home/yap_han/colcon_ws/install/auto_nav:/home/yap_han/install/auto_nav:/opt/ros/humble /usr/bin/cmake /home/yap_han/colcon_ws/src/turtlebot3_simulations/turtlebot3_fake_node -DCMAKE_INSTALL_PREFIX=/home/yap_han/colcon_ws/install/turtlebot3_fake_node
[0.281s] -- The C compiler identification is GNU 11.4.0
[0.343s] -- The CXX compiler identification is GNU 11.4.0
[0.350s] -- Detecting C compiler ABI info
[0.431s] -- Detecting C compiler ABI info - done
[0.438s] -- Check for working C compiler: /usr/bin/cc - skipped
[0.439s] -- Detecting C compile features
[0.439s] -- Detecting C compile features - done
[0.442s] -- Detecting CXX compiler ABI info
[0.533s] -- Detecting CXX compiler ABI info - done
[0.540s] -- Check for working CXX compiler: /usr/bin/c++ - skipped
[0.540s] -- Detecting CXX compile features
[0.541s] -- Detecting CXX compile features - done
[0.543s] -- Found ament_cmake: 1.3.11 (/opt/ros/humble/share/ament_cmake/cmake)
[0.943s] -- Found Python3: /usr/bin/python3 (found version "3.10.12") found components: Interpreter 
[1.049s] -- Found geometry_msgs: 4.2.4 (/opt/ros/humble/share/geometry_msgs/cmake)
[1.091s] -- Found rosidl_generator_c: 3.1.6 (/opt/ros/humble/share/rosidl_generator_c/cmake)
[1.097s] -- Found rosidl_adapter: 3.1.6 (/opt/ros/humble/share/rosidl_adapter/cmake)
[1.108s] -- Found rosidl_generator_cpp: 3.1.6 (/opt/ros/humble/share/rosidl_generator_cpp/cmake)
[1.124s] -- Using all available rosidl_typesupport_c: rosidl_typesupport_fastrtps_c;rosidl_typesupport_introspection_c
[1.145s] -- Using all available rosidl_typesupport_cpp: rosidl_typesupport_fastrtps_cpp;rosidl_typesupport_introspection_cpp
[1.191s] -- Found nav_msgs: 4.2.4 (/opt/ros/humble/share/nav_msgs/cmake)
[1.209s] -- Found rclcpp: 16.0.11 (/opt/ros/humble/share/rclcpp/cmake)
[1.252s] -- Found rmw_implementation_cmake: 6.1.2 (/opt/ros/humble/share/rmw_implementation_cmake/cmake)
[1.256s] -- Found rmw_fastrtps_cpp: 6.2.7 (/opt/ros/humble/share/rmw_fastrtps_cpp/cmake)
[1.362s] -- Found OpenSSL: /usr/lib/x86_64-linux-gnu/libcrypto.so (found version "3.0.2")  
[1.400s] -- Found FastRTPS: /opt/ros/humble/include  
[1.448s] -- Using RMW implementation 'rmw_fastrtps_cpp' as default
[1.457s] -- Looking for pthread.h
[1.536s] -- Looking for pthread.h - found
[1.536s] -- Performing Test CMAKE_HAVE_LIBC_PTHREAD
[1.613s] -- Performing Test CMAKE_HAVE_LIBC_PTHREAD - Success
[1.614s] -- Found Threads: TRUE  
[1.656s] -- Found sensor_msgs: 4.2.4 (/opt/ros/humble/share/sensor_msgs/cmake)
[1.672s] -- Found tf2: 0.25.12 (/opt/ros/humble/share/tf2/cmake)
[1.682s] -- Found tf2_msgs: 0.25.12 (/opt/ros/humble/share/tf2_msgs/cmake)
[1.718s] -- Found turtlebot3_msgs: 2.2.3 (/home/yap_han/colcon_ws/install/turtlebot3_msgs/share/turtlebot3_msgs/cmake)
[1.822s] -- Configuring done
[1.833s] -- Generating done
[1.838s] -- Build files have been written to: /home/yap_han/colcon_ws/build/turtlebot3_fake_node
[1.862s] Invoked command in '/home/yap_han/colcon_ws/build/turtlebot3_fake_node' returned '0': CMAKE_PREFIX_PATH=/home/yap_han/colcon_ws/install/turtlebot3_msgs:/home/yap_han/colcon_ws/install/turtlebot3:/home/yap_han/colcon_ws/install/turtlebot3_simulations:/home/yap_han/colcon_ws/install/turtlebot3_bringup:/home/yap_han/colcon_ws/install/turtlebot3_node:/home/yap_han/colcon_ws/install/turtlebot3_navigation2:/home/yap_han/colcon_ws/install/turtlebot3_fake_node:/home/yap_han/colcon_ws/install/turtlebot3_gazebo:/home/yap_han/colcon_ws/install/turtlebot3_description:/home/yap_han/colcon_ws/install/turtlebot3_cartographer:/home/yap_han/colcon_ws/install/sam_bot_description:/home/yap_han/colcon_ws/install/nav_2d_utils:/home/yap_han/colcon_ws/install/dwb_msgs:/home/yap_han/colcon_ws/install/nav_2d_msgs:/home/yap_han/colcon_ws/install/nav2_gradient_costmap_plugin:/home/yap_han/colcon_ws/install/nav2_core:/home/yap_han/colcon_ws/install/nav2_costmap_2d:/home/yap_han/colcon_ws/install/nav2_voxel_grid:/home/yap_han/colcon_ws/install/nav2_velocity_smoother:/home/yap_han/colcon_ws/install/nav2_rviz_plugins:/home/yap_han/colcon_ws/install/nav2_map_server:/home/yap_han/colcon_ws/install/nav2_lifecycle_manager:/home/yap_han/colcon_ws/install/nav2_behavior_tree:/home/yap_han/colcon_ws/install/nav2_amcl:/home/yap_han/colcon_ws/install/nav2_util:/home/yap_han/colcon_ws/install/nav2_msgs:/home/yap_han/colcon_ws/install/nav2_costmap_filters_demo:/home/yap_han/colcon_ws/install/nav2_common:/home/yap_han/colcon_ws/install/multirobot_map_merge:/home/yap_han/colcon_ws/install/map_msgs:/home/yap_han/colcon_ws/install/dynamixel_sdk_examples:/home/yap_han/colcon_ws/install/dynamixel_sdk_custom_interfaces:/home/yap_han/colcon_ws/install/dynamixel_sdk:/home/yap_han/colcon_ws/install/turtlebot3_teleop:/home/yap_han/colcon_ws/install/turtlebot3_example:/home/yap_han/colcon_ws/install/py_pubsub:/home/yap_han/colcon_ws/install/explore_lite:/home/yap_han/colcon_ws/install/nav2_simple_commander:/home/yap_han/colcon_ws/install/auto_nav:/home/yap_han/install/auto_nav:/opt/ros/humble /usr/bin/cmake /home/yap_han/colcon_ws/src/turtlebot3_simulations/turtlebot3_fake_node -DCMAKE_INSTALL_PREFIX=/home/yap_han/colcon_ws/install/turtlebot3_fake_node
[1.863s] Invoking command in '/home/yap_han/colcon_ws/build/turtlebot3_fake_node': CMAKE_PREFIX_PATH=/home/yap_han/colcon_ws/install/turtlebot3_msgs:/home/yap_han/colcon_ws/install/turtlebot3:/home/yap_han/colcon_ws/install/turtlebot3_simulations:/home/yap_han/colcon_ws/install/turtlebot3_bringup:/home/yap_han/colcon_ws/install/turtlebot3_node:/home/yap_han/colcon_ws/install/turtlebot3_navigation2:/home/yap_han/colcon_ws/install/turtlebot3_fake_node:/home/yap_han/colcon_ws/install/turtlebot3_gazebo:/home/yap_han/colcon_ws/install/turtlebot3_description:/home/yap_han/colcon_ws/install/turtlebot3_cartographer:/home/yap_han/colcon_ws/install/sam_bot_description:/home/yap_han/colcon_ws/install/nav_2d_utils:/home/yap_han/colcon_ws/install/dwb_msgs:/home/yap_han/colcon_ws/install/nav_2d_msgs:/home/yap_han/colcon_ws/install/nav2_gradient_costmap_plugin:/home/yap_han/colcon_ws/install/nav2_core:/home/yap_han/colcon_ws/install/nav2_costmap_2d:/home/yap_han/colcon_ws/install/nav2_voxel_grid:/home/yap_han/colcon_ws/install/nav2_velocity_smoother:/home/yap_han/colcon_ws/install/nav2_rviz_plugins:/home/yap_han/colcon_ws/install/nav2_map_server:/home/yap_han/colcon_ws/install/nav2_lifecycle_manager:/home/yap_han/colcon_ws/install/nav2_behavior_tree:/home/yap_han/colcon_ws/install/nav2_amcl:/home/yap_han/colcon_ws/install/nav2_util:/home/yap_han/colcon_ws/install/nav2_msgs:/home/yap_han/colcon_ws/install/nav2_costmap_filters_demo:/home/yap_han/colcon_ws/install/nav2_common:/home/yap_han/colcon_ws/install/multirobot_map_merge:/home/yap_han/colcon_ws/install/map_msgs:/home/yap_han/colcon_ws/install/dynamixel_sdk_examples:/home/yap_han/colcon_ws/install/dynamixel_sdk_custom_interfaces:/home/yap_han/colcon_ws/install/dynamixel_sdk:/home/yap_han/colcon_ws/install/turtlebot3_teleop:/home/yap_han/colcon_ws/install/turtlebot3_example:/home/yap_han/colcon_ws/install/py_pubsub:/home/yap_han/colcon_ws/install/explore_lite:/home/yap_han/colcon_ws/install/nav2_simple_commander:/home/yap_han/colcon_ws/install/auto_nav:/home/yap_han/install/auto_nav:/opt/ros/humble /usr/bin/cmake --build /home/yap_han/colcon_ws/build/turtlebot3_fake_node -- -j18 -l18
[1.923s] [ 50%] [32mBuilding CXX object CMakeFiles/turtlebot3_fake_node.dir/src/turtlebot3_fake_node.cpp.o[0m
[11.178s] [100%] [32m[1mLinking CXX executable turtlebot3_fake_node[0m
[11.510s] [100%] Built target turtlebot3_fake_node
[11.523s] Invoked command in '/home/yap_han/colcon_ws/build/turtlebot3_fake_node' returned '0': CMAKE_PREFIX_PATH=/home/yap_han/colcon_ws/install/turtlebot3_msgs:/home/yap_han/colcon_ws/install/turtlebot3:/home/yap_han/colcon_ws/install/turtlebot3_simulations:/home/yap_han/colcon_ws/install/turtlebot3_bringup:/home/yap_han/colcon_ws/install/turtlebot3_node:/home/yap_han/colcon_ws/install/turtlebot3_navigation2:/home/yap_han/colcon_ws/install/turtlebot3_fake_node:/home/yap_han/colcon_ws/install/turtlebot3_gazebo:/home/yap_han/colcon_ws/install/turtlebot3_description:/home/yap_han/colcon_ws/install/turtlebot3_cartographer:/home/yap_han/colcon_ws/install/sam_bot_description:/home/yap_han/colcon_ws/install/nav_2d_utils:/home/yap_han/colcon_ws/install/dwb_msgs:/home/yap_han/colcon_ws/install/nav_2d_msgs:/home/yap_han/colcon_ws/install/nav2_gradient_costmap_plugin:/home/yap_han/colcon_ws/install/nav2_core:/home/yap_han/colcon_ws/install/nav2_costmap_2d:/home/yap_han/colcon_ws/install/nav2_voxel_grid:/home/yap_han/colcon_ws/install/nav2_velocity_smoother:/home/yap_han/colcon_ws/install/nav2_rviz_plugins:/home/yap_han/colcon_ws/install/nav2_map_server:/home/yap_han/colcon_ws/install/nav2_lifecycle_manager:/home/yap_han/colcon_ws/install/nav2_behavior_tree:/home/yap_han/colcon_ws/install/nav2_amcl:/home/yap_han/colcon_ws/install/nav2_util:/home/yap_han/colcon_ws/install/nav2_msgs:/home/yap_han/colcon_ws/install/nav2_costmap_filters_demo:/home/yap_han/colcon_ws/install/nav2_common:/home/yap_han/colcon_ws/install/multirobot_map_merge:/home/yap_han/colcon_ws/install/map_msgs:/home/yap_han/colcon_ws/install/dynamixel_sdk_examples:/home/yap_han/colcon_ws/install/dynamixel_sdk_custom_interfaces:/home/yap_han/colcon_ws/install/dynamixel_sdk:/home/yap_han/colcon_ws/install/turtlebot3_teleop:/home/yap_han/colcon_ws/install/turtlebot3_example:/home/yap_han/colcon_ws/install/py_pubsub:/home/yap_han/colcon_ws/install/explore_lite:/home/yap_han/colcon_ws/install/nav2_simple_commander:/home/yap_han/colcon_ws/install/auto_nav:/home/yap_han/install/auto_nav:/opt/ros/humble /usr/bin/cmake --build /home/yap_han/colcon_ws/build/turtlebot3_fake_node -- -j18 -l18
[11.526s] Invoking command in '/home/yap_han/colcon_ws/build/turtlebot3_fake_node': CMAKE_PREFIX_PATH=/home/yap_han/colcon_ws/install/turtlebot3_msgs:/home/yap_han/colcon_ws/install/turtlebot3:/home/yap_han/colcon_ws/install/turtlebot3_simulations:/home/yap_han/colcon_ws/install/turtlebot3_bringup:/home/yap_han/colcon_ws/install/turtlebot3_node:/home/yap_han/colcon_ws/install/turtlebot3_navigation2:/home/yap_han/colcon_ws/install/turtlebot3_fake_node:/home/yap_han/colcon_ws/install/turtlebot3_gazebo:/home/yap_han/colcon_ws/install/turtlebot3_description:/home/yap_han/colcon_ws/install/turtlebot3_cartographer:/home/yap_han/colcon_ws/install/sam_bot_description:/home/yap_han/colcon_ws/install/nav_2d_utils:/home/yap_han/colcon_ws/install/dwb_msgs:/home/yap_han/colcon_ws/install/nav_2d_msgs:/home/yap_han/colcon_ws/install/nav2_gradient_costmap_plugin:/home/yap_han/colcon_ws/install/nav2_core:/home/yap_han/colcon_ws/install/nav2_costmap_2d:/home/yap_han/colcon_ws/install/nav2_voxel_grid:/home/yap_han/colcon_ws/install/nav2_velocity_smoother:/home/yap_han/colcon_ws/install/nav2_rviz_plugins:/home/yap_han/colcon_ws/install/nav2_map_server:/home/yap_han/colcon_ws/install/nav2_lifecycle_manager:/home/yap_han/colcon_ws/install/nav2_behavior_tree:/home/yap_han/colcon_ws/install/nav2_amcl:/home/yap_han/colcon_ws/install/nav2_util:/home/yap_han/colcon_ws/install/nav2_msgs:/home/yap_han/colcon_ws/install/nav2_costmap_filters_demo:/home/yap_han/colcon_ws/install/nav2_common:/home/yap_han/colcon_ws/install/multirobot_map_merge:/home/yap_han/colcon_ws/install/map_msgs:/home/yap_han/colcon_ws/install/dynamixel_sdk_examples:/home/yap_han/colcon_ws/install/dynamixel_sdk_custom_interfaces:/home/yap_han/colcon_ws/install/dynamixel_sdk:/home/yap_han/colcon_ws/install/turtlebot3_teleop:/home/yap_han/colcon_ws/install/turtlebot3_example:/home/yap_han/colcon_ws/install/py_pubsub:/home/yap_han/colcon_ws/install/explore_lite:/home/yap_han/colcon_ws/install/nav2_simple_commander:/home/yap_han/colcon_ws/install/auto_nav:/home/yap_han/install/auto_nav:/opt/ros/humble /usr/bin/cmake --install /home/yap_han/colcon_ws/build/turtlebot3_fake_node
[11.532s] -- Install configuration: ""
[11.532s] -- Installing: /home/yap_han/colcon_ws/install/turtlebot3_fake_node/lib/turtlebot3_fake_node/turtlebot3_fake_node
[11.534s] -- Set runtime path of "/home/yap_han/colcon_ws/install/turtlebot3_fake_node/lib/turtlebot3_fake_node/turtlebot3_fake_node" to ""
[11.534s] -- Installing: /home/yap_han/colcon_ws/install/turtlebot3_fake_node/share/turtlebot3_fake_node/launch
[11.535s] -- Installing: /home/yap_han/colcon_ws/install/turtlebot3_fake_node/share/turtlebot3_fake_node/launch/turtlebot3_fake_node.launch.py
[11.535s] -- Installing: /home/yap_han/colcon_ws/install/turtlebot3_fake_node/share/turtlebot3_fake_node/launch/rviz2.launch.py
[11.535s] -- Installing: /home/yap_han/colcon_ws/install/turtlebot3_fake_node/share/turtlebot3_fake_node/param
[11.535s] -- Installing: /home/yap_han/colcon_ws/install/turtlebot3_fake_node/share/turtlebot3_fake_node/param/waffle_pi.yaml
[11.535s] -- Installing: /home/yap_han/colcon_ws/install/turtlebot3_fake_node/share/turtlebot3_fake_node/param/waffle.yaml
[11.535s] -- Installing: /home/yap_han/colcon_ws/install/turtlebot3_fake_node/share/turtlebot3_fake_node/param/burger.yaml
[11.535s] -- Installing: /home/yap_han/colcon_ws/install/turtlebot3_fake_node/include/
[11.535s] -- Installing: /home/yap_han/colcon_ws/install/turtlebot3_fake_node/include//turtlebot3_fake_node
[11.535s] -- Installing: /home/yap_han/colcon_ws/install/turtlebot3_fake_node/include//turtlebot3_fake_node/turtlebot3_fake_node.hpp
[11.535s] -- Installing: /home/yap_han/colcon_ws/install/turtlebot3_fake_node/share/ament_index/resource_index/package_run_dependencies/turtlebot3_fake_node
[11.536s] -- Installing: /home/yap_han/colcon_ws/install/turtlebot3_fake_node/share/ament_index/resource_index/parent_prefix_path/turtlebot3_fake_node
[11.536s] -- Installing: /home/yap_han/colcon_ws/install/turtlebot3_fake_node/share/turtlebot3_fake_node/environment/ament_prefix_path.sh
[11.536s] -- Installing: /home/yap_han/colcon_ws/install/turtlebot3_fake_node/share/turtlebot3_fake_node/environment/ament_prefix_path.dsv
[11.536s] -- Installing: /home/yap_han/colcon_ws/install/turtlebot3_fake_node/share/turtlebot3_fake_node/environment/path.sh
[11.536s] -- Installing: /home/yap_han/colcon_ws/install/turtlebot3_fake_node/share/turtlebot3_fake_node/environment/path.dsv
[11.536s] -- Installing: /home/yap_han/colcon_ws/install/turtlebot3_fake_node/share/turtlebot3_fake_node/local_setup.bash
[11.536s] -- Installing: /home/yap_han/colcon_ws/install/turtlebot3_fake_node/share/turtlebot3_fake_node/local_setup.sh
[11.536s] -- Installing: /home/yap_han/colcon_ws/install/turtlebot3_fake_node/share/turtlebot3_fake_node/local_setup.zsh
[11.536s] -- Installing: /home/yap_han/colcon_ws/install/turtlebot3_fake_node/share/turtlebot3_fake_node/local_setup.dsv
[11.536s] -- Installing: /home/yap_han/colcon_ws/install/turtlebot3_fake_node/share/turtlebot3_fake_node/package.dsv
[11.536s] -- Installing: /home/yap_han/colcon_ws/install/turtlebot3_fake_node/share/ament_index/resource_index/packages/turtlebot3_fake_node
[11.537s] -- Installing: /home/yap_han/colcon_ws/install/turtlebot3_fake_node/share/turtlebot3_fake_node/cmake/ament_cmake_export_include_directories-extras.cmake
[11.537s] -- Installing: /home/yap_han/colcon_ws/install/turtlebot3_fake_node/share/turtlebot3_fake_node/cmake/ament_cmake_export_dependencies-extras.cmake
[11.537s] -- Installing: /home/yap_han/colcon_ws/install/turtlebot3_fake_node/share/turtlebot3_fake_node/cmake/turtlebot3_fake_nodeConfig.cmake
[11.537s] -- Installing: /home/yap_han/colcon_ws/install/turtlebot3_fake_node/share/turtlebot3_fake_node/cmake/turtlebot3_fake_nodeConfig-version.cmake
[11.537s] -- Installing: /home/yap_han/colcon_ws/install/turtlebot3_fake_node/share/turtlebot3_fake_node/package.xml
[11.540s] Invoked command in '/home/yap_han/colcon_ws/build/turtlebot3_fake_node' returned '0': CMAKE_PREFIX_PATH=/home/yap_han/colcon_ws/install/turtlebot3_msgs:/home/yap_han/colcon_ws/install/turtlebot3:/home/yap_han/colcon_ws/install/turtlebot3_simulations:/home/yap_han/colcon_ws/install/turtlebot3_bringup:/home/yap_han/colcon_ws/install/turtlebot3_node:/home/yap_han/colcon_ws/install/turtlebot3_navigation2:/home/yap_han/colcon_ws/install/turtlebot3_fake_node:/home/yap_han/colcon_ws/install/turtlebot3_gazebo:/home/yap_han/colcon_ws/install/turtlebot3_description:/home/yap_han/colcon_ws/install/turtlebot3_cartographer:/home/yap_han/colcon_ws/install/sam_bot_description:/home/yap_han/colcon_ws/install/nav_2d_utils:/home/yap_han/colcon_ws/install/dwb_msgs:/home/yap_han/colcon_ws/install/nav_2d_msgs:/home/yap_han/colcon_ws/install/nav2_gradient_costmap_plugin:/home/yap_han/colcon_ws/install/nav2_core:/home/yap_han/colcon_ws/install/nav2_costmap_2d:/home/yap_han/colcon_ws/install/nav2_voxel_grid:/home/yap_han/colcon_ws/install/nav2_velocity_smoother:/home/yap_han/colcon_ws/install/nav2_rviz_plugins:/home/yap_han/colcon_ws/install/nav2_map_server:/home/yap_han/colcon_ws/install/nav2_lifecycle_manager:/home/yap_han/colcon_ws/install/nav2_behavior_tree:/home/yap_han/colcon_ws/install/nav2_amcl:/home/yap_han/colcon_ws/install/nav2_util:/home/yap_han/colcon_ws/install/nav2_msgs:/home/yap_han/colcon_ws/install/nav2_costmap_filters_demo:/home/yap_han/colcon_ws/install/nav2_common:/home/yap_han/colcon_ws/install/multirobot_map_merge:/home/yap_han/colcon_ws/install/map_msgs:/home/yap_han/colcon_ws/install/dynamixel_sdk_examples:/home/yap_han/colcon_ws/install/dynamixel_sdk_custom_interfaces:/home/yap_han/colcon_ws/install/dynamixel_sdk:/home/yap_han/colcon_ws/install/turtlebot3_teleop:/home/yap_han/colcon_ws/install/turtlebot3_example:/home/yap_han/colcon_ws/install/py_pubsub:/home/yap_han/colcon_ws/install/explore_lite:/home/yap_han/colcon_ws/install/nav2_simple_commander:/home/yap_han/colcon_ws/install/auto_nav:/home/yap_han/install/auto_nav:/opt/ros/humble /usr/bin/cmake --install /home/yap_han/colcon_ws/build/turtlebot3_fake_node
