[0.024s] Invoking command in '/home/yap_han/colcon_ws/src/build/turtlebot3_description': CMAKE_PREFIX_PATH=/opt/ros/humble /usr/bin/cmake /home/yap_han/colcon_ws/src/turtlebot3/turtlebot3_description -DAMENT_CMAKE_SYMLINK_INSTALL=1 -DCMAKE_INSTALL_PREFIX=/home/yap_han/colcon_ws/src/install/turtlebot3_description
[0.352s] -- The C compiler identification is GNU 11.4.0
[0.352s] -- The CXX compiler identification is GNU 11.4.0
[0.352s] -- Detecting C compiler ABI info
[0.352s] -- Detecting C compiler ABI info - done
[0.352s] -- Check for working C compiler: /usr/bin/cc - skipped
[0.352s] -- Detecting C compile features
[0.352s] -- Detecting C compile features - done
[0.352s] -- Detecting CXX compiler ABI info
[0.352s] -- Detecting CXX compiler ABI info - done
[0.353s] -- Check for working CXX compiler: /usr/bin/c++ - skipped
[0.353s] -- Detecting CXX compile features
[0.353s] -- Detecting CXX compile features - done
[0.353s] -- Found ament_cmake: 1.3.11 (/opt/ros/humble/share/ament_cmake/cmake)
[0.427s] -- Found Python3: /usr/bin/python3 (found version "3.10.12") found components: Interpreter 
[0.467s] -- Override CMake install command with custom implementation using symlinks instead of copying resources
[0.492s] -- Found urdf: 2.6.1 (/opt/ros/humble/share/urdf/cmake)
[0.631s] -- Configuring done
[0.634s] -- Generating done
[0.637s] -- Build files have been written to: /home/yap_han/colcon_ws/src/build/turtlebot3_description
[0.654s] Invoked command in '/home/yap_han/colcon_ws/src/build/turtlebot3_description' returned '0': CMAKE_PREFIX_PATH=/opt/ros/humble /usr/bin/cmake /home/yap_han/colcon_ws/src/turtlebot3/turtlebot3_description -DAMENT_CMAKE_SYMLINK_INSTALL=1 -DCMAKE_INSTALL_PREFIX=/home/yap_han/colcon_ws/src/install/turtlebot3_description
[0.658s] Invoking command in '/home/yap_han/colcon_ws/src/build/turtlebot3_description': CMAKE_PREFIX_PATH=/opt/ros/humble /usr/bin/cmake --build /home/yap_han/colcon_ws/src/build/turtlebot3_description -- -j18 -l18
[0.694s] Invoked command in '/home/yap_han/colcon_ws/src/build/turtlebot3_description' returned '0': CMAKE_PREFIX_PATH=/opt/ros/humble /usr/bin/cmake --build /home/yap_han/colcon_ws/src/build/turtlebot3_description -- -j18 -l18
[0.695s] Invoking command in '/home/yap_han/colcon_ws/src/build/turtlebot3_description': CMAKE_PREFIX_PATH=/opt/ros/humble /usr/bin/cmake --install /home/yap_han/colcon_ws/src/build/turtlebot3_description
[0.699s] -- Install configuration: ""
[0.700s] -- Execute custom install script
[0.701s] -- Symlinking: /home/yap_han/colcon_ws/src/install/turtlebot3_description/share/turtlebot3_description/meshes/bases/burger_base.stl
[0.716s] -- Symlinking: /home/yap_han/colcon_ws/src/install/turtlebot3_description/share/turtlebot3_description/meshes/bases/waffle_base.stl
[0.726s] -- Symlinking: /home/yap_han/colcon_ws/src/install/turtlebot3_description/share/turtlebot3_description/meshes/bases/waffle_pi_base.stl
[0.734s] -- Symlinking: /home/yap_han/colcon_ws/src/install/turtlebot3_description/share/turtlebot3_description/meshes/sensors/astra.dae
[0.744s] -- Symlinking: /home/yap_han/colcon_ws/src/install/turtlebot3_description/share/turtlebot3_description/meshes/sensors/astra.jpg
[0.753s] -- Symlinking: /home/yap_han/colcon_ws/src/install/turtlebot3_description/share/turtlebot3_description/meshes/sensors/lds.stl
[0.763s] -- Symlinking: /home/yap_han/colcon_ws/src/install/turtlebot3_description/share/turtlebot3_description/meshes/sensors/r200.dae
[0.772s] -- Symlinking: /home/yap_han/colcon_ws/src/install/turtlebot3_description/share/turtlebot3_description/meshes/sensors/r200.jpg
[0.784s] -- Symlinking: /home/yap_han/colcon_ws/src/install/turtlebot3_description/share/turtlebot3_description/meshes/wheels/left_tire.stl
[0.791s] -- Symlinking: /home/yap_han/colcon_ws/src/install/turtlebot3_description/share/turtlebot3_description/meshes/wheels/right_tire.stl
[0.801s] -- Symlinking: /home/yap_han/colcon_ws/src/install/turtlebot3_description/share/turtlebot3_description/rviz/model.rviz
[0.809s] -- Symlinking: /home/yap_han/colcon_ws/src/install/turtlebot3_description/share/turtlebot3_description/urdf/common_properties.urdf
[0.819s] -- Symlinking: /home/yap_han/colcon_ws/src/install/turtlebot3_description/share/turtlebot3_description/urdf/turtlebot3_burger.urdf
[0.826s] -- Symlinking: /home/yap_han/colcon_ws/src/install/turtlebot3_description/share/turtlebot3_description/urdf/turtlebot3_waffle.urdf
[0.839s] -- Symlinking: /home/yap_han/colcon_ws/src/install/turtlebot3_description/share/turtlebot3_description/urdf/turtlebot3_waffle_pi.urdf
[0.853s] -- Symlinking: /home/yap_han/colcon_ws/src/install/turtlebot3_description/share/ament_index/resource_index/package_run_dependencies/turtlebot3_description
[0.861s] -- Symlinking: /home/yap_han/colcon_ws/src/install/turtlebot3_description/share/ament_index/resource_index/parent_prefix_path/turtlebot3_description
[0.874s] -- Symlinking: /home/yap_han/colcon_ws/src/install/turtlebot3_description/share/turtlebot3_description/environment/ament_prefix_path.sh
[0.882s] -- Symlinking: /home/yap_han/colcon_ws/src/install/turtlebot3_description/share/turtlebot3_description/environment/ament_prefix_path.dsv
[0.894s] -- Symlinking: /home/yap_han/colcon_ws/src/install/turtlebot3_description/share/turtlebot3_description/environment/path.sh
[0.901s] -- Symlinking: /home/yap_han/colcon_ws/src/install/turtlebot3_description/share/turtlebot3_description/environment/path.dsv
[0.908s] -- Symlinking: /home/yap_han/colcon_ws/src/install/turtlebot3_description/share/turtlebot3_description/local_setup.bash
[0.918s] -- Symlinking: /home/yap_han/colcon_ws/src/install/turtlebot3_description/share/turtlebot3_description/local_setup.sh
[0.925s] -- Symlinking: /home/yap_han/colcon_ws/src/install/turtlebot3_description/share/turtlebot3_description/local_setup.zsh
[0.935s] -- Symlinking: /home/yap_han/colcon_ws/src/install/turtlebot3_description/share/turtlebot3_description/local_setup.dsv
[0.943s] -- Symlinking: /home/yap_han/colcon_ws/src/install/turtlebot3_description/share/turtlebot3_description/package.dsv
[0.952s] -- Symlinking: /home/yap_han/colcon_ws/src/install/turtlebot3_description/share/ament_index/resource_index/packages/turtlebot3_description
[0.963s] -- Symlinking: /home/yap_han/colcon_ws/src/install/turtlebot3_description/share/turtlebot3_description/cmake/turtlebot3_descriptionConfig.cmake
[0.972s] -- Symlinking: /home/yap_han/colcon_ws/src/install/turtlebot3_description/share/turtlebot3_description/cmake/turtlebot3_descriptionConfig-version.cmake
[0.978s] -- Symlinking: /home/yap_han/colcon_ws/src/install/turtlebot3_description/share/turtlebot3_description/package.xml
[0.986s] Invoked command in '/home/yap_han/colcon_ws/src/build/turtlebot3_description' returned '0': CMAKE_PREFIX_PATH=/opt/ros/humble /usr/bin/cmake --install /home/yap_han/colcon_ws/src/build/turtlebot3_description
