[0.024s] Invoking command in '/home/yap_han/colcon_ws/src/build/dynamixel_sdk': CMAKE_PREFIX_PATH=/opt/ros/humble /usr/bin/cmake /home/yap_han/colcon_ws/src/DynamixelSDK/dynamixel_sdk -DAMENT_CMAKE_SYMLINK_INSTALL=1 -DCMAKE_INSTALL_PREFIX=/home/yap_han/colcon_ws/src/install/dynamixel_sdk
[0.350s] -- The C compiler identification is GNU 11.4.0
[0.350s] -- The CXX compiler identification is GNU 11.4.0
[0.350s] -- Detecting C compiler ABI info
[0.351s] -- Detecting C compiler ABI info - done
[0.351s] -- Check for working C compiler: /usr/bin/cc - skipped
[0.351s] -- Detecting C compile features
[0.351s] -- Detecting C compile features - done
[0.351s] -- Detecting CXX compiler ABI info
[0.352s] -- Detecting CXX compiler ABI info - done
[0.352s] -- Check for working CXX compiler: /usr/bin/c++ - skipped
[0.352s] -- Detecting CXX compile features
[0.352s] -- Detecting CXX compile features - done
[0.352s] -- Found ament_cmake: 1.3.11 (/opt/ros/humble/share/ament_cmake/cmake)
[0.425s] -- Found Python3: /usr/bin/python3 (found version "3.10.12") found components: Interpreter 
[0.484s] -- Override CMake install command with custom implementation using symlinks instead of copying resources
[0.549s] -- Configuring done
[0.555s] -- Generating done
[0.557s] -- Build files have been written to: /home/yap_han/colcon_ws/src/build/dynamixel_sdk
[0.563s] Invoked command in '/home/yap_han/colcon_ws/src/build/dynamixel_sdk' returned '0': CMAKE_PREFIX_PATH=/opt/ros/humble /usr/bin/cmake /home/yap_han/colcon_ws/src/DynamixelSDK/dynamixel_sdk -DAMENT_CMAKE_SYMLINK_INSTALL=1 -DCMAKE_INSTALL_PREFIX=/home/yap_han/colcon_ws/src/install/dynamixel_sdk
[0.565s] Invoking command in '/home/yap_han/colcon_ws/src/build/dynamixel_sdk': CMAKE_PREFIX_PATH=/opt/ros/humble /usr/bin/cmake --build /home/yap_han/colcon_ws/src/build/dynamixel_sdk -- -j18 -l18
[0.610s] [ 15%] [32mBuilding CXX object CMakeFiles/dynamixel_sdk.dir/src/dynamixel_sdk/group_sync_read.cpp.o[0m
[0.610s] [ 15%] [32mBuilding CXX object CMakeFiles/dynamixel_sdk.dir/src/dynamixel_sdk/protocol2_packet_handler.cpp.o[0m
[0.610s] [ 30%] [32mBuilding CXX object CMakeFiles/dynamixel_sdk.dir/src/dynamixel_sdk/packet_handler.cpp.o[0m
[0.610s] [ 30%] [32mBuilding CXX object CMakeFiles/dynamixel_sdk.dir/src/dynamixel_sdk/protocol1_packet_handler.cpp.o[0m
[0.614s] [ 38%] [32mBuilding CXX object CMakeFiles/dynamixel_sdk.dir/src/dynamixel_sdk/group_sync_write.cpp.o[0m
[0.614s] [ 46%] [32mBuilding CXX object CMakeFiles/dynamixel_sdk.dir/src/dynamixel_sdk/group_handler.cpp.o[0m
[0.614s] [ 53%] [32mBuilding CXX object CMakeFiles/dynamixel_sdk.dir/src/dynamixel_sdk/group_bulk_read.cpp.o[0m
[0.614s] [ 61%] [32mBuilding CXX object CMakeFiles/dynamixel_sdk.dir/src/dynamixel_sdk/port_handler.cpp.o[0m
[0.615s] [ 69%] [32mBuilding CXX object CMakeFiles/dynamixel_sdk.dir/src/dynamixel_sdk/group_bulk_write.cpp.o[0m
[0.615s] [ 76%] [32mBuilding CXX object CMakeFiles/dynamixel_sdk.dir/src/dynamixel_sdk/group_fast_bulk_read.cpp.o[0m
[0.615s] [ 84%] [32mBuilding CXX object CMakeFiles/dynamixel_sdk.dir/src/dynamixel_sdk/port_handler_linux.cpp.o[0m
[0.615s] [ 92%] [32mBuilding CXX object CMakeFiles/dynamixel_sdk.dir/src/dynamixel_sdk/group_fast_sync_read.cpp.o[0m
[1.179s] [100%] [32m[1mLinking CXX shared library libdynamixel_sdk.so[0m
[1.239s] [100%] Built target dynamixel_sdk
[1.256s] Invoked command in '/home/yap_han/colcon_ws/src/build/dynamixel_sdk' returned '0': CMAKE_PREFIX_PATH=/opt/ros/humble /usr/bin/cmake --build /home/yap_han/colcon_ws/src/build/dynamixel_sdk -- -j18 -l18
[1.257s] Invoking command in '/home/yap_han/colcon_ws/src/build/dynamixel_sdk': CMAKE_PREFIX_PATH=/opt/ros/humble /usr/bin/cmake --install /home/yap_han/colcon_ws/src/build/dynamixel_sdk
[1.264s] -- Install configuration: ""
[1.264s] -- Execute custom install script
[1.265s] -- Symlinking: /home/yap_han/colcon_ws/src/install/dynamixel_sdk/include//dynamixel_sdk/dynamixel_sdk.h
[1.270s] -- Symlinking: /home/yap_han/colcon_ws/src/install/dynamixel_sdk/include//dynamixel_sdk/group_bulk_read.h
[1.279s] -- Symlinking: /home/yap_han/colcon_ws/src/install/dynamixel_sdk/include//dynamixel_sdk/group_bulk_write.h
[1.286s] -- Symlinking: /home/yap_han/colcon_ws/src/install/dynamixel_sdk/include//dynamixel_sdk/group_fast_bulk_read.h
[1.290s] -- Symlinking: /home/yap_han/colcon_ws/src/install/dynamixel_sdk/include//dynamixel_sdk/group_fast_sync_read.h
[1.296s] -- Symlinking: /home/yap_han/colcon_ws/src/install/dynamixel_sdk/include//dynamixel_sdk/group_handler.h
[1.302s] -- Symlinking: /home/yap_han/colcon_ws/src/install/dynamixel_sdk/include//dynamixel_sdk/group_sync_read.h
[1.308s] -- Symlinking: /home/yap_han/colcon_ws/src/install/dynamixel_sdk/include//dynamixel_sdk/group_sync_write.h
[1.312s] -- Symlinking: /home/yap_han/colcon_ws/src/install/dynamixel_sdk/include//dynamixel_sdk/packet_handler.h
[1.317s] -- Symlinking: /home/yap_han/colcon_ws/src/install/dynamixel_sdk/include//dynamixel_sdk/port_handler.h
[1.322s] -- Symlinking: /home/yap_han/colcon_ws/src/install/dynamixel_sdk/include//dynamixel_sdk/port_handler_arduino.h
[1.327s] -- Symlinking: /home/yap_han/colcon_ws/src/install/dynamixel_sdk/include//dynamixel_sdk/port_handler_linux.h
[1.335s] -- Symlinking: /home/yap_han/colcon_ws/src/install/dynamixel_sdk/include//dynamixel_sdk/port_handler_mac.h
[1.341s] -- Symlinking: /home/yap_han/colcon_ws/src/install/dynamixel_sdk/include//dynamixel_sdk/port_handler_windows.h
[1.348s] -- Symlinking: /home/yap_han/colcon_ws/src/install/dynamixel_sdk/include//dynamixel_sdk/protocol1_packet_handler.h
[1.352s] -- Symlinking: /home/yap_han/colcon_ws/src/install/dynamixel_sdk/include//dynamixel_sdk/protocol2_packet_handler.h
[1.361s] -- Symlinking: /home/yap_han/colcon_ws/src/install/dynamixel_sdk/lib/libdynamixel_sdk.so
[1.365s] -- Symlinking: /home/yap_han/colcon_ws/src/install/dynamixel_sdk/share/dynamixel_sdk/environment/library_path.sh
[1.372s] -- Symlinking: /home/yap_han/colcon_ws/src/install/dynamixel_sdk/share/dynamixel_sdk/environment/library_path.dsv
[1.380s] -- Symlinking: /home/yap_han/colcon_ws/src/install/dynamixel_sdk/share/ament_index/resource_index/package_run_dependencies/dynamixel_sdk
[1.388s] -- Symlinking: /home/yap_han/colcon_ws/src/install/dynamixel_sdk/share/ament_index/resource_index/parent_prefix_path/dynamixel_sdk
[1.393s] -- Symlinking: /home/yap_han/colcon_ws/src/install/dynamixel_sdk/share/dynamixel_sdk/environment/ament_prefix_path.sh
[1.398s] -- Symlinking: /home/yap_han/colcon_ws/src/install/dynamixel_sdk/share/dynamixel_sdk/environment/ament_prefix_path.dsv
[1.404s] -- Symlinking: /home/yap_han/colcon_ws/src/install/dynamixel_sdk/share/dynamixel_sdk/environment/path.sh
[1.414s] -- Symlinking: /home/yap_han/colcon_ws/src/install/dynamixel_sdk/share/dynamixel_sdk/environment/path.dsv
[1.424s] -- Symlinking: /home/yap_han/colcon_ws/src/install/dynamixel_sdk/share/dynamixel_sdk/local_setup.bash
[1.434s] -- Symlinking: /home/yap_han/colcon_ws/src/install/dynamixel_sdk/share/dynamixel_sdk/local_setup.sh
[1.443s] -- Symlinking: /home/yap_han/colcon_ws/src/install/dynamixel_sdk/share/dynamixel_sdk/local_setup.zsh
[1.453s] -- Symlinking: /home/yap_han/colcon_ws/src/install/dynamixel_sdk/share/dynamixel_sdk/local_setup.dsv
[1.459s] -- Symlinking: /home/yap_han/colcon_ws/src/install/dynamixel_sdk/share/dynamixel_sdk/package.dsv
[1.468s] -- Symlinking: /home/yap_han/colcon_ws/src/install/dynamixel_sdk/share/ament_index/resource_index/packages/dynamixel_sdk
[1.474s] -- Symlinking: /home/yap_han/colcon_ws/src/install/dynamixel_sdk/share/dynamixel_sdk/cmake/ament_cmake_export_include_directories-extras.cmake
[1.483s] -- Symlinking: /home/yap_han/colcon_ws/src/install/dynamixel_sdk/share/dynamixel_sdk/cmake/ament_cmake_export_libraries-extras.cmake
[1.489s] -- Symlinking: /home/yap_han/colcon_ws/src/install/dynamixel_sdk/share/dynamixel_sdk/cmake/dynamixel_sdkConfig.cmake
[1.497s] -- Symlinking: /home/yap_han/colcon_ws/src/install/dynamixel_sdk/share/dynamixel_sdk/cmake/dynamixel_sdkConfig-version.cmake
[1.504s] -- Symlinking: /home/yap_han/colcon_ws/src/install/dynamixel_sdk/share/dynamixel_sdk/package.xml
[1.513s] Invoked command in '/home/yap_han/colcon_ws/src/build/dynamixel_sdk' returned '0': CMAKE_PREFIX_PATH=/opt/ros/humble /usr/bin/cmake --install /home/yap_han/colcon_ws/src/build/dynamixel_sdk
