[1.522s] Invoking command in '/home/yap_han/colcon_ws/src/py_pubsub': PYTHONPATH=/home/yap_han/colcon_ws/build/py_pubsub/prefix_override:/usr/lib/python3/dist-packages/colcon_core/task/python/colcon_distutils_commands:/home/yap_han/colcon_ws/install/py_pubsub/lib/python3.10/site-packages:${PYTHONPATH} /usr/bin/python3 -W ignore:setup.py install is deprecated -W ignore:easy_install command is deprecated setup.py egg_info --egg-base ../../build/py_pubsub build --build-base /home/yap_han/colcon_ws/build/py_pubsub/build install --record /home/yap_han/colcon_ws/build/py_pubsub/install.log --single-version-externally-managed install_data
[1.858s] running egg_info
[1.877s] writing ../../build/py_pubsub/py_pubsub.egg-info/PKG-INFO
[1.878s] writing dependency_links to ../../build/py_pubsub/py_pubsub.egg-info/dependency_links.txt
[1.878s] writing entry points to ../../build/py_pubsub/py_pubsub.egg-info/entry_points.txt
[1.878s] writing requirements to ../../build/py_pubsub/py_pubsub.egg-info/requires.txt
[1.878s] writing top-level names to ../../build/py_pubsub/py_pubsub.egg-info/top_level.txt
[1.917s] reading manifest file '../../build/py_pubsub/py_pubsub.egg-info/SOURCES.txt'
[1.918s] writing manifest file '../../build/py_pubsub/py_pubsub.egg-info/SOURCES.txt'
[1.918s] running build
[1.919s] running build_py
[1.919s] running install
[1.927s] running install_lib
[1.951s] running install_data
[1.951s] running install_egg_info
[1.972s] removing '/home/yap_han/colcon_ws/install/py_pubsub/lib/python3.10/site-packages/py_pubsub-0.0.0-py3.10.egg-info' (and everything under it)
[1.972s] Copying ../../build/py_pubsub/py_pubsub.egg-info to /home/yap_han/colcon_ws/install/py_pubsub/lib/python3.10/site-packages/py_pubsub-0.0.0-py3.10.egg-info
[1.973s] running install_scripts
[2.189s] Installing listener script to /home/yap_han/colcon_ws/install/py_pubsub/lib/py_pubsub
[2.189s] Installing talker script to /home/yap_han/colcon_ws/install/py_pubsub/lib/py_pubsub
[2.190s] writing list of installed files to '/home/yap_han/colcon_ws/build/py_pubsub/install.log'
[2.236s] Invoked command in '/home/yap_han/colcon_ws/src/py_pubsub' returned '0': PYTHONPATH=/home/yap_han/colcon_ws/build/py_pubsub/prefix_override:/usr/lib/python3/dist-packages/colcon_core/task/python/colcon_distutils_commands:/home/yap_han/colcon_ws/install/py_pubsub/lib/python3.10/site-packages:${PYTHONPATH} /usr/bin/python3 -W ignore:setup.py install is deprecated -W ignore:easy_install command is deprecated setup.py egg_info --egg-base ../../build/py_pubsub build --build-base /home/yap_han/colcon_ws/build/py_pubsub/build install --record /home/yap_han/colcon_ws/build/py_pubsub/install.log --single-version-externally-managed install_data
