[0.958s] Invoking command in '/home/yap_han/colcon_ws/src/build/turtlebot3_teleop': PYTHONPATH=/home/yap_han/colcon_ws/src/build/turtlebot3_teleop/prefix_override:/usr/lib/python3/dist-packages/colcon_core/task/python/colcon_distutils_commands:/home/yap_han/colcon_ws/src/install/turtlebot3_teleop/lib/python3.10/site-packages:${PYTHONPATH} /usr/bin/python3 -W ignore:setup.py install is deprecated -W ignore:easy_install command is deprecated setup.py develop --editable --build-directory /home/yap_han/colcon_ws/src/build/turtlebot3_teleop/build --no-deps symlink_data
[1.125s] running develop
[1.216s] running egg_info
[1.216s] creating turtlebot3_teleop.egg-info
[1.216s] writing turtlebot3_teleop.egg-info/PKG-INFO
[1.216s] writing dependency_links to turtlebot3_teleop.egg-info/dependency_links.txt
[1.216s] writing entry points to turtlebot3_teleop.egg-info/entry_points.txt
[1.216s] writing requirements to turtlebot3_teleop.egg-info/requires.txt
[1.216s] writing top-level names to turtlebot3_teleop.egg-info/top_level.txt
[1.217s] writing manifest file 'turtlebot3_teleop.egg-info/SOURCES.txt'
[1.217s] reading manifest file 'turtlebot3_teleop.egg-info/SOURCES.txt'
[1.218s] writing manifest file 'turtlebot3_teleop.egg-info/SOURCES.txt'
[1.219s] running build_ext
[1.219s] Creating /home/yap_han/colcon_ws/src/install/turtlebot3_teleop/lib/python3.10/site-packages/turtlebot3-teleop.egg-link (link to .)
[1.219s] Installing teleop_keyboard script to /home/yap_han/colcon_ws/src/install/turtlebot3_teleop/lib/turtlebot3_teleop
[1.219s] 
[1.219s] Installed /home/yap_han/colcon_ws/src/build/turtlebot3_teleop
[1.219s] running symlink_data
[1.219s] creating /home/yap_han/colcon_ws/src/install/turtlebot3_teleop/share/ament_index
[1.220s] creating /home/yap_han/colcon_ws/src/install/turtlebot3_teleop/share/ament_index/resource_index
[1.220s] creating /home/yap_han/colcon_ws/src/install/turtlebot3_teleop/share/ament_index/resource_index/packages
[1.220s] symbolically linking /home/yap_han/colcon_ws/src/build/turtlebot3_teleop/resource/turtlebot3_teleop -> /home/yap_han/colcon_ws/src/install/turtlebot3_teleop/share/ament_index/resource_index/packages
[1.220s] symbolically linking /home/yap_han/colcon_ws/src/build/turtlebot3_teleop/package.xml -> /home/yap_han/colcon_ws/src/install/turtlebot3_teleop/share/turtlebot3_teleop
[1.239s] Invoked command in '/home/yap_han/colcon_ws/src/build/turtlebot3_teleop' returned '0': PYTHONPATH=/home/yap_han/colcon_ws/src/build/turtlebot3_teleop/prefix_override:/usr/lib/python3/dist-packages/colcon_core/task/python/colcon_distutils_commands:/home/yap_han/colcon_ws/src/install/turtlebot3_teleop/lib/python3.10/site-packages:${PYTHONPATH} /usr/bin/python3 -W ignore:setup.py install is deprecated -W ignore:easy_install command is deprecated setup.py develop --editable --build-directory /home/yap_han/colcon_ws/src/build/turtlebot3_teleop/build --no-deps symlink_data
