[0.024s] Invoking command in '/home/yap_han/colcon_ws/src/build/turtlebot3_navigation2': CMAKE_PREFIX_PATH=/opt/ros/humble /usr/bin/cmake /home/yap_han/colcon_ws/src/turtlebot3/turtlebot3_navigation2 -DAMENT_CMAKE_SYMLINK_INSTALL=1 -DCMAKE_INSTALL_PREFIX=/home/yap_han/colcon_ws/src/install/turtlebot3_navigation2
[0.350s] -- The C compiler identification is GNU 11.4.0
[0.350s] -- The CXX compiler identification is GNU 11.4.0
[0.350s] -- Detecting C compiler ABI info
[0.350s] -- Detecting C compiler ABI info - done
[0.350s] -- Check for working C compiler: /usr/bin/cc - skipped
[0.350s] -- Detecting C compile features
[0.350s] -- Detecting C compile features - done
[0.350s] -- Detecting CXX compiler ABI info
[0.350s] -- Detecting CXX compiler ABI info - done
[0.350s] -- Check for working CXX compiler: /usr/bin/c++ - skipped
[0.350s] -- Detecting CXX compile features
[0.350s] -- Detecting CXX compile features - done
[0.351s] -- Found ament_cmake: 1.3.11 (/opt/ros/humble/share/ament_cmake/cmake)
[0.414s] -- Found Python3: /usr/bin/python3 (found version "3.10.12") found components: Interpreter 
[0.454s] -- Override CMake install command with custom implementation using symlinks instead of copying resources
[0.548s] -- Configuring done
[0.550s] -- Generating done
[0.552s] -- Build files have been written to: /home/yap_han/colcon_ws/src/build/turtlebot3_navigation2
[0.557s] Invoked command in '/home/yap_han/colcon_ws/src/build/turtlebot3_navigation2' returned '0': CMAKE_PREFIX_PATH=/opt/ros/humble /usr/bin/cmake /home/yap_han/colcon_ws/src/turtlebot3/turtlebot3_navigation2 -DAMENT_CMAKE_SYMLINK_INSTALL=1 -DCMAKE_INSTALL_PREFIX=/home/yap_han/colcon_ws/src/install/turtlebot3_navigation2
[0.558s] Invoking command in '/home/yap_han/colcon_ws/src/build/turtlebot3_navigation2': CMAKE_PREFIX_PATH=/opt/ros/humble /usr/bin/cmake --build /home/yap_han/colcon_ws/src/build/turtlebot3_navigation2 -- -j18 -l18
[0.581s] Invoked command in '/home/yap_han/colcon_ws/src/build/turtlebot3_navigation2' returned '0': CMAKE_PREFIX_PATH=/opt/ros/humble /usr/bin/cmake --build /home/yap_han/colcon_ws/src/build/turtlebot3_navigation2 -- -j18 -l18
[0.588s] Invoking command in '/home/yap_han/colcon_ws/src/build/turtlebot3_navigation2': CMAKE_PREFIX_PATH=/opt/ros/humble /usr/bin/cmake --install /home/yap_han/colcon_ws/src/build/turtlebot3_navigation2
[0.593s] -- Install configuration: ""
[0.594s] -- Execute custom install script
[0.594s] -- Symlinking: /home/yap_han/colcon_ws/src/install/turtlebot3_navigation2/share/turtlebot3_navigation2/launch/navigation2.launch.py
[0.602s] -- Symlinking: /home/yap_han/colcon_ws/src/install/turtlebot3_navigation2/share/turtlebot3_navigation2/map/map.pgm
[0.612s] -- Symlinking: /home/yap_han/colcon_ws/src/install/turtlebot3_navigation2/share/turtlebot3_navigation2/map/map.yaml
[0.623s] -- Symlinking: /home/yap_han/colcon_ws/src/install/turtlebot3_navigation2/share/turtlebot3_navigation2/param/burger.yaml
[0.630s] -- Symlinking: /home/yap_han/colcon_ws/src/install/turtlebot3_navigation2/share/turtlebot3_navigation2/param/waffle.yaml
[0.642s] -- Symlinking: /home/yap_han/colcon_ws/src/install/turtlebot3_navigation2/share/turtlebot3_navigation2/param/waffle_pi.yaml
[0.651s] -- Symlinking: /home/yap_han/colcon_ws/src/install/turtlebot3_navigation2/share/turtlebot3_navigation2/rviz/tb3_navigation2.rviz
[0.661s] -- Symlinking: /home/yap_han/colcon_ws/src/install/turtlebot3_navigation2/share/ament_index/resource_index/package_run_dependencies/turtlebot3_navigation2
[0.673s] -- Symlinking: /home/yap_han/colcon_ws/src/install/turtlebot3_navigation2/share/ament_index/resource_index/parent_prefix_path/turtlebot3_navigation2
[0.685s] -- Symlinking: /home/yap_han/colcon_ws/src/install/turtlebot3_navigation2/share/turtlebot3_navigation2/environment/ament_prefix_path.sh
[0.693s] -- Symlinking: /home/yap_han/colcon_ws/src/install/turtlebot3_navigation2/share/turtlebot3_navigation2/environment/ament_prefix_path.dsv
[0.707s] -- Symlinking: /home/yap_han/colcon_ws/src/install/turtlebot3_navigation2/share/turtlebot3_navigation2/environment/path.sh
[0.723s] -- Symlinking: /home/yap_han/colcon_ws/src/install/turtlebot3_navigation2/share/turtlebot3_navigation2/environment/path.dsv
[0.737s] -- Symlinking: /home/yap_han/colcon_ws/src/install/turtlebot3_navigation2/share/turtlebot3_navigation2/local_setup.bash
[0.752s] -- Symlinking: /home/yap_han/colcon_ws/src/install/turtlebot3_navigation2/share/turtlebot3_navigation2/local_setup.sh
[0.766s] -- Symlinking: /home/yap_han/colcon_ws/src/install/turtlebot3_navigation2/share/turtlebot3_navigation2/local_setup.zsh
[0.781s] -- Symlinking: /home/yap_han/colcon_ws/src/install/turtlebot3_navigation2/share/turtlebot3_navigation2/local_setup.dsv
[0.796s] -- Symlinking: /home/yap_han/colcon_ws/src/install/turtlebot3_navigation2/share/turtlebot3_navigation2/package.dsv
[0.811s] -- Symlinking: /home/yap_han/colcon_ws/src/install/turtlebot3_navigation2/share/ament_index/resource_index/packages/turtlebot3_navigation2
[0.820s] -- Symlinking: /home/yap_han/colcon_ws/src/install/turtlebot3_navigation2/share/turtlebot3_navigation2/cmake/turtlebot3_navigation2Config.cmake
[0.829s] -- Symlinking: /home/yap_han/colcon_ws/src/install/turtlebot3_navigation2/share/turtlebot3_navigation2/cmake/turtlebot3_navigation2Config-version.cmake
[0.839s] -- Symlinking: /home/yap_han/colcon_ws/src/install/turtlebot3_navigation2/share/turtlebot3_navigation2/package.xml
[0.862s] Invoked command in '/home/yap_han/colcon_ws/src/build/turtlebot3_navigation2' returned '0': CMAKE_PREFIX_PATH=/opt/ros/humble /usr/bin/cmake --install /home/yap_han/colcon_ws/src/build/turtlebot3_navigation2
