[0.948s] Invoking command in '/home/yap_han/colcon_ws/src/py_pubsub': PYTHONPATH=/home/yap_han/colcon_ws/build/py_pubsub/prefix_override:/usr/lib/python3/dist-packages/colcon_core/task/python/colcon_distutils_commands:/home/yap_han/colcon_ws/install/py_pubsub/lib/python3.10/site-packages:${PYTHONPATH} /usr/bin/python3 -W ignore:setup.py install is deprecated -W ignore:easy_install command is deprecated setup.py egg_info --egg-base ../../build/py_pubsub build --build-base /home/yap_han/colcon_ws/build/py_pubsub/build install --record /home/yap_han/colcon_ws/build/py_pubsub/install.log --single-version-externally-managed install_data
[1.095s] running egg_info
[1.103s] writing ../../build/py_pubsub/py_pubsub.egg-info/PKG-INFO
[1.104s] writing dependency_links to ../../build/py_pubsub/py_pubsub.egg-info/dependency_links.txt
[1.104s] writing entry points to ../../build/py_pubsub/py_pubsub.egg-info/entry_points.txt
[1.104s] writing requirements to ../../build/py_pubsub/py_pubsub.egg-info/requires.txt
[1.104s] writing top-level names to ../../build/py_pubsub/py_pubsub.egg-info/top_level.txt
[1.121s] reading manifest file '../../build/py_pubsub/py_pubsub.egg-info/SOURCES.txt'
[1.121s] writing manifest file '../../build/py_pubsub/py_pubsub.egg-info/SOURCES.txt'
[1.122s] running build
[1.122s] running build_py
[1.122s] running install
[1.126s] running install_lib
[1.134s] running install_data
[1.134s] running install_egg_info
[1.142s] removing '/home/yap_han/colcon_ws/install/py_pubsub/lib/python3.10/site-packages/py_pubsub-0.0.0-py3.10.egg-info' (and everything under it)
[1.142s] Copying ../../build/py_pubsub/py_pubsub.egg-info to /home/yap_han/colcon_ws/install/py_pubsub/lib/python3.10/site-packages/py_pubsub-0.0.0-py3.10.egg-info
[1.143s] running install_scripts
[1.234s] Installing listener script to /home/yap_han/colcon_ws/install/py_pubsub/lib/py_pubsub
[1.234s] Installing talker script to /home/yap_han/colcon_ws/install/py_pubsub/lib/py_pubsub
[1.234s] writing list of installed files to '/home/yap_han/colcon_ws/build/py_pubsub/install.log'
[1.252s] Invoked command in '/home/yap_han/colcon_ws/src/py_pubsub' returned '0': PYTHONPATH=/home/yap_han/colcon_ws/build/py_pubsub/prefix_override:/usr/lib/python3/dist-packages/colcon_core/task/python/colcon_distutils_commands:/home/yap_han/colcon_ws/install/py_pubsub/lib/python3.10/site-packages:${PYTHONPATH} /usr/bin/python3 -W ignore:setup.py install is deprecated -W ignore:easy_install command is deprecated setup.py egg_info --egg-base ../../build/py_pubsub build --build-base /home/yap_han/colcon_ws/build/py_pubsub/build install --record /home/yap_han/colcon_ws/build/py_pubsub/install.log --single-version-externally-managed install_data
