[0.035s] Invoking command in '/home/yap_han/colcon_ws/build/turtlebot3_description': CMAKE_PREFIX_PATH=${CMAKE_PREFIX_PATH}:/home/yap_han/colcon_ws/install/turtlebot3_teleop:/home/yap_han/colcon_ws/install/turtlebot3_example:/home/yap_han/colcon_ws/install/py_pubsub:/home/yap_han/colcon_ws/install/explore_lite:/home/yap_han/colcon_ws/install/nav2_simple_commander:/home/yap_han/colcon_ws/install/auto_nav:/home/yap_han/install/auto_nav:/opt/ros/humble /usr/bin/cmake /home/yap_han/colcon_ws/src/turtlebot3/turtlebot3_description -DCMAKE_INSTALL_PREFIX=/home/yap_han/colcon_ws/install/turtlebot3_description
[0.317s] -- The C compiler identification is GNU 11.4.0
[0.317s] -- The CXX compiler identification is GNU 11.4.0
[0.317s] -- Detecting C compiler ABI info
[0.317s] -- Detecting C compiler ABI info - done
[0.317s] -- Check for working C compiler: /usr/bin/cc - skipped
[0.317s] -- Detecting C compile features
[0.317s] -- Detecting C compile features - done
[0.317s] -- Detecting CXX compiler ABI info
[0.318s] -- Detecting CXX compiler ABI info - done
[0.318s] -- Check for working CXX compiler: /usr/bin/c++ - skipped
[0.318s] -- Detecting CXX compile features
[0.318s] -- Detecting CXX compile features - done
[0.318s] -- Found ament_cmake: 1.3.11 (/opt/ros/humble/share/ament_cmake/cmake)
[0.619s] -- Found Python3: /usr/bin/python3 (found version "3.10.12") found components: Interpreter 
[0.711s] -- Found urdf: 2.6.1 (/opt/ros/humble/share/urdf/cmake)
[0.860s] -- Configuring done
[0.864s] -- Generating done
[0.869s] -- Build files have been written to: /home/yap_han/colcon_ws/build/turtlebot3_description
[0.893s] Invoked command in '/home/yap_han/colcon_ws/build/turtlebot3_description' returned '0': CMAKE_PREFIX_PATH=${CMAKE_PREFIX_PATH}:/home/yap_han/colcon_ws/install/turtlebot3_teleop:/home/yap_han/colcon_ws/install/turtlebot3_example:/home/yap_han/colcon_ws/install/py_pubsub:/home/yap_han/colcon_ws/install/explore_lite:/home/yap_han/colcon_ws/install/nav2_simple_commander:/home/yap_han/colcon_ws/install/auto_nav:/home/yap_han/install/auto_nav:/opt/ros/humble /usr/bin/cmake /home/yap_han/colcon_ws/src/turtlebot3/turtlebot3_description -DCMAKE_INSTALL_PREFIX=/home/yap_han/colcon_ws/install/turtlebot3_description
[0.894s] Invoking command in '/home/yap_han/colcon_ws/build/turtlebot3_description': CMAKE_PREFIX_PATH=${CMAKE_PREFIX_PATH}:/home/yap_han/colcon_ws/install/turtlebot3_teleop:/home/yap_han/colcon_ws/install/turtlebot3_example:/home/yap_han/colcon_ws/install/py_pubsub:/home/yap_han/colcon_ws/install/explore_lite:/home/yap_han/colcon_ws/install/nav2_simple_commander:/home/yap_han/colcon_ws/install/auto_nav:/home/yap_han/install/auto_nav:/opt/ros/humble /usr/bin/cmake --build /home/yap_han/colcon_ws/build/turtlebot3_description -- -j18 -l18
[0.936s] Invoked command in '/home/yap_han/colcon_ws/build/turtlebot3_description' returned '0': CMAKE_PREFIX_PATH=${CMAKE_PREFIX_PATH}:/home/yap_han/colcon_ws/install/turtlebot3_teleop:/home/yap_han/colcon_ws/install/turtlebot3_example:/home/yap_han/colcon_ws/install/py_pubsub:/home/yap_han/colcon_ws/install/explore_lite:/home/yap_han/colcon_ws/install/nav2_simple_commander:/home/yap_han/colcon_ws/install/auto_nav:/home/yap_han/install/auto_nav:/opt/ros/humble /usr/bin/cmake --build /home/yap_han/colcon_ws/build/turtlebot3_description -- -j18 -l18
[0.939s] Invoking command in '/home/yap_han/colcon_ws/build/turtlebot3_description': CMAKE_PREFIX_PATH=${CMAKE_PREFIX_PATH}:/home/yap_han/colcon_ws/install/turtlebot3_teleop:/home/yap_han/colcon_ws/install/turtlebot3_example:/home/yap_han/colcon_ws/install/py_pubsub:/home/yap_han/colcon_ws/install/explore_lite:/home/yap_han/colcon_ws/install/nav2_simple_commander:/home/yap_han/colcon_ws/install/auto_nav:/home/yap_han/install/auto_nav:/opt/ros/humble /usr/bin/cmake --install /home/yap_han/colcon_ws/build/turtlebot3_description
[0.951s] -- Install configuration: ""
[0.951s] -- Installing: /home/yap_han/colcon_ws/install/turtlebot3_description/share/turtlebot3_description/meshes
[0.952s] -- Installing: /home/yap_han/colcon_ws/install/turtlebot3_description/share/turtlebot3_description/meshes/bases
[0.952s] -- Installing: /home/yap_han/colcon_ws/install/turtlebot3_description/share/turtlebot3_description/meshes/bases/waffle_pi_base.stl
[0.961s] -- Installing: /home/yap_han/colcon_ws/install/turtlebot3_description/share/turtlebot3_description/meshes/bases/burger_base.stl
[0.969s] -- Installing: /home/yap_han/colcon_ws/install/turtlebot3_description/share/turtlebot3_description/meshes/bases/waffle_base.stl
[0.994s] -- Installing: /home/yap_han/colcon_ws/install/turtlebot3_description/share/turtlebot3_description/meshes/sensors
[0.994s] -- Installing: /home/yap_han/colcon_ws/install/turtlebot3_description/share/turtlebot3_description/meshes/sensors/lds.stl
[0.996s] -- Installing: /home/yap_han/colcon_ws/install/turtlebot3_description/share/turtlebot3_description/meshes/sensors/r200.dae
[0.997s] -- Installing: /home/yap_han/colcon_ws/install/turtlebot3_description/share/turtlebot3_description/meshes/sensors/r200.jpg
[0.998s] -- Installing: /home/yap_han/colcon_ws/install/turtlebot3_description/share/turtlebot3_description/meshes/sensors/astra.dae
[1.009s] -- Installing: /home/yap_han/colcon_ws/install/turtlebot3_description/share/turtlebot3_description/meshes/sensors/astra.jpg
[1.009s] -- Installing: /home/yap_han/colcon_ws/install/turtlebot3_description/share/turtlebot3_description/meshes/wheels
[1.009s] -- Installing: /home/yap_han/colcon_ws/install/turtlebot3_description/share/turtlebot3_description/meshes/wheels/right_tire.stl
[1.010s] -- Installing: /home/yap_han/colcon_ws/install/turtlebot3_description/share/turtlebot3_description/meshes/wheels/left_tire.stl
[1.012s] -- Installing: /home/yap_han/colcon_ws/install/turtlebot3_description/share/turtlebot3_description/rviz
[1.012s] -- Installing: /home/yap_han/colcon_ws/install/turtlebot3_description/share/turtlebot3_description/rviz/model.rviz
[1.012s] -- Installing: /home/yap_han/colcon_ws/install/turtlebot3_description/share/turtlebot3_description/urdf
[1.012s] -- Installing: /home/yap_han/colcon_ws/install/turtlebot3_description/share/turtlebot3_description/urdf/turtlebot3_waffle.urdf
[1.012s] -- Installing: /home/yap_han/colcon_ws/install/turtlebot3_description/share/turtlebot3_description/urdf/turtlebot3_waffle_pi.urdf
[1.012s] -- Installing: /home/yap_han/colcon_ws/install/turtlebot3_description/share/turtlebot3_description/urdf/turtlebot3_burger.urdf
[1.013s] -- Installing: /home/yap_han/colcon_ws/install/turtlebot3_description/share/turtlebot3_description/urdf/common_properties.urdf
[1.013s] -- Installing: /home/yap_han/colcon_ws/install/turtlebot3_description/share/ament_index/resource_index/package_run_dependencies/turtlebot3_description
[1.013s] -- Installing: /home/yap_han/colcon_ws/install/turtlebot3_description/share/ament_index/resource_index/parent_prefix_path/turtlebot3_description
[1.013s] -- Installing: /home/yap_han/colcon_ws/install/turtlebot3_description/share/turtlebot3_description/environment/ament_prefix_path.sh
[1.013s] -- Installing: /home/yap_han/colcon_ws/install/turtlebot3_description/share/turtlebot3_description/environment/ament_prefix_path.dsv
[1.013s] -- Installing: /home/yap_han/colcon_ws/install/turtlebot3_description/share/turtlebot3_description/environment/path.sh
[1.013s] -- Installing: /home/yap_han/colcon_ws/install/turtlebot3_description/share/turtlebot3_description/environment/path.dsv
[1.014s] -- Installing: /home/yap_han/colcon_ws/install/turtlebot3_description/share/turtlebot3_description/local_setup.bash
[1.014s] -- Installing: /home/yap_han/colcon_ws/install/turtlebot3_description/share/turtlebot3_description/local_setup.sh
[1.014s] -- Installing: /home/yap_han/colcon_ws/install/turtlebot3_description/share/turtlebot3_description/local_setup.zsh
[1.014s] -- Installing: /home/yap_han/colcon_ws/install/turtlebot3_description/share/turtlebot3_description/local_setup.dsv
[1.014s] -- Installing: /home/yap_han/colcon_ws/install/turtlebot3_description/share/turtlebot3_description/package.dsv
[1.014s] -- Installing: /home/yap_han/colcon_ws/install/turtlebot3_description/share/ament_index/resource_index/packages/turtlebot3_description
[1.014s] -- Installing: /home/yap_han/colcon_ws/install/turtlebot3_description/share/turtlebot3_description/cmake/turtlebot3_descriptionConfig.cmake
[1.014s] -- Installing: /home/yap_han/colcon_ws/install/turtlebot3_description/share/turtlebot3_description/cmake/turtlebot3_descriptionConfig-version.cmake
[1.014s] -- Installing: /home/yap_han/colcon_ws/install/turtlebot3_description/share/turtlebot3_description/package.xml
[1.018s] Invoked command in '/home/yap_han/colcon_ws/build/turtlebot3_description' returned '0': CMAKE_PREFIX_PATH=${CMAKE_PREFIX_PATH}:/home/yap_han/colcon_ws/install/turtlebot3_teleop:/home/yap_han/colcon_ws/install/turtlebot3_example:/home/yap_han/colcon_ws/install/py_pubsub:/home/yap_han/colcon_ws/install/explore_lite:/home/yap_han/colcon_ws/install/nav2_simple_commander:/home/yap_han/colcon_ws/install/auto_nav:/home/yap_han/install/auto_nav:/opt/ros/humble /usr/bin/cmake --install /home/yap_han/colcon_ws/build/turtlebot3_description
