[0.051s] Invoking command in '/home/yap_han/colcon_ws/build/turtlebot3_description': CMAKE_PREFIX_PATH=${CMAKE_PREFIX_PATH}:/home/yap_han/colcon_ws/install/turtlebot3_teleop:/home/yap_han/colcon_ws/install/turtlebot3_example:/home/yap_han/colcon_ws/install/py_pubsub:/home/yap_han/colcon_ws/install/auto_nav:/home/yap_han/install/auto_nav:/opt/ros/humble /usr/bin/cmake --build /home/yap_han/colcon_ws/build/turtlebot3_description -- -j18 -l18
[0.418s] Invoked command in '/home/yap_han/colcon_ws/build/turtlebot3_description' returned '0': CMAKE_PREFIX_PATH=${CMAKE_PREFIX_PATH}:/home/yap_han/colcon_ws/install/turtlebot3_teleop:/home/yap_han/colcon_ws/install/turtlebot3_example:/home/yap_han/colcon_ws/install/py_pubsub:/home/yap_han/colcon_ws/install/auto_nav:/home/yap_han/install/auto_nav:/opt/ros/humble /usr/bin/cmake --build /home/yap_han/colcon_ws/build/turtlebot3_description -- -j18 -l18
[0.427s] Invoking command in '/home/yap_han/colcon_ws/build/turtlebot3_description': CMAKE_PREFIX_PATH=${CMAKE_PREFIX_PATH}:/home/yap_han/colcon_ws/install/turtlebot3_teleop:/home/yap_han/colcon_ws/install/turtlebot3_example:/home/yap_han/colcon_ws/install/py_pubsub:/home/yap_han/colcon_ws/install/auto_nav:/home/yap_han/install/auto_nav:/opt/ros/humble /usr/bin/cmake --install /home/yap_han/colcon_ws/build/turtlebot3_description
[0.568s] -- Install configuration: ""
[0.569s] -- Up-to-date: /home/yap_han/colcon_ws/install/turtlebot3_description/share/turtlebot3_description/meshes
[0.569s] -- Up-to-date: /home/yap_han/colcon_ws/install/turtlebot3_description/share/turtlebot3_description/meshes/bases
[0.569s] -- Up-to-date: /home/yap_han/colcon_ws/install/turtlebot3_description/share/turtlebot3_description/meshes/bases/waffle_pi_base.stl
[0.569s] -- Up-to-date: /home/yap_han/colcon_ws/install/turtlebot3_description/share/turtlebot3_description/meshes/bases/burger_base.stl
[0.569s] -- Up-to-date: /home/yap_han/colcon_ws/install/turtlebot3_description/share/turtlebot3_description/meshes/bases/waffle_base.stl
[0.569s] -- Up-to-date: /home/yap_han/colcon_ws/install/turtlebot3_description/share/turtlebot3_description/meshes/sensors
[0.570s] -- Up-to-date: /home/yap_han/colcon_ws/install/turtlebot3_description/share/turtlebot3_description/meshes/sensors/lds.stl
[0.570s] -- Up-to-date: /home/yap_han/colcon_ws/install/turtlebot3_description/share/turtlebot3_description/meshes/sensors/r200.dae
[0.570s] -- Up-to-date: /home/yap_han/colcon_ws/install/turtlebot3_description/share/turtlebot3_description/meshes/sensors/r200.jpg
[0.570s] -- Up-to-date: /home/yap_han/colcon_ws/install/turtlebot3_description/share/turtlebot3_description/meshes/sensors/astra.dae
[0.570s] -- Up-to-date: /home/yap_han/colcon_ws/install/turtlebot3_description/share/turtlebot3_description/meshes/sensors/astra.jpg
[0.570s] -- Up-to-date: /home/yap_han/colcon_ws/install/turtlebot3_description/share/turtlebot3_description/meshes/wheels
[0.570s] -- Up-to-date: /home/yap_han/colcon_ws/install/turtlebot3_description/share/turtlebot3_description/meshes/wheels/right_tire.stl
[0.570s] -- Up-to-date: /home/yap_han/colcon_ws/install/turtlebot3_description/share/turtlebot3_description/meshes/wheels/left_tire.stl
[0.570s] -- Up-to-date: /home/yap_han/colcon_ws/install/turtlebot3_description/share/turtlebot3_description/rviz
[0.570s] -- Up-to-date: /home/yap_han/colcon_ws/install/turtlebot3_description/share/turtlebot3_description/rviz/model.rviz
[0.570s] -- Up-to-date: /home/yap_han/colcon_ws/install/turtlebot3_description/share/turtlebot3_description/urdf
[0.571s] -- Up-to-date: /home/yap_han/colcon_ws/install/turtlebot3_description/share/turtlebot3_description/urdf/turtlebot3_waffle.urdf
[0.571s] -- Up-to-date: /home/yap_han/colcon_ws/install/turtlebot3_description/share/turtlebot3_description/urdf/turtlebot3_waffle_pi.urdf
[0.571s] -- Up-to-date: /home/yap_han/colcon_ws/install/turtlebot3_description/share/turtlebot3_description/urdf/turtlebot3_burger.urdf
[0.571s] -- Up-to-date: /home/yap_han/colcon_ws/install/turtlebot3_description/share/turtlebot3_description/urdf/common_properties.urdf
[0.571s] -- Up-to-date: /home/yap_han/colcon_ws/install/turtlebot3_description/share/ament_index/resource_index/package_run_dependencies/turtlebot3_description
[0.572s] -- Up-to-date: /home/yap_han/colcon_ws/install/turtlebot3_description/share/ament_index/resource_index/parent_prefix_path/turtlebot3_description
[0.572s] -- Up-to-date: /home/yap_han/colcon_ws/install/turtlebot3_description/share/turtlebot3_description/environment/ament_prefix_path.sh
[0.572s] -- Up-to-date: /home/yap_han/colcon_ws/install/turtlebot3_description/share/turtlebot3_description/environment/ament_prefix_path.dsv
[0.572s] -- Up-to-date: /home/yap_han/colcon_ws/install/turtlebot3_description/share/turtlebot3_description/environment/path.sh
[0.572s] -- Up-to-date: /home/yap_han/colcon_ws/install/turtlebot3_description/share/turtlebot3_description/environment/path.dsv
[0.572s] -- Up-to-date: /home/yap_han/colcon_ws/install/turtlebot3_description/share/turtlebot3_description/local_setup.bash
[0.572s] -- Up-to-date: /home/yap_han/colcon_ws/install/turtlebot3_description/share/turtlebot3_description/local_setup.sh
[0.572s] -- Up-to-date: /home/yap_han/colcon_ws/install/turtlebot3_description/share/turtlebot3_description/local_setup.zsh
[0.572s] -- Up-to-date: /home/yap_han/colcon_ws/install/turtlebot3_description/share/turtlebot3_description/local_setup.dsv
[0.572s] -- Installing: /home/yap_han/colcon_ws/install/turtlebot3_description/share/turtlebot3_description/package.dsv
[0.572s] -- Up-to-date: /home/yap_han/colcon_ws/install/turtlebot3_description/share/ament_index/resource_index/packages/turtlebot3_description
[0.572s] -- Up-to-date: /home/yap_han/colcon_ws/install/turtlebot3_description/share/turtlebot3_description/cmake/turtlebot3_descriptionConfig.cmake
[0.573s] -- Up-to-date: /home/yap_han/colcon_ws/install/turtlebot3_description/share/turtlebot3_description/cmake/turtlebot3_descriptionConfig-version.cmake
[0.573s] -- Up-to-date: /home/yap_han/colcon_ws/install/turtlebot3_description/share/turtlebot3_description/package.xml
[0.602s] Invoked command in '/home/yap_han/colcon_ws/build/turtlebot3_description' returned '0': CMAKE_PREFIX_PATH=${CMAKE_PREFIX_PATH}:/home/yap_han/colcon_ws/install/turtlebot3_teleop:/home/yap_han/colcon_ws/install/turtlebot3_example:/home/yap_han/colcon_ws/install/py_pubsub:/home/yap_han/colcon_ws/install/auto_nav:/home/yap_han/install/auto_nav:/opt/ros/humble /usr/bin/cmake --install /home/yap_han/colcon_ws/build/turtlebot3_description
